2016/Feb/16 11:14:07.309603 EXECUTOR - TTCN-3 Parallel Test Component started on aitorkun-HP-EliteBook-2530p. Component reference: NodeC(70), component type: LibItsGeoNetworking_TestSystem.ItsGeoNetworking, component name: NodeC. Version: CRL 113 200/5 R4A.
2016/Feb/16 11:14:07.309694 EXECUTOR - TTCN Logger v2.2 options: TimeStampFormat:=DateTime; LogEntityName:=No; LogEventTypes:=Yes; SourceInfoFormat:=Single; *.FileMask:=LOG_ALL | MATCHING | DEBUG; *.ConsoleMask:=ERROR | TESTCASE | STATISTICS | USER | VERDICTOP | WARNING | DEBUG; LogFileSize:=0; LogFileNumber:=1; DiskFullAction:=Error
2016/Feb/16 11:14:07.309879 EXECUTOR - Connected to MC.
2016/Feb/16 11:14:07.310444 PARALLEL - Initializing variables, timers and ports of component type LibItsGeoNetworking_TestSystem.ItsGeoNetworking inside testcase TC_GEONW_PON_GBC_BO_19.
2016/Feb/16 11:14:07.310680 WARNING - Warning: Test port parameter TRI_mapper_address is not supported on port syncPort.
2016/Feb/16 11:14:07.310899 WARNING - Warning: Test port parameter TRI_mapper_address is not supported on port syncSendPort.
2016/Feb/16 11:14:07.312444 WARNING - Warning: Test port parameter TRI_mapper_port is not supported on port syncPort.
2016/Feb/16 11:14:07.312644 WARNING - Warning: Test port parameter TRI_mapper_port is not supported on port syncSendPort.
2016/Feb/16 11:14:07.312845 PORTEVENT - Port syncPort was started.
2016/Feb/16 11:14:07.313507 PORTEVENT - Port syncSendPort was started.
2016/Feb/16 11:14:07.314771 ERROR - Dynamic test case error: TRI_mapper_connection: can not connect 104 Connection reset by peer (Connection reset by peer)
2016/Feb/16 11:14:07.314817 VERDICTOP - setverdict(error): none -> error
2016/Feb/16 11:14:07.314864 EXECUTOR - Performing error recovery.
2016/Feb/16 11:14:07.315049 EXECUTOR - Component type initialization failed. PTC terminates.
2016/Feb/16 11:14:07.315070 PARALLEL - Terminating component type LibItsGeoNetworking_TestSystem.ItsGeoNetworking.
2016/Feb/16 11:14:07.315089 PORTEVENT - Port syncPort was stopped.
2016/Feb/16 11:14:07.315105 PORTEVENT - Port syncSendPort was stopped.
2016/Feb/16 11:14:07.315128 PARALLEL - Component type LibItsGeoNetworking_TestSystem.ItsGeoNetworking was shut down inside testcase TC_GEONW_PON_GBC_BO_19.
2016/Feb/16 11:14:07.315166 VERDICTOP - Final verdict of PTC: error
2016/Feb/16 11:14:07.315396 EXECUTOR - Disconnected from MC.
2016/Feb/16 11:14:07.315416 EXECUTOR - TTCN-3 Parallel Test Component finished.
