2016/Feb/16 11:08:48.958538 EXECUTOR - TTCN-3 Parallel Test Component started on aitorkun-HP-EliteBook-2530p. Component reference: NodeB(15), component type: LibItsGeoNetworking_TestSystem.ItsGeoNetworking, component name: NodeB. Version: CRL 113 200/5 R4A.
2016/Feb/16 11:08:48.958628 EXECUTOR - TTCN Logger v2.2 options: TimeStampFormat:=DateTime; LogEntityName:=No; LogEventTypes:=Yes; SourceInfoFormat:=Single; *.FileMask:=LOG_ALL | MATCHING | DEBUG; *.ConsoleMask:=ERROR | TESTCASE | STATISTICS | USER | VERDICTOP | WARNING | DEBUG; LogFileSize:=0; LogFileNumber:=1; DiskFullAction:=Error
2016/Feb/16 11:08:48.958745 EXECUTOR - Connected to MC.
2016/Feb/16 11:08:48.958797 PARALLEL - Initializing variables, timers and ports of component type LibItsGeoNetworking_TestSystem.ItsGeoNetworking inside testcase TC_GEONW_PON_FPB_BV_03.
2016/Feb/16 11:08:48.959434 WARNING - Warning: Test port parameter TRI_mapper_address is not supported on port syncPort.
2016/Feb/16 11:08:48.959483 WARNING - Warning: Test port parameter TRI_mapper_address is not supported on port syncSendPort.
2016/Feb/16 11:08:48.959545 WARNING - Warning: Test port parameter TRI_mapper_port is not supported on port syncPort.
2016/Feb/16 11:08:48.959584 WARNING - Warning: Test port parameter TRI_mapper_port is not supported on port syncSendPort.
2016/Feb/16 11:08:48.959622 PORTEVENT - Port syncPort was started.
2016/Feb/16 11:08:48.959661 PORTEVENT - Port syncSendPort was started.
2016/Feb/16 11:08:48.960100 DEBUG - TRI_encode(): Encoding @TRI_interface_Types.TRI_mapper_PDU: { msg_id := 0, msg := { reg := { portid := { portName := "utPort", portTypeName := "GeoNetworkingPort", component_ := { componentId := '0000000F'O, componentName := "NodeB", componentTypeName := "N/A" }, portindex := omit }, type_list := omit } } }
2016/Feb/16 11:08:48.960197 DEBUG - TRI_encode(): Stream after encoding: '7B226D73675F6964223A302C226D7367223A7B22726567223A7B22706F72746964223A7B22706F72744E616D65223A227574506F7274222C22706F7274547970654E616D65223A2247656F4E6574776F726B696E67506F7274222C22636F6D706F6E656E745F223A7B22636F6D706F6E656E744964223A223030303030303046222C22636F6D706F6E656E744E616D65223A224E6F646542222C22636F6D706F6E656E74547970654E616D65223A224E2F41227D7D7D7D7D'O ("{\"msg_id\":0,\"msg\":{\"reg\":{\"portid\":{\"portName\":\"utPort\",\"portTypeName\":\"GeoNetworkingPort\",\"component_\":{\"componentId\":\"0000000F\",\"componentName\":\"NodeB\",\"componentTypeName\":\"N/A\"}}}}}")
2016/Feb/16 11:08:48.964659 DEBUG - TRI_decode(): Stream before decoding: '7B226D7367223A7B22726573756C74223A7B22726573756C74223A225452495F6F6B227D7D2C226D73675F6964223A307D'O ("{\"msg\":{\"result\":{\"result\":\"TRI_ok\"}},\"msg_id\":0}")
2016/Feb/16 11:08:48.964776 DEBUG - TRI_decode(): Decoded @TRI_interface_Types.TRI_mapper_PDU: { msg_id := 0, msg := { result := { result := TRI_ok (0), result_string := omit } } }
2016/Feb/16 11:08:48.964849 PORTEVENT - Port utPort was started.
2016/Feb/16 11:08:48.965198 DEBUG - TRI_encode(): Encoding @TRI_interface_Types.TRI_mapper_PDU: { msg_id := 0, msg := { reg := { portid := { portName := "acPort", portTypeName := "<port type name>", component_ := { componentId := '0000000F'O, componentName := "NodeB", componentTypeName := "N/A" }, portindex := omit }, type_list := omit } } }
2016/Feb/16 11:08:48.965284 DEBUG - TRI_encode(): Stream after encoding: '7B226D73675F6964223A302C226D7367223A7B22726567223A7B22706F72746964223A7B22706F72744E616D65223A226163506F7274222C22706F7274547970654E616D65223A223C706F72742074797065206E616D653E222C22636F6D706F6E656E745F223A7B22636F6D706F6E656E744964223A223030303030303046222C22636F6D706F6E656E744E616D65223A224E6F646542222C22636F6D706F6E656E74547970654E616D65223A224E2F41227D7D7D7D7D'O ("{\"msg_id\":0,\"msg\":{\"reg\":{\"portid\":{\"portName\":\"acPort\",\"portTypeName\":\"<port type name>\",\"component_\":{\"componentId\":\"0000000F\",\"componentName\":\"NodeB\",\"componentTypeName\":\"N/A\"}}}}}")
2016/Feb/16 11:08:48.966123 DEBUG - TRI_decode(): Stream before decoding: '7B226D7367223A7B22726573756C74223A7B22726573756C74223A225452495F6F6B227D7D2C226D73675F6964223A307D'O ("{\"msg\":{\"result\":{\"result\":\"TRI_ok\"}},\"msg_id\":0}")
2016/Feb/16 11:08:48.966205 DEBUG - TRI_decode(): Decoded @TRI_interface_Types.TRI_mapper_PDU: { msg_id := 0, msg := { result := { result := TRI_ok (0), result_string := omit } } }
2016/Feb/16 11:08:48.966270 PORTEVENT - Port acPort was started.
2016/Feb/16 11:08:48.966510 DEBUG - TRI_encode(): Encoding @TRI_interface_Types.TRI_mapper_PDU: { msg_id := 0, msg := { reg := { portid := { portName := "geoNetworkingPort", portTypeName := "GeoNetworkingPort", component_ := { componentId := '0000000F'O, componentName := "NodeB", componentTypeName := "N/A" }, portindex := omit }, type_list := omit } } }
2016/Feb/16 11:08:48.966594 DEBUG - TRI_encode(): Stream after encoding: '7B226D73675F6964223A302C226D7367223A7B22726567223A7B22706F72746964223A7B22706F72744E616D65223A2267656F4E6574776F726B696E67506F7274222C22706F7274547970654E616D65223A2247656F4E6574776F726B696E67506F7274222C22636F6D706F6E656E745F223A7B22636F6D706F6E656E744964223A223030303030303046222C22636F6D706F6E656E744E616D65223A224E6F646542222C22636F6D706F6E656E74547970654E616D65223A224E2F41227D7D7D7D7D'O ("{\"msg_id\":0,\"msg\":{\"reg\":{\"portid\":{\"portName\":\"geoNetworkingPort\",\"portTypeName\":\"GeoNetworkingPort\",\"component_\":{\"componentId\":\"0000000F\",\"componentName\":\"NodeB\",\"componentTypeName\":\"N/A\"}}}}}")
2016/Feb/16 11:08:48.967352 DEBUG - TRI_decode(): Stream before decoding: '7B226D7367223A7B22726573756C74223A7B22726573756C74223A225452495F6F6B227D7D2C226D73675F6964223A307D'O ("{\"msg\":{\"result\":{\"result\":\"TRI_ok\"}},\"msg_id\":0}")
2016/Feb/16 11:08:48.967424 DEBUG - TRI_decode(): Decoded @TRI_interface_Types.TRI_mapper_PDU: { msg_id := 0, msg := { result := { result := TRI_ok (0), result_string := omit } } }
2016/Feb/16 11:08:48.967488 PORTEVENT - Port geoNetworkingPort was started.
2016/Feb/16 11:08:48.967510 PARALLEL - Component type LibItsGeoNetworking_TestSystem.ItsGeoNetworking was initialized.
2016/Feb/16 11:08:49.042884 DEBUG - TRI_encode(): Encoding @TRI_interface_Types.TRI_mapper_PDU: { msg_id := 1, msg := { mapped := { portid := { portName := "acPort", portTypeName := "<port type name>", component_ := { componentId := '00000001'O, componentName := "System", componentTypeName := "N/A" }, portindex := omit } } } }
2016/Feb/16 11:08:49.042967 DEBUG - TRI_encode(): Stream after encoding: '7B226D73675F6964223A312C226D7367223A7B226D6170706564223A7B22706F72746964223A7B22706F72744E616D65223A226163506F7274222C22706F7274547970654E616D65223A223C706F72742074797065206E616D653E222C22636F6D706F6E656E745F223A7B22636F6D706F6E656E744964223A223030303030303031222C22636F6D706F6E656E744E616D65223A2253797374656D222C22636F6D706F6E656E74547970654E616D65223A224E2F41227D7D7D7D7D'O ("{\"msg_id\":1,\"msg\":{\"mapped\":{\"portid\":{\"portName\":\"acPort\",\"portTypeName\":\"<port type name>\",\"component_\":{\"componentId\":\"00000001\",\"componentName\":\"System\",\"componentTypeName\":\"N/A\"}}}}}")
2016/Feb/16 11:08:49.081489 DEBUG - TRI_decode(): Stream before decoding: '7B226D7367223A7B22726573756C74223A7B22726573756C74223A225452495F6F6B227D7D2C226D73675F6964223A317D'O ("{\"msg\":{\"result\":{\"result\":\"TRI_ok\"}},\"msg_id\":1}")
2016/Feb/16 11:08:49.081625 DEBUG - TRI_decode(): Decoded @TRI_interface_Types.TRI_mapper_PDU: { msg_id := 1, msg := { result := { result := TRI_ok (0), result_string := omit } } }
2016/Feb/16 11:08:49.081680 PORTEVENT - Port acPort was mapped to system:acPort.
2016/Feb/16 11:08:49.081968 DEBUG - TRI_encode(): Encoding @TRI_interface_Types.TRI_mapper_PDU: { msg_id := 1, msg := { mapped := { portid := { portName := "utPort", portTypeName := "GeoNetworkingPort", component_ := { componentId := '00000001'O, componentName := "System", componentTypeName := "N/A" }, portindex := omit } } } }
2016/Feb/16 11:08:49.082035 DEBUG - TRI_encode(): Stream after encoding: '7B226D73675F6964223A312C226D7367223A7B226D6170706564223A7B22706F72746964223A7B22706F72744E616D65223A227574506F7274222C22706F7274547970654E616D65223A2247656F4E6574776F726B696E67506F7274222C22636F6D706F6E656E745F223A7B22636F6D706F6E656E744964223A223030303030303031222C22636F6D706F6E656E744E616D65223A2253797374656D222C22636F6D706F6E656E74547970654E616D65223A224E2F41227D7D7D7D7D'O ("{\"msg_id\":1,\"msg\":{\"mapped\":{\"portid\":{\"portName\":\"utPort\",\"portTypeName\":\"GeoNetworkingPort\",\"component_\":{\"componentId\":\"00000001\",\"componentName\":\"System\",\"componentTypeName\":\"N/A\"}}}}}")
2016/Feb/16 11:08:49.122676 DEBUG - TRI_decode(): Stream before decoding: '7B226D7367223A7B22726573756C74223A7B22726573756C74223A225452495F6F6B227D7D2C226D73675F6964223A317D'O ("{\"msg\":{\"result\":{\"result\":\"TRI_ok\"}},\"msg_id\":1}")
2016/Feb/16 11:08:49.122798 DEBUG - TRI_decode(): Decoded @TRI_interface_Types.TRI_mapper_PDU: { msg_id := 1, msg := { result := { result := TRI_ok (0), result_string := omit } } }
2016/Feb/16 11:08:49.122853 PORTEVENT - Port utPort was mapped to system:utPort.
2016/Feb/16 11:08:49.123261 DEBUG - TRI_encode(): Encoding @TRI_interface_Types.TRI_mapper_PDU: { msg_id := 1, msg := { mapped := { portid := { portName := "geoNetworkingPort", portTypeName := "GeoNetworkingPort", component_ := { componentId := '00000001'O, componentName := "System", componentTypeName := "N/A" }, portindex := omit } } } }
2016/Feb/16 11:08:49.123343 DEBUG - TRI_encode(): Stream after encoding: '7B226D73675F6964223A312C226D7367223A7B226D6170706564223A7B22706F72746964223A7B22706F72744E616D65223A2267656F4E6574776F726B696E67506F7274222C22706F7274547970654E616D65223A2247656F4E6574776F726B696E67506F7274222C22636F6D706F6E656E745F223A7B22636F6D706F6E656E744964223A223030303030303031222C22636F6D706F6E656E744E616D65223A2253797374656D222C22636F6D706F6E656E74547970654E616D65223A224E2F41227D7D7D7D7D'O ("{\"msg_id\":1,\"msg\":{\"mapped\":{\"portid\":{\"portName\":\"geoNetworkingPort\",\"portTypeName\":\"GeoNetworkingPort\",\"component_\":{\"componentId\":\"00000001\",\"componentName\":\"System\",\"componentTypeName\":\"N/A\"}}}}}")
2016/Feb/16 11:08:49.186072 DEBUG - TRI_decode(): Stream before decoding: '7B226D7367223A7B22726573756C74223A7B22726573756C74223A225452495F6F6B227D7D2C226D73675F6964223A317D'O ("{\"msg\":{\"result\":{\"result\":\"TRI_ok\"}},\"msg_id\":1}")
2016/Feb/16 11:08:49.186193 DEBUG - TRI_decode(): Decoded @TRI_interface_Types.TRI_mapper_PDU: { msg_id := 1, msg := { result := { result := TRI_ok (0), result_string := omit } } }
2016/Feb/16 11:08:49.186248 PORTEVENT - Port geoNetworkingPort was mapped to system:geoNetworkingPort.
2016/Feb/16 11:08:49.186699 PORTEVENT - Port syncPort has established the connection with mtc:syncPort using transport type UNIX.
2016/Feb/16 11:08:49.187280 PORTEVENT - Connection of port syncPort to mtc:syncPort was closed unexpectedly by the peer.
2016/Feb/16 11:08:49.187307 PORTEVENT - Port syncPort was disconnected from mtc:syncPort.
2016/Feb/16 11:08:49.346962 PARALLEL - Kill was requested from MC. Terminating idle PTC.
2016/Feb/16 11:08:49.347037 PARALLEL - Terminating component type LibItsGeoNetworking_TestSystem.ItsGeoNetworking.
2016/Feb/16 11:08:49.347079 PORTEVENT - Port syncPort was stopped.
2016/Feb/16 11:08:49.347115 PORTEVENT - Port syncSendPort was stopped.
2016/Feb/16 11:08:49.347148 PORTEVENT - Removing unterminated mapping between port utPort and system:utPort.
2016/Feb/16 11:08:49.347193 DEBUG - TRI_encode(): Encoding @TRI_interface_Types.TRI_mapper_PDU: { msg_id := 2, msg := { unmapped := { } } }
2016/Feb/16 11:08:49.347310 DEBUG - TRI_encode(): Stream after encoding: '7B226D73675F6964223A322C226D7367223A7B22756E6D6170706564223A7B7D7D7D'O ("{\"msg_id\":2,\"msg\":{\"unmapped\":{}}}")
2016/Feb/16 11:08:49.386632 DEBUG - TRI_decode(): Stream before decoding: '7B226D7367223A7B22726573756C74223A7B22726573756C74223A225452495F6F6B227D7D2C226D73675F6964223A327D'O ("{\"msg\":{\"result\":{\"result\":\"TRI_ok\"}},\"msg_id\":2}")
2016/Feb/16 11:08:49.386855 DEBUG - TRI_decode(): Decoded @TRI_interface_Types.TRI_mapper_PDU: { msg_id := 2, msg := { result := { result := TRI_ok (0), result_string := omit } } }
2016/Feb/16 11:08:49.386963 PORTEVENT - Port utPort was unmapped from system:utPort.
2016/Feb/16 11:08:49.387073 DEBUG - TRI_encode(): Encoding @TRI_interface_Types.TRI_mapper_PDU: { msg_id := 3, msg := { unregister := { } } }
2016/Feb/16 11:08:49.387169 DEBUG - TRI_encode(): Stream after encoding: '7B226D73675F6964223A332C226D7367223A7B22756E7265676973746572223A7B7D7D7D'O ("{\"msg_id\":3,\"msg\":{\"unregister\":{}}}")
2016/Feb/16 11:08:49.425888 DEBUG - TRI_decode(): Stream before decoding: '7B226D7367223A7B22726573756C74223A7B22726573756C74223A225452495F6F6B227D7D2C226D73675F6964223A337D'O ("{\"msg\":{\"result\":{\"result\":\"TRI_ok\"}},\"msg_id\":3}")
2016/Feb/16 11:08:49.426133 DEBUG - TRI_decode(): Decoded @TRI_interface_Types.TRI_mapper_PDU: { msg_id := 3, msg := { result := { result := TRI_ok (0), result_string := omit } } }
2016/Feb/16 11:08:49.426300 PORTEVENT - Port utPort was stopped.
2016/Feb/16 11:08:49.426352 PORTEVENT - Removing unterminated mapping between port acPort and system:acPort.
2016/Feb/16 11:08:49.426396 DEBUG - TRI_encode(): Encoding @TRI_interface_Types.TRI_mapper_PDU: { msg_id := 2, msg := { unmapped := { } } }
2016/Feb/16 11:08:49.426493 DEBUG - TRI_encode(): Stream after encoding: '7B226D73675F6964223A322C226D7367223A7B22756E6D6170706564223A7B7D7D7D'O ("{\"msg_id\":2,\"msg\":{\"unmapped\":{}}}")
2016/Feb/16 11:08:49.465843 DEBUG - TRI_decode(): Stream before decoding: '7B226D7367223A7B22726573756C74223A7B22726573756C74223A225452495F6F6B227D7D2C226D73675F6964223A327D'O ("{\"msg\":{\"result\":{\"result\":\"TRI_ok\"}},\"msg_id\":2}")
2016/Feb/16 11:08:49.465976 DEBUG - TRI_decode(): Decoded @TRI_interface_Types.TRI_mapper_PDU: { msg_id := 2, msg := { result := { result := TRI_ok (0), result_string := omit } } }
2016/Feb/16 11:08:49.466038 PORTEVENT - Port acPort was unmapped from system:acPort.
2016/Feb/16 11:08:49.466082 DEBUG - TRI_encode(): Encoding @TRI_interface_Types.TRI_mapper_PDU: { msg_id := 3, msg := { unregister := { } } }
2016/Feb/16 11:08:49.466127 DEBUG - TRI_encode(): Stream after encoding: '7B226D73675F6964223A332C226D7367223A7B22756E7265676973746572223A7B7D7D7D'O ("{\"msg_id\":3,\"msg\":{\"unregister\":{}}}")
2016/Feb/16 11:08:49.505846 DEBUG - TRI_decode(): Stream before decoding: '7B226D7367223A7B22726573756C74223A7B22726573756C74223A225452495F6F6B227D7D2C226D73675F6964223A337D'O ("{\"msg\":{\"result\":{\"result\":\"TRI_ok\"}},\"msg_id\":3}")
2016/Feb/16 11:08:49.506082 DEBUG - TRI_decode(): Decoded @TRI_interface_Types.TRI_mapper_PDU: { msg_id := 3, msg := { result := { result := TRI_ok (0), result_string := omit } } }
2016/Feb/16 11:08:49.506251 PORTEVENT - Port acPort was stopped.
2016/Feb/16 11:08:49.506302 PORTEVENT - Removing unterminated mapping between port geoNetworkingPort and system:geoNetworkingPort.
2016/Feb/16 11:08:49.506348 DEBUG - TRI_encode(): Encoding @TRI_interface_Types.TRI_mapper_PDU: { msg_id := 2, msg := { unmapped := { } } }
2016/Feb/16 11:08:49.506451 DEBUG - TRI_encode(): Stream after encoding: '7B226D73675F6964223A322C226D7367223A7B22756E6D6170706564223A7B7D7D7D'O ("{\"msg_id\":2,\"msg\":{\"unmapped\":{}}}")
2016/Feb/16 11:08:49.561971 DEBUG - TRI_decode(): Stream before decoding: '7B226D7367223A7B22726573756C74223A7B22726573756C74223A225452495F6F6B227D7D2C226D73675F6964223A327D'O ("{\"msg\":{\"result\":{\"result\":\"TRI_ok\"}},\"msg_id\":2}")
2016/Feb/16 11:08:49.562210 DEBUG - TRI_decode(): Decoded @TRI_interface_Types.TRI_mapper_PDU: { msg_id := 2, msg := { result := { result := TRI_ok (0), result_string := omit } } }
2016/Feb/16 11:08:49.562320 PORTEVENT - Port geoNetworkingPort was unmapped from system:geoNetworkingPort.
2016/Feb/16 11:08:49.562408 DEBUG - TRI_encode(): Encoding @TRI_interface_Types.TRI_mapper_PDU: { msg_id := 3, msg := { unregister := { } } }
2016/Feb/16 11:08:49.562502 DEBUG - TRI_encode(): Stream after encoding: '7B226D73675F6964223A332C226D7367223A7B22756E7265676973746572223A7B7D7D7D'O ("{\"msg_id\":3,\"msg\":{\"unregister\":{}}}")
2016/Feb/16 11:08:49.601708 DEBUG - TRI_decode(): Stream before decoding: '7B226D7367223A7B22726573756C74223A7B22726573756C74223A225452495F6F6B227D7D2C226D73675F6964223A337D'O ("{\"msg\":{\"result\":{\"result\":\"TRI_ok\"}},\"msg_id\":3}")
2016/Feb/16 11:08:49.601975 DEBUG - TRI_decode(): Decoded @TRI_interface_Types.TRI_mapper_PDU: { msg_id := 3, msg := { result := { result := TRI_ok (0), result_string := omit } } }
2016/Feb/16 11:08:49.602143 PORTEVENT - Port geoNetworkingPort was stopped.
2016/Feb/16 11:08:49.602195 PARALLEL - Component type LibItsGeoNetworking_TestSystem.ItsGeoNetworking was shut down inside testcase TC_GEONW_PON_FPB_BV_03.
2016/Feb/16 11:08:49.602277 VERDICTOP - Final verdict of PTC: none
2016/Feb/16 11:08:49.603077 EXECUTOR - Disconnected from MC.
2016/Feb/16 11:08:49.604540 EXECUTOR - TTCN-3 Parallel Test Component finished.
