2016/Feb/16 11:11:06.705932 EXECUTOR - TTCN-3 Parallel Test Component started on aitorkun-HP-EliteBook-2530p. Component reference: NodeC(55), component type: LibItsGeoNetworking_TestSystem.ItsGeoNetworking, component name: NodeC. Version: CRL 113 200/5 R4A.
2016/Feb/16 11:11:06.706013 EXECUTOR - TTCN Logger v2.2 options: TimeStampFormat:=DateTime; LogEntityName:=No; LogEventTypes:=Yes; SourceInfoFormat:=Single; *.FileMask:=LOG_ALL | MATCHING | DEBUG; *.ConsoleMask:=ERROR | TESTCASE | STATISTICS | USER | VERDICTOP | WARNING | DEBUG; LogFileSize:=0; LogFileNumber:=1; DiskFullAction:=Error
2016/Feb/16 11:11:06.706238 EXECUTOR - Connected to MC.
2016/Feb/16 11:11:06.706291 PARALLEL - Initializing variables, timers and ports of component type LibItsGeoNetworking_TestSystem.ItsGeoNetworking inside testcase TC_GEONW_PON_GUC_BO_12.
2016/Feb/16 11:11:06.706505 WARNING - Warning: Test port parameter TRI_mapper_address is not supported on port syncPort.
2016/Feb/16 11:11:06.706543 WARNING - Warning: Test port parameter TRI_mapper_address is not supported on port syncSendPort.
2016/Feb/16 11:11:06.706593 WARNING - Warning: Test port parameter TRI_mapper_port is not supported on port syncPort.
2016/Feb/16 11:11:06.706626 WARNING - Warning: Test port parameter TRI_mapper_port is not supported on port syncSendPort.
2016/Feb/16 11:11:06.706659 PORTEVENT - Port syncPort was started.
2016/Feb/16 11:11:06.706693 PORTEVENT - Port syncSendPort was started.
2016/Feb/16 11:11:06.707086 DEBUG - TRI_encode(): Encoding @TRI_interface_Types.TRI_mapper_PDU: { msg_id := 0, msg := { reg := { portid := { portName := "utPort", portTypeName := "GeoNetworkingPort", component_ := { componentId := '00000037'O, componentName := "NodeC", componentTypeName := "N/A" }, portindex := omit }, type_list := omit } } }
2016/Feb/16 11:11:06.707206 DEBUG - TRI_encode(): Stream after encoding: '7B226D73675F6964223A302C226D7367223A7B22726567223A7B22706F72746964223A7B22706F72744E616D65223A227574506F7274222C22706F7274547970654E616D65223A2247656F4E6574776F726B696E67506F7274222C22636F6D706F6E656E745F223A7B22636F6D706F6E656E744964223A223030303030303337222C22636F6D706F6E656E744E616D65223A224E6F646543222C22636F6D706F6E656E74547970654E616D65223A224E2F41227D7D7D7D7D'O ("{\"msg_id\":0,\"msg\":{\"reg\":{\"portid\":{\"portName\":\"utPort\",\"portTypeName\":\"GeoNetworkingPort\",\"component_\":{\"componentId\":\"00000037\",\"componentName\":\"NodeC\",\"componentTypeName\":\"N/A\"}}}}}")
2016/Feb/16 11:11:06.708331 DEBUG - TRI_decode(): Stream before decoding: '7B226D7367223A7B22726573756C74223A7B22726573756C74223A225452495F6F6B227D7D2C226D73675F6964223A307D'O ("{\"msg\":{\"result\":{\"result\":\"TRI_ok\"}},\"msg_id\":0}")
2016/Feb/16 11:11:06.708485 DEBUG - TRI_decode(): Decoded @TRI_interface_Types.TRI_mapper_PDU: { msg_id := 0, msg := { result := { result := TRI_ok (0), result_string := omit } } }
2016/Feb/16 11:11:06.708559 PORTEVENT - Port utPort was started.
2016/Feb/16 11:11:06.708784 DEBUG - TRI_encode(): Encoding @TRI_interface_Types.TRI_mapper_PDU: { msg_id := 0, msg := { reg := { portid := { portName := "acPort", portTypeName := "<port type name>", component_ := { componentId := '00000037'O, componentName := "NodeC", componentTypeName := "N/A" }, portindex := omit }, type_list := omit } } }
2016/Feb/16 11:11:06.709040 DEBUG - TRI_encode(): Stream after encoding: '7B226D73675F6964223A302C226D7367223A7B22726567223A7B22706F72746964223A7B22706F72744E616D65223A226163506F7274222C22706F7274547970654E616D65223A223C706F72742074797065206E616D653E222C22636F6D706F6E656E745F223A7B22636F6D706F6E656E744964223A223030303030303337222C22636F6D706F6E656E744E616D65223A224E6F646543222C22636F6D706F6E656E74547970654E616D65223A224E2F41227D7D7D7D7D'O ("{\"msg_id\":0,\"msg\":{\"reg\":{\"portid\":{\"portName\":\"acPort\",\"portTypeName\":\"<port type name>\",\"component_\":{\"componentId\":\"00000037\",\"componentName\":\"NodeC\",\"componentTypeName\":\"N/A\"}}}}}")
2016/Feb/16 11:11:06.710406 DEBUG - TRI_decode(): Stream before decoding: '7B226D7367223A7B22726573756C74223A7B22726573756C74223A225452495F6F6B227D7D2C226D73675F6964223A307D'O ("{\"msg\":{\"result\":{\"result\":\"TRI_ok\"}},\"msg_id\":0}")
2016/Feb/16 11:11:06.710492 DEBUG - TRI_decode(): Decoded @TRI_interface_Types.TRI_mapper_PDU: { msg_id := 0, msg := { result := { result := TRI_ok (0), result_string := omit } } }
2016/Feb/16 11:11:06.710543 PORTEVENT - Port acPort was started.
2016/Feb/16 11:11:06.710766 DEBUG - TRI_encode(): Encoding @TRI_interface_Types.TRI_mapper_PDU: { msg_id := 0, msg := { reg := { portid := { portName := "geoNetworkingPort", portTypeName := "GeoNetworkingPort", component_ := { componentId := '00000037'O, componentName := "NodeC", componentTypeName := "N/A" }, portindex := omit }, type_list := omit } } }
2016/Feb/16 11:11:06.710840 DEBUG - TRI_encode(): Stream after encoding: '7B226D73675F6964223A302C226D7367223A7B22726567223A7B22706F72746964223A7B22706F72744E616D65223A2267656F4E6574776F726B696E67506F7274222C22706F7274547970654E616D65223A2247656F4E6574776F726B696E67506F7274222C22636F6D706F6E656E745F223A7B22636F6D706F6E656E744964223A223030303030303337222C22636F6D706F6E656E744E616D65223A224E6F646543222C22636F6D706F6E656E74547970654E616D65223A224E2F41227D7D7D7D7D'O ("{\"msg_id\":0,\"msg\":{\"reg\":{\"portid\":{\"portName\":\"geoNetworkingPort\",\"portTypeName\":\"GeoNetworkingPort\",\"component_\":{\"componentId\":\"00000037\",\"componentName\":\"NodeC\",\"componentTypeName\":\"N/A\"}}}}}")
2016/Feb/16 11:11:06.711400 DEBUG - TRI_decode(): Stream before decoding: '7B226D7367223A7B22726573756C74223A7B22726573756C74223A225452495F6F6B227D7D2C226D73675F6964223A307D'O ("{\"msg\":{\"result\":{\"result\":\"TRI_ok\"}},\"msg_id\":0}")
2016/Feb/16 11:11:06.711470 DEBUG - TRI_decode(): Decoded @TRI_interface_Types.TRI_mapper_PDU: { msg_id := 0, msg := { result := { result := TRI_ok (0), result_string := omit } } }
2016/Feb/16 11:11:06.711526 PORTEVENT - Port geoNetworkingPort was started.
2016/Feb/16 11:11:06.711544 PARALLEL - Component type LibItsGeoNetworking_TestSystem.ItsGeoNetworking was initialized.
2016/Feb/16 11:11:06.941464 DEBUG - TRI_encode(): Encoding @TRI_interface_Types.TRI_mapper_PDU: { msg_id := 1, msg := { mapped := { portid := { portName := "acPort", portTypeName := "<port type name>", component_ := { componentId := '00000001'O, componentName := "System", componentTypeName := "N/A" }, portindex := omit } } } }
2016/Feb/16 11:11:06.941561 DEBUG - TRI_encode(): Stream after encoding: '7B226D73675F6964223A312C226D7367223A7B226D6170706564223A7B22706F72746964223A7B22706F72744E616D65223A226163506F7274222C22706F7274547970654E616D65223A223C706F72742074797065206E616D653E222C22636F6D706F6E656E745F223A7B22636F6D706F6E656E744964223A223030303030303031222C22636F6D706F6E656E744E616D65223A2253797374656D222C22636F6D706F6E656E74547970654E616D65223A224E2F41227D7D7D7D7D'O ("{\"msg_id\":1,\"msg\":{\"mapped\":{\"portid\":{\"portName\":\"acPort\",\"portTypeName\":\"<port type name>\",\"component_\":{\"componentId\":\"00000001\",\"componentName\":\"System\",\"componentTypeName\":\"N/A\"}}}}}")
2016/Feb/16 11:11:06.985489 DEBUG - TRI_decode(): Stream before decoding: '7B226D7367223A7B22726573756C74223A7B22726573756C74223A225452495F6F6B227D7D2C226D73675F6964223A317D'O ("{\"msg\":{\"result\":{\"result\":\"TRI_ok\"}},\"msg_id\":1}")
2016/Feb/16 11:11:06.985634 DEBUG - TRI_decode(): Decoded @TRI_interface_Types.TRI_mapper_PDU: { msg_id := 1, msg := { result := { result := TRI_ok (0), result_string := omit } } }
2016/Feb/16 11:11:06.985693 PORTEVENT - Port acPort was mapped to system:acPort.
2016/Feb/16 11:11:06.986125 DEBUG - TRI_encode(): Encoding @TRI_interface_Types.TRI_mapper_PDU: { msg_id := 1, msg := { mapped := { portid := { portName := "utPort", portTypeName := "GeoNetworkingPort", component_ := { componentId := '00000001'O, componentName := "System", componentTypeName := "N/A" }, portindex := omit } } } }
2016/Feb/16 11:11:06.986203 DEBUG - TRI_encode(): Stream after encoding: '7B226D73675F6964223A312C226D7367223A7B226D6170706564223A7B22706F72746964223A7B22706F72744E616D65223A227574506F7274222C22706F7274547970654E616D65223A2247656F4E6574776F726B696E67506F7274222C22636F6D706F6E656E745F223A7B22636F6D706F6E656E744964223A223030303030303031222C22636F6D706F6E656E744E616D65223A2253797374656D222C22636F6D706F6E656E74547970654E616D65223A224E2F41227D7D7D7D7D'O ("{\"msg_id\":1,\"msg\":{\"mapped\":{\"portid\":{\"portName\":\"utPort\",\"portTypeName\":\"GeoNetworkingPort\",\"component_\":{\"componentId\":\"00000001\",\"componentName\":\"System\",\"componentTypeName\":\"N/A\"}}}}}")
2016/Feb/16 11:11:07.027182 DEBUG - TRI_decode(): Stream before decoding: '7B226D7367223A7B22726573756C74223A7B22726573756C74223A225452495F6F6B227D7D2C226D73675F6964223A317D'O ("{\"msg\":{\"result\":{\"result\":\"TRI_ok\"}},\"msg_id\":1}")
2016/Feb/16 11:11:07.027394 DEBUG - TRI_decode(): Decoded @TRI_interface_Types.TRI_mapper_PDU: { msg_id := 1, msg := { result := { result := TRI_ok (0), result_string := omit } } }
2016/Feb/16 11:11:07.027498 PORTEVENT - Port utPort was mapped to system:utPort.
2016/Feb/16 11:11:07.028755 DEBUG - TRI_encode(): Encoding @TRI_interface_Types.TRI_mapper_PDU: { msg_id := 1, msg := { mapped := { portid := { portName := "geoNetworkingPort", portTypeName := "GeoNetworkingPort", component_ := { componentId := '00000001'O, componentName := "System", componentTypeName := "N/A" }, portindex := omit } } } }
2016/Feb/16 11:11:07.028922 DEBUG - TRI_encode(): Stream after encoding: '7B226D73675F6964223A312C226D7367223A7B226D6170706564223A7B22706F72746964223A7B22706F72744E616D65223A2267656F4E6574776F726B696E67506F7274222C22706F7274547970654E616D65223A2247656F4E6574776F726B696E67506F7274222C22636F6D706F6E656E745F223A7B22636F6D706F6E656E744964223A223030303030303031222C22636F6D706F6E656E744E616D65223A2253797374656D222C22636F6D706F6E656E74547970654E616D65223A224E2F41227D7D7D7D7D'O ("{\"msg_id\":1,\"msg\":{\"mapped\":{\"portid\":{\"portName\":\"geoNetworkingPort\",\"portTypeName\":\"GeoNetworkingPort\",\"component_\":{\"componentId\":\"00000001\",\"componentName\":\"System\",\"componentTypeName\":\"N/A\"}}}}}")
2016/Feb/16 11:11:07.069898 DEBUG - TRI_decode(): Stream before decoding: '7B226D7367223A7B22726573756C74223A7B22726573756C74223A225452495F6F6B227D7D2C226D73675F6964223A317D'O ("{\"msg\":{\"result\":{\"result\":\"TRI_ok\"}},\"msg_id\":1}")
2016/Feb/16 11:11:07.070219 DEBUG - TRI_decode(): Decoded @TRI_interface_Types.TRI_mapper_PDU: { msg_id := 1, msg := { result := { result := TRI_ok (0), result_string := omit } } }
2016/Feb/16 11:11:07.070410 PORTEVENT - Port geoNetworkingPort was mapped to system:geoNetworkingPort.
2016/Feb/16 11:11:07.079113 PORTEVENT - Port syncPort has established the connection with mtc:syncPort using transport type UNIX.
2016/Feb/16 11:11:07.151311 PARALLEL - Starting function f_initialiseComponent({ { key := "IUT", position := { gnAddr := { typeOfAddress := e_manual (1), stationType := e_passengerCar (5), stationCountryCode := 0, mid := '000000000000'O }, timestamp := 0, latitude := 0, longitude := 0, pai := '0'B, speed := 0, heading := 0 } }, { key := "NodeA", position := { gnAddr := { typeOfAddress := e_manual (1), stationType := e_passengerCar (5), stationCountryCode := 0, mid := '00000000000A'O }, timestamp := 3918520102, latitude := 100000, longitude := 0, pai := '1'B, speed := 0, heading := 0 } }, { key := "NodeB", position := { gnAddr := { typeOfAddress := e_manual (1), stationType := e_passengerCar (5), stationCountryCode := 0, mid := '00000000000B'O }, timestamp := 3918520102, latitude := 20000, longitude := 0, pai := '1'B, speed := 0, heading := 0 } }, { key := "NodeC", position := { gnAddr := { typeOfAddress := e_manual (1), stationType := e_passengerCar (5), stationCountryCode := 0, mid := '00000000000C'O }, timestamp := 3918520102, latitude := -60000, longitude := 0, pai := '1'B, speed := 0, heading := 0 } }, { key := "NodeD", position := { gnAddr := { typeOfAddress := e_manual (1), stationType := e_passengerCar (5), stationCountryCode := 0, mid := '00000000000D'O }, timestamp := 3918520102, latitude := 10000, longitude := 0, pai := '1'B, speed := 0, heading := 0 } }, { key := "NodeE", position := { gnAddr := { typeOfAddress := e_manual (1), stationType := e_passengerCar (5), stationCountryCode := 0, mid := '00000000000E'O }, timestamp := 3918520102, latitude := -10000, longitude := 0, pai := '1'B, speed := 0, heading := 0 } }, { key := "NodeF", position := { gnAddr := { typeOfAddress := e_manual (1), stationType := e_passengerCar (5), stationCountryCode := 0, mid := '00000000000F'O }, timestamp := 3918520102, latitude := 20000, longitude := -30000, pai := '1'B, speed := 0, heading := 0 } } }, { { key := "AREA1", geoArea := { shape := e_geoCircle (0), area := { geoAreaPosLatitude := 10000, geoAreaPosLongitude := 0, distanceA := 555, distanceB := 0, angle := 0 } } }, { key := "AREA2", geoArea := { shape := e_geoCircle (0), area := { geoAreaPosLatitude := 20000, geoAreaPosLongitude := 0, distanceA := 166, distanceB := 0, angle := 0 } } } }, "NodeC").
2016/Feb/16 11:11:07.151488 PARALLEL - Function f_initialiseComponent finished. PTC remains alive and is waiting for next start.
2016/Feb/16 11:11:07.151900 PARALLEL - Starting function f_GEONW_PON_GUC_BO_12_nodeC().
2016/Feb/16 11:11:07.151941 DEFAULTOP LibItsGeoNetworking_Functions.ttcn:1581 Altstep a_default was activated as default, id 1
2016/Feb/16 11:11:07.151961 DEFAULTOP LibItsGeoNetworking_Functions.ttcn:1582 Altstep a_utDefault was activated as default, id 2
2016/Feb/16 11:11:07.152007 DEFAULTOP LibItsGeoNetworking_Functions.ttcn:761 Altstep a_neighbourDefault was activated as default, id 3
2016/Feb/16 11:11:07.152154 PORTEVENT LibItsGeoNetworking_Functions.ttcn:1722 Sent on acPort to system @LibItsGeoNetworking_TypesAndValues.AcGnPrimitive : { startBeaconing := { beaconPacket := { basicHeader := { version := 0, nextHeader := e_commonHeader (1), reserved := 0, lifeTime := { multiplier := 10, ltBase := e_100s (3) }, routerHopLimit := 1 }, gnPacket := { packet := { commonHeader := { nextHeader := e_any (0), reserved := 0, headerTST := { beaconHdr := { headerType := e_beacon (1), headerSubType := 0 } }, trafficClass := { scf := e_scfEnable (1), channelOffload := e_choffDisabled (0), tcId := 0 }, flags := '00000000'B, plLength := 0, maxHopLimit := 1, reserved2 := 0 }, extendedHeader := { beaconHeader := { srcPosVector := { gnAddr := { typeOfAddress := e_manual (1), stationType := e_passengerCar (5), stationCountryCode := 0, mid := '00000000000C'O }, timestamp := 3918520102, latitude := -60000, longitude := 0, pai := '1'B, speed := 0, heading := 0 } } }, payload := omit }, securedMsg := omit } } } }
2016/Feb/16 11:11:07.152190 DEBUG LibItsGeoNetworking_Functions.ttcn:1722 { basicHeader := { version := 0, nextHeader := e_commonHeader (1), reserved := 0, lifeTime := { multiplier := 10, ltBase := e_100s (3) }, routerHopLimit := 1 }, gnPacket := { packet := { commonHeader := { nextHeader := e_any (0), reserved := 0, headerTST := { beaconHdr := { headerType := e_beacon (1), headerSubType := 0 } }, trafficClass := { scf := e_scfEnable (1), channelOffload := e_choffDisabled (0), tcId := 0 }, flags := '00000000'B, plLength := 0, maxHopLimit := 1, reserved2 := 0 }, extendedHeader := { beaconHeader := { srcPosVector := { gnAddr := { typeOfAddress := e_manual (1), stationType := e_passengerCar (5), stationCountryCode := 0, mid := '00000000000C'O }, timestamp := 3918520102, latitude := -60000, longitude := 0, pai := '1'B, speed := 0, heading := 0 } } }, payload := omit }, securedMsg := omit } }
2016/Feb/16 11:11:07.152255 DEBUG LibItsGeoNetworking_Functions.ttcn:1722 f_enc_GeoNetworkingPdu(): Encoding @LibItsGeoNetworking_TypesAndValues.GeoNetworkingPdu: { basicHeader := { version := 0, nextHeader := e_commonHeader (1), reserved := 0, lifeTime := { multiplier := 10, ltBase := e_100s (3) }, routerHopLimit := 1 }, gnPacket := { packet := { commonHeader := { nextHeader := e_any (0), reserved := 0, headerTST := { beaconHdr := { headerType := e_beacon (1), headerSubType := 0 } }, trafficClass := { scf := e_scfEnable (1), channelOffload := e_choffDisabled (0), tcId := 0 }, flags := '00000000'B, plLength := 0, maxHopLimit := 1, reserved2 := 0 }, extendedHeader := { beaconHeader := { srcPosVector := { gnAddr := { typeOfAddress := e_manual (1), stationType := e_passengerCar (5), stationCountryCode := 0, mid := '00000000000C'O }, timestamp := 3918520102, latitude := -60000, longitude := 0, pai := '1'B, speed := 0, heading := 0 } } }, payload := omit }, securedMsg := omit } }
2016/Feb/16 11:11:07.152373 DEBUG LibItsGeoNetworking_Functions.ttcn:1722 f_enc_GeoNetworkingPdu(): Stream after encoding: '0100CA0100100100000001000B0000000000000CE98FDF268000EA600000000001000000'O
2016/Feb/16 11:11:07.152420 DEBUG LibItsGeoNetworking_Functions.ttcn:1722 TRI_encode(): Encoding @TRI_interface_Types.TRI_mapper_PDU: { msg_id := 2, msg := { sendmsg := { addr := omit, data := { encoded_data := '00000100CA0100100100000001000B0000000000000CE98FDF268000EA600000000001000000'O } } } }
2016/Feb/16 11:11:07.152476 DEBUG LibItsGeoNetworking_Functions.ttcn:1722 TRI_encode(): Stream after encoding: '7B226D73675F6964223A322C226D7367223A7B2273656E646D7367223A7B2264617461223A7B22656E636F6465645F64617461223A2230303030303130304341303130303130303130303030303030313030304230303030303030303030303030434539384644463236383030304541363030303030303030303031303030303030227D7D7D7D'O ("{\"msg_id\":2,\"msg\":{\"sendmsg\":{\"data\":{\"encoded_data\":\"00000100CA0100100100000001000B0000000000000CE98FDF268000EA600000000001000000\"}}}}")
2016/Feb/16 11:11:07.152572 TIMEROP LibCommon_Time.ttcn:78 Start timer t: 1 s
2016/Feb/16 11:11:07.152608 WARNING LibCommon_Time.ttcn:80 Warning: An [else] branch of an alt construct has been reached. Re-configuring the snapshot manager to call the event handlers even when taking the first snapshot.
2016/Feb/16 11:11:07.196985 DEBUG LibCommon_Time.ttcn:81 TRI_decode(): Stream before decoding: '7B226D7367223A7B22726573756C74223A7B22726573756C74223A225452495F6F6B227D7D2C226D73675F6964223A327D'O ("{\"msg\":{\"result\":{\"result\":\"TRI_ok\"}},\"msg_id\":2}")
2016/Feb/16 11:11:07.199073 DEBUG LibCommon_Time.ttcn:81 TRI_decode(): Decoded @TRI_interface_Types.TRI_mapper_PDU: { msg_id := 2, msg := { result := { result := TRI_ok (0), result_string := omit } } }
2016/Feb/16 11:11:08.152621 TIMEROP LibCommon_Time.ttcn:80 Timeout t: 1 s
2016/Feb/16 11:11:08.152701 TIMEROP LibCommon_Time.ttcn:64 Start timer t: 0.5 s
2016/Feb/16 11:11:08.152873 MATCHING LibItsGeoNetworking_Functions.ttcn:1185 Timeout operation on timer tc_wait failed: The timer is not started.
2016/Feb/16 11:11:08.152914 MATCHING LibItsGeoNetworking_Functions.ttcn:1189 Timeout operation on timer tc_ac failed: The timer is not started.
2016/Feb/16 11:11:08.153002 MATCHING LibItsGeoNetworking_Functions.ttcn:1185 Timeout operation on timer tc_wait failed: The timer is not started.
2016/Feb/16 11:11:08.153026 MATCHING LibItsGeoNetworking_Functions.ttcn:1189 Timeout operation on timer tc_ac failed: The timer is not started.
2016/Feb/16 11:11:08.652786 TIMEROP LibCommon_Time.ttcn:65 Timeout t: 0.5 s
2016/Feb/16 11:11:08.653097 PORTEVENT LibItsGeoNetworking_Functions.ttcn:1896 Sent on geoNetworkingPort to system @LibItsGeoNetworking_TestSystem.GeoNetworkingReq : { msgOut := { basicHeader := { version := 0, nextHeader := e_commonHeader (1), reserved := 0, lifeTime := { multiplier := 10, ltBase := e_100s (3) }, routerHopLimit := 10 }, gnPacket := { packet := { commonHeader := { nextHeader := e_btpA (1), reserved := 0, headerTST := { geoUnicastHdr := { headerType := e_geoUnicast (2), headerSubType := 0 } }, trafficClass := { scf := e_scfEnable (1), channelOffload := e_choffDisabled (0), tcId := 0 }, flags := '00000000'B, plLength := 0, maxHopLimit := 10, reserved2 := 0 }, extendedHeader := { geoUnicastHeader := { seqNumber := 51955, reserved := 0, srcPosVector := { gnAddr := { typeOfAddress := e_manual (1), stationType := e_passengerCar (5), stationCountryCode := 0, mid := '00000000000C'O }, timestamp := 3918520102, latitude := -60000, longitude := 0, pai := '1'B, speed := 0, heading := 0 }, dstPosVector := { gnAddr := { typeOfAddress := e_manual (1), stationType := e_passengerCar (5), stationCountryCode := 0, mid := '00000000000A'O }, timestamp := 3918520102, latitude := 100000, longitude := 0 } } }, payload := { decodedPayload := { btpPacket := { header := { btpAHeader := { destinationPort := 4000, sourcePort := 5000 } }, payload := { decodedPayload := omit, rawPayload := '44454641554C545F5041594C4F4144'O ("DEFAULT_PAYLOAD") } } }, rawPayload := ''O } }, securedMsg := omit } }, macDestinationAddress := 'FFFFFFFFFFFF'O }
2016/Feb/16 11:11:08.653157 DEBUG LibItsGeoNetworking_Functions.ttcn:1896 f_enc_GeoNetworkingReq(): Encoding @LibItsGeoNetworking_TestSystem.GeoNetworkingReq: { msgOut := { basicHeader := { version := 0, nextHeader := e_commonHeader (1), reserved := 0, lifeTime := { multiplier := 10, ltBase := e_100s (3) }, routerHopLimit := 10 }, gnPacket := { packet := { commonHeader := { nextHeader := e_btpA (1), reserved := 0, headerTST := { geoUnicastHdr := { headerType := e_geoUnicast (2), headerSubType := 0 } }, trafficClass := { scf := e_scfEnable (1), channelOffload := e_choffDisabled (0), tcId := 0 }, flags := '00000000'B, plLength := 0, maxHopLimit := 10, reserved2 := 0 }, extendedHeader := { geoUnicastHeader := { seqNumber := 51955, reserved := 0, srcPosVector := { gnAddr := { typeOfAddress := e_manual (1), stationType := e_passengerCar (5), stationCountryCode := 0, mid := '00000000000C'O }, timestamp := 3918520102, latitude := -60000, longitude := 0, pai := '1'B, speed := 0, heading := 0 }, dstPosVector := { gnAddr := { typeOfAddress := e_manual (1), stationType := e_passengerCar (5), stationCountryCode := 0, mid := '00000000000A'O }, timestamp := 3918520102, latitude := 100000, longitude := 0 } } }, payload := { decodedPayload := { btpPacket := { header := { btpAHeader := { destinationPort := 4000, sourcePort := 5000 } }, payload := { decodedPayload := omit, rawPayload := '44454641554C545F5041594C4F4144'O ("DEFAULT_PAYLOAD") } } }, rawPayload := ''O } }, securedMsg := omit } }, macDestinationAddress := 'FFFFFFFFFFFF'O }
2016/Feb/16 11:11:08.653338 DEBUG LibItsGeoNetworking_Functions.ttcn:1896 f_enc_GeoNetworkingReq(): Stream after encoding: '0100CA0A1020010000000A00CAF300000B0000000000000CE98FDF268000EA6000000000010000000B0000000000000AE98FDF26000186A0000000000FA0138844454641554C545F5041594C4F4144FFFFFFFFFFFF'O
2016/Feb/16 11:11:08.653402 DEBUG LibItsGeoNetworking_Functions.ttcn:1896 TRI_encode(): Encoding @TRI_interface_Types.TRI_mapper_PDU: { msg_id := 2, msg := { sendmsg := { addr := omit, data := { encoded_data := '0100CA0A1020010000000A00CAF300000B0000000000000CE98FDF268000EA6000000000010000000B0000000000000AE98FDF26000186A0000000000FA0138844454641554C545F5041594C4F4144FFFFFFFFFFFF'O } } } }
2016/Feb/16 11:11:08.653472 DEBUG LibItsGeoNetworking_Functions.ttcn:1896 TRI_encode(): Stream after encoding: '7B226D73675F6964223A322C226D7367223A7B2273656E646D7367223A7B2264617461223A7B22656E636F6465645F64617461223A223031303043413041313032303031303030303030304130304341463330303030304230303030303030303030303030434539384644463236383030304541363030303030303030303031303030303030304230303030303030303030303030414539384644463236303030313836413030303030303030303046413031333838343434353436343135353443353435463530343135393443344634313434464646464646464646464646227D7D7D7D'O ("{\"msg_id\":2,\"msg\":{\"sendmsg\":{\"data\":{\"encoded_data\":\"0100CA0A1020010000000A00CAF300000B0000000000000CE98FDF268000EA6000000000010000000B0000000000000AE98FDF26000186A0000000000FA0138844454641554C545F5041594C4F4144FFFFFFFFFFFF\"}}}}")
2016/Feb/16 11:11:08.653609 USER LibCommon_VerdictControl.ttcn:65 f_setVerdictPreamble: This function is deprecated. Use f_setVerdictPreOrPostamble instead. 
2016/Feb/16 11:11:08.653661 PORTEVENT LibCommon_Sync.ttcn:984 Sent on syncPort to mtc @LibCommon_Sync.SyncCmd : { clientReady := { syncPointId := "preambleDone" } }
2016/Feb/16 11:11:08.654171 TIMEROP LibCommon_Sync.ttcn:985 Start timer tc_sync: 10 s
2016/Feb/16 11:11:08.654268 MATCHING LibItsGeoNetworking_Functions.ttcn:1185 Timeout operation on timer tc_wait failed: The timer is not started.
2016/Feb/16 11:11:08.654292 MATCHING LibItsGeoNetworking_Functions.ttcn:1189 Timeout operation on timer tc_ac failed: The timer is not started.
2016/Feb/16 11:11:08.654343 MATCHING LibItsGeoNetworking_Functions.ttcn:1185 Timeout operation on timer tc_wait failed: The timer is not started.
2016/Feb/16 11:11:08.654372 MATCHING LibItsGeoNetworking_Functions.ttcn:1189 Timeout operation on timer tc_ac failed: The timer is not started.
2016/Feb/16 11:11:08.698419 DEBUG LibCommon_Sync.ttcn:986 TRI_decode(): Stream before decoding: '7B226D7367223A7B22726573756C74223A7B22726573756C74223A225452495F6F6B227D7D2C226D73675F6964223A327D'O ("{\"msg\":{\"result\":{\"result\":\"TRI_ok\"}},\"msg_id\":2}")
2016/Feb/16 11:11:08.698658 DEBUG LibCommon_Sync.ttcn:986 TRI_decode(): Decoded @TRI_interface_Types.TRI_mapper_PDU: { msg_id := 2, msg := { result := { result := TRI_ok (0), result_string := omit } } }
2016/Feb/16 11:11:08.699013 MATCHING LibItsGeoNetworking_Functions.ttcn:1185 Timeout operation on timer tc_wait failed: The timer is not started.
2016/Feb/16 11:11:08.699074 MATCHING LibItsGeoNetworking_Functions.ttcn:1189 Timeout operation on timer tc_ac failed: The timer is not started.
2016/Feb/16 11:11:08.699198 MATCHING LibItsGeoNetworking_Functions.ttcn:1185 Timeout operation on timer tc_wait failed: The timer is not started.
2016/Feb/16 11:11:08.699248 MATCHING LibItsGeoNetworking_Functions.ttcn:1189 Timeout operation on timer tc_ac failed: The timer is not started.
2016/Feb/16 11:11:17.165566 PORTEVENT LibCommon_Sync.ttcn:986 Message enqueued on syncPort from mtc @LibCommon_Sync.SyncCmd : { serverStop := { } } id 1
2016/Feb/16 11:11:17.165616 MATCHING LibCommon_Sync.ttcn:987 Matching on port syncPort { serverStop := { } } with { serverReady := { syncPointId := "preambleDone" } } unmatched: First message in the queue does not match the template: 
2016/Feb/16 11:11:17.165781 MATCHING LibItsGeoNetworking_Functions.ttcn:1185 Timeout operation on timer tc_wait failed: The timer is not started.
2016/Feb/16 11:11:17.165805 MATCHING LibItsGeoNetworking_Functions.ttcn:1189 Timeout operation on timer tc_ac failed: The timer is not started.
2016/Feb/16 11:11:17.165827 MATCHING LibCommon_Sync.ttcn:623 Matching on port syncPort succeeded:  matched
2016/Feb/16 11:11:17.165848 PORTEVENT LibCommon_Sync.ttcn:623 Receive operation on port syncPort succeeded, message from mtc: @LibCommon_Sync.SyncCmd : { serverStop := { } } id 1
2016/Feb/16 11:11:17.165870 PORTEVENT LibCommon_Sync.ttcn:623 Message with id 1 was extracted from the queue of syncPort.
2016/Feb/16 11:11:17.165889 TIMEROP LibCommon_Sync.ttcn:624 Stop timer tc_sync: 10 s
2016/Feb/16 11:11:17.165910 USER LibCommon_Sync.ttcn:625 **** a_shutdown: Test component received STOP signal from MTC **** 
2016/Feb/16 11:11:17.165948 USER LibItsGeoNetworking_Functions.ttcn:1194 *** a_default: INFO: TEST COMPONENT NOW STOPPING ITSELF! ***
2016/Feb/16 11:11:17.165990 PARALLEL LibItsGeoNetworking_Functions.ttcn:1195 Stopping test component execution.
2016/Feb/16 11:11:17.166274 PARALLEL - Function f_GEONW_PON_GUC_BO_12_nodeC was stopped. PTC remains alive and is waiting for next start.
2016/Feb/16 11:11:39.205236 DEBUG - TRI_encode(): Encoding @TRI_interface_Types.TRI_mapper_PDU: { msg_id := 2, msg := { unmapped := { } } }
2016/Feb/16 11:11:39.205306 DEBUG - TRI_encode(): Stream after encoding: '7B226D73675F6964223A322C226D7367223A7B22756E6D6170706564223A7B7D7D7D'O ("{\"msg_id\":2,\"msg\":{\"unmapped\":{}}}")
2016/Feb/16 11:11:39.250337 DEBUG - TRI_decode(): Stream before decoding: '7B226D7367223A7B22726573756C74223A7B22726573756C74223A225452495F6F6B227D7D2C226D73675F6964223A327D'O ("{\"msg\":{\"result\":{\"result\":\"TRI_ok\"}},\"msg_id\":2}")
2016/Feb/16 11:11:39.250541 DEBUG - TRI_decode(): Decoded @TRI_interface_Types.TRI_mapper_PDU: { msg_id := 2, msg := { result := { result := TRI_ok (0), result_string := omit } } }
2016/Feb/16 11:11:39.250663 PORTEVENT - Port utPort was unmapped from system:utPort.
2016/Feb/16 11:11:39.251339 DEBUG - TRI_encode(): Encoding @TRI_interface_Types.TRI_mapper_PDU: { msg_id := 3, msg := { unmapped := { } } }
2016/Feb/16 11:11:39.251448 DEBUG - TRI_encode(): Stream after encoding: '7B226D73675F6964223A332C226D7367223A7B22756E6D6170706564223A7B7D7D7D'O ("{\"msg_id\":3,\"msg\":{\"unmapped\":{}}}")
2016/Feb/16 11:11:39.289385 DEBUG - TRI_decode(): Stream before decoding: '7B226D7367223A7B22726573756C74223A7B22726573756C74223A225452495F6F6B227D7D2C226D73675F6964223A337D'O ("{\"msg\":{\"result\":{\"result\":\"TRI_ok\"}},\"msg_id\":3}")
2016/Feb/16 11:11:39.289488 DEBUG - TRI_decode(): Decoded @TRI_interface_Types.TRI_mapper_PDU: { msg_id := 3, msg := { result := { result := TRI_ok (0), result_string := omit } } }
2016/Feb/16 11:11:39.289536 PORTEVENT - Port acPort was unmapped from system:acPort.
2016/Feb/16 11:11:39.289828 DEBUG - TRI_encode(): Encoding @TRI_interface_Types.TRI_mapper_PDU: { msg_id := 3, msg := { unmapped := { } } }
2016/Feb/16 11:11:39.289875 DEBUG - TRI_encode(): Stream after encoding: '7B226D73675F6964223A332C226D7367223A7B22756E6D6170706564223A7B7D7D7D'O ("{\"msg_id\":3,\"msg\":{\"unmapped\":{}}}")
2016/Feb/16 11:11:40.229692 DEBUG - TRI_decode(): Stream before decoding: '7B226D7367223A7B22726573756C74223A7B22726573756C74223A225452495F6F6B227D7D2C226D73675F6964223A337D'O ("{\"msg\":{\"result\":{\"result\":\"TRI_ok\"}},\"msg_id\":3}")
2016/Feb/16 11:11:40.229800 DEBUG - TRI_decode(): Decoded @TRI_interface_Types.TRI_mapper_PDU: { msg_id := 3, msg := { result := { result := TRI_ok (0), result_string := omit } } }
2016/Feb/16 11:11:40.229847 PORTEVENT - Port geoNetworkingPort was unmapped from system:geoNetworkingPort.
2016/Feb/16 11:11:40.230318 PORTEVENT - Terminating the connection of port syncPort to mtc:syncPort. No more messages can be sent through this connection.
2016/Feb/16 11:11:40.230403 PORTEVENT - Port syncPort was disconnected from mtc:syncPort.
2016/Feb/16 11:11:40.390886 PARALLEL - Kill was requested from MC. Terminating idle PTC.
2016/Feb/16 11:11:40.390917 PARALLEL - Terminating component type LibItsGeoNetworking_TestSystem.ItsGeoNetworking.
2016/Feb/16 11:11:40.390936 DEFAULTOP - Default with id 1 (altstep a_default) was deactivated.
2016/Feb/16 11:11:40.390953 DEFAULTOP - Default with id 2 (altstep a_utDefault) was deactivated.
2016/Feb/16 11:11:40.390970 DEFAULTOP - Default with id 3 (altstep a_neighbourDefault) was deactivated.
2016/Feb/16 11:11:40.390987 PORTEVENT - Port syncPort was stopped.
2016/Feb/16 11:11:40.391005 PORTEVENT - Port syncSendPort was stopped.
2016/Feb/16 11:11:40.391023 DEBUG - TRI_encode(): Encoding @TRI_interface_Types.TRI_mapper_PDU: { msg_id := 3, msg := { unregister := { } } }
2016/Feb/16 11:11:40.391068 DEBUG - TRI_encode(): Stream after encoding: '7B226D73675F6964223A332C226D7367223A7B22756E7265676973746572223A7B7D7D7D'O ("{\"msg_id\":3,\"msg\":{\"unregister\":{}}}")
2016/Feb/16 11:11:40.429447 DEBUG - TRI_decode(): Stream before decoding: '7B226D7367223A7B22726573756C74223A7B22726573756C74223A225452495F6F6B227D7D2C226D73675F6964223A337D'O ("{\"msg\":{\"result\":{\"result\":\"TRI_ok\"}},\"msg_id\":3}")
2016/Feb/16 11:11:40.429548 DEBUG - TRI_decode(): Decoded @TRI_interface_Types.TRI_mapper_PDU: { msg_id := 3, msg := { result := { result := TRI_ok (0), result_string := omit } } }
2016/Feb/16 11:11:40.429607 PORTEVENT - Port utPort was stopped.
2016/Feb/16 11:11:40.429631 DEBUG - TRI_encode(): Encoding @TRI_interface_Types.TRI_mapper_PDU: { msg_id := 4, msg := { unregister := { } } }
2016/Feb/16 11:11:40.429676 DEBUG - TRI_encode(): Stream after encoding: '7B226D73675F6964223A342C226D7367223A7B22756E7265676973746572223A7B7D7D7D'O ("{\"msg_id\":4,\"msg\":{\"unregister\":{}}}")
2016/Feb/16 11:11:40.469697 DEBUG - TRI_decode(): Stream before decoding: '7B226D7367223A7B22726573756C74223A7B22726573756C74223A225452495F6F6B227D7D2C226D73675F6964223A347D'O ("{\"msg\":{\"result\":{\"result\":\"TRI_ok\"}},\"msg_id\":4}")
2016/Feb/16 11:11:40.469762 DEBUG - TRI_decode(): Decoded @TRI_interface_Types.TRI_mapper_PDU: { msg_id := 4, msg := { result := { result := TRI_ok (0), result_string := omit } } }
2016/Feb/16 11:11:40.469810 PORTEVENT - Port acPort was stopped.
2016/Feb/16 11:11:40.469829 DEBUG - TRI_encode(): Encoding @TRI_interface_Types.TRI_mapper_PDU: { msg_id := 4, msg := { unregister := { } } }
2016/Feb/16 11:11:40.469866 DEBUG - TRI_encode(): Stream after encoding: '7B226D73675F6964223A342C226D7367223A7B22756E7265676973746572223A7B7D7D7D'O ("{\"msg_id\":4,\"msg\":{\"unregister\":{}}}")
2016/Feb/16 11:11:40.473692 DEBUG - TRI_decode(): Stream before decoding: '7B226D7367223A7B22726573756C74223A7B22726573756C74223A225452495F6F6B227D7D2C226D73675F6964223A347D'O ("{\"msg\":{\"result\":{\"result\":\"TRI_ok\"}},\"msg_id\":4}")
2016/Feb/16 11:11:40.473758 DEBUG - TRI_decode(): Decoded @TRI_interface_Types.TRI_mapper_PDU: { msg_id := 4, msg := { result := { result := TRI_ok (0), result_string := omit } } }
2016/Feb/16 11:11:40.473806 PORTEVENT - Port geoNetworkingPort was stopped.
2016/Feb/16 11:11:40.473825 PARALLEL - Component type LibItsGeoNetworking_TestSystem.ItsGeoNetworking was shut down inside testcase TC_GEONW_PON_GUC_BO_12.
2016/Feb/16 11:11:40.473857 VERDICTOP - Final verdict of PTC: none
2016/Feb/16 11:11:40.475581 EXECUTOR - Disconnected from MC.
2016/Feb/16 11:11:40.475603 EXECUTOR - TTCN-3 Parallel Test Component finished.
