2016/Feb/16 11:14:42.428753 EXECUTOR - TTCN-3 Parallel Test Component started on aitorkun-HP-EliteBook-2530p. Component reference: NodeB(80), component type: LibItsGeoNetworking_TestSystem.ItsGeoNetworking, component name: NodeB. Version: CRL 113 200/5 R4A.
2016/Feb/16 11:14:42.428828 EXECUTOR - TTCN Logger v2.2 options: TimeStampFormat:=DateTime; LogEntityName:=No; LogEventTypes:=Yes; SourceInfoFormat:=Single; *.FileMask:=LOG_ALL | MATCHING | DEBUG; *.ConsoleMask:=ERROR | TESTCASE | STATISTICS | USER | VERDICTOP | WARNING | DEBUG; LogFileSize:=0; LogFileNumber:=1; DiskFullAction:=Error
2016/Feb/16 11:14:42.428920 EXECUTOR - Connected to MC.
2016/Feb/16 11:14:42.428992 PARALLEL - Initializing variables, timers and ports of component type LibItsGeoNetworking_TestSystem.ItsGeoNetworking inside testcase TC_GEONW_PON_TSB_BV_02.
2016/Feb/16 11:14:42.429303 WARNING - Warning: Test port parameter TRI_mapper_address is not supported on port syncPort.
2016/Feb/16 11:14:42.429345 WARNING - Warning: Test port parameter TRI_mapper_address is not supported on port syncSendPort.
2016/Feb/16 11:14:42.429397 WARNING - Warning: Test port parameter TRI_mapper_port is not supported on port syncPort.
2016/Feb/16 11:14:42.429430 WARNING - Warning: Test port parameter TRI_mapper_port is not supported on port syncSendPort.
2016/Feb/16 11:14:42.429463 PORTEVENT - Port syncPort was started.
2016/Feb/16 11:14:42.429494 PORTEVENT - Port syncSendPort was started.
2016/Feb/16 11:14:42.429781 DEBUG - TRI_encode(): Encoding @TRI_interface_Types.TRI_mapper_PDU: { msg_id := 0, msg := { reg := { portid := { portName := "utPort", portTypeName := "GeoNetworkingPort", component_ := { componentId := '00000050'O, componentName := "NodeB", componentTypeName := "N/A" }, portindex := omit }, type_list := omit } } }
2016/Feb/16 11:14:42.429864 DEBUG - TRI_encode(): Stream after encoding: '7B226D73675F6964223A302C226D7367223A7B22726567223A7B22706F72746964223A7B22706F72744E616D65223A227574506F7274222C22706F7274547970654E616D65223A2247656F4E6574776F726B696E67506F7274222C22636F6D706F6E656E745F223A7B22636F6D706F6E656E744964223A223030303030303530222C22636F6D706F6E656E744E616D65223A224E6F646542222C22636F6D706F6E656E74547970654E616D65223A224E2F41227D7D7D7D7D'O ("{\"msg_id\":0,\"msg\":{\"reg\":{\"portid\":{\"portName\":\"utPort\",\"portTypeName\":\"GeoNetworkingPort\",\"component_\":{\"componentId\":\"00000050\",\"componentName\":\"NodeB\",\"componentTypeName\":\"N/A\"}}}}}")
2016/Feb/16 11:14:42.431351 DEBUG - TRI_decode(): Stream before decoding: '7B226D7367223A7B22726573756C74223A7B22726573756C74223A225452495F6F6B227D7D2C226D73675F6964223A307D'O ("{\"msg\":{\"result\":{\"result\":\"TRI_ok\"}},\"msg_id\":0}")
2016/Feb/16 11:14:42.431456 DEBUG - TRI_decode(): Decoded @TRI_interface_Types.TRI_mapper_PDU: { msg_id := 0, msg := { result := { result := TRI_ok (0), result_string := omit } } }
2016/Feb/16 11:14:42.431499 PORTEVENT - Port utPort was started.
2016/Feb/16 11:14:42.432276 DEBUG - TRI_encode(): Encoding @TRI_interface_Types.TRI_mapper_PDU: { msg_id := 0, msg := { reg := { portid := { portName := "acPort", portTypeName := "<port type name>", component_ := { componentId := '00000050'O, componentName := "NodeB", componentTypeName := "N/A" }, portindex := omit }, type_list := omit } } }
2016/Feb/16 11:14:42.432341 DEBUG - TRI_encode(): Stream after encoding: '7B226D73675F6964223A302C226D7367223A7B22726567223A7B22706F72746964223A7B22706F72744E616D65223A226163506F7274222C22706F7274547970654E616D65223A223C706F72742074797065206E616D653E222C22636F6D706F6E656E745F223A7B22636F6D706F6E656E744964223A223030303030303530222C22636F6D706F6E656E744E616D65223A224E6F646542222C22636F6D706F6E656E74547970654E616D65223A224E2F41227D7D7D7D7D'O ("{\"msg_id\":0,\"msg\":{\"reg\":{\"portid\":{\"portName\":\"acPort\",\"portTypeName\":\"<port type name>\",\"component_\":{\"componentId\":\"00000050\",\"componentName\":\"NodeB\",\"componentTypeName\":\"N/A\"}}}}}")
2016/Feb/16 11:14:42.433470 DEBUG - TRI_decode(): Stream before decoding: '7B226D7367223A7B22726573756C74223A7B22726573756C74223A225452495F6F6B227D7D2C226D73675F6964223A307D'O ("{\"msg\":{\"result\":{\"result\":\"TRI_ok\"}},\"msg_id\":0}")
2016/Feb/16 11:14:42.433545 DEBUG - TRI_decode(): Decoded @TRI_interface_Types.TRI_mapper_PDU: { msg_id := 0, msg := { result := { result := TRI_ok (0), result_string := omit } } }
2016/Feb/16 11:14:42.433585 PORTEVENT - Port acPort was started.
2016/Feb/16 11:14:42.433804 DEBUG - TRI_encode(): Encoding @TRI_interface_Types.TRI_mapper_PDU: { msg_id := 0, msg := { reg := { portid := { portName := "geoNetworkingPort", portTypeName := "GeoNetworkingPort", component_ := { componentId := '00000050'O, componentName := "NodeB", componentTypeName := "N/A" }, portindex := omit }, type_list := omit } } }
2016/Feb/16 11:14:42.433876 DEBUG - TRI_encode(): Stream after encoding: '7B226D73675F6964223A302C226D7367223A7B22726567223A7B22706F72746964223A7B22706F72744E616D65223A2267656F4E6574776F726B696E67506F7274222C22706F7274547970654E616D65223A2247656F4E6574776F726B696E67506F7274222C22636F6D706F6E656E745F223A7B22636F6D706F6E656E744964223A223030303030303530222C22636F6D706F6E656E744E616D65223A224E6F646542222C22636F6D706F6E656E74547970654E616D65223A224E2F41227D7D7D7D7D'O ("{\"msg_id\":0,\"msg\":{\"reg\":{\"portid\":{\"portName\":\"geoNetworkingPort\",\"portTypeName\":\"GeoNetworkingPort\",\"component_\":{\"componentId\":\"00000050\",\"componentName\":\"NodeB\",\"componentTypeName\":\"N/A\"}}}}}")
2016/Feb/16 11:14:42.434402 DEBUG - TRI_decode(): Stream before decoding: '7B226D7367223A7B22726573756C74223A7B22726573756C74223A225452495F6F6B227D7D2C226D73675F6964223A307D'O ("{\"msg\":{\"result\":{\"result\":\"TRI_ok\"}},\"msg_id\":0}")
2016/Feb/16 11:14:42.434467 DEBUG - TRI_decode(): Decoded @TRI_interface_Types.TRI_mapper_PDU: { msg_id := 0, msg := { result := { result := TRI_ok (0), result_string := omit } } }
2016/Feb/16 11:14:42.434509 PORTEVENT - Port geoNetworkingPort was started.
2016/Feb/16 11:14:42.434527 PARALLEL - Component type LibItsGeoNetworking_TestSystem.ItsGeoNetworking was initialized.
2016/Feb/16 11:14:42.510911 DEBUG - TRI_encode(): Encoding @TRI_interface_Types.TRI_mapper_PDU: { msg_id := 1, msg := { mapped := { portid := { portName := "acPort", portTypeName := "<port type name>", component_ := { componentId := '00000001'O, componentName := "System", componentTypeName := "N/A" }, portindex := omit } } } }
2016/Feb/16 11:14:42.511007 DEBUG - TRI_encode(): Stream after encoding: '7B226D73675F6964223A312C226D7367223A7B226D6170706564223A7B22706F72746964223A7B22706F72744E616D65223A226163506F7274222C22706F7274547970654E616D65223A223C706F72742074797065206E616D653E222C22636F6D706F6E656E745F223A7B22636F6D706F6E656E744964223A223030303030303031222C22636F6D706F6E656E744E616D65223A2253797374656D222C22636F6D706F6E656E74547970654E616D65223A224E2F41227D7D7D7D7D'O ("{\"msg_id\":1,\"msg\":{\"mapped\":{\"portid\":{\"portName\":\"acPort\",\"portTypeName\":\"<port type name>\",\"component_\":{\"componentId\":\"00000001\",\"componentName\":\"System\",\"componentTypeName\":\"N/A\"}}}}}")
2016/Feb/16 11:14:42.549936 DEBUG - TRI_decode(): Stream before decoding: '7B226D7367223A7B22726573756C74223A7B22726573756C74223A225452495F6F6B227D7D2C226D73675F6964223A317D'O ("{\"msg\":{\"result\":{\"result\":\"TRI_ok\"}},\"msg_id\":1}")
2016/Feb/16 11:14:42.550088 DEBUG - TRI_decode(): Decoded @TRI_interface_Types.TRI_mapper_PDU: { msg_id := 1, msg := { result := { result := TRI_ok (0), result_string := omit } } }
2016/Feb/16 11:14:42.550152 PORTEVENT - Port acPort was mapped to system:acPort.
2016/Feb/16 11:14:42.550615 DEBUG - TRI_encode(): Encoding @TRI_interface_Types.TRI_mapper_PDU: { msg_id := 1, msg := { mapped := { portid := { portName := "utPort", portTypeName := "GeoNetworkingPort", component_ := { componentId := '00000001'O, componentName := "System", componentTypeName := "N/A" }, portindex := omit } } } }
2016/Feb/16 11:14:42.550694 DEBUG - TRI_encode(): Stream after encoding: '7B226D73675F6964223A312C226D7367223A7B226D6170706564223A7B22706F72746964223A7B22706F72744E616D65223A227574506F7274222C22706F7274547970654E616D65223A2247656F4E6574776F726B696E67506F7274222C22636F6D706F6E656E745F223A7B22636F6D706F6E656E744964223A223030303030303031222C22636F6D706F6E656E744E616D65223A2253797374656D222C22636F6D706F6E656E74547970654E616D65223A224E2F41227D7D7D7D7D'O ("{\"msg_id\":1,\"msg\":{\"mapped\":{\"portid\":{\"portName\":\"utPort\",\"portTypeName\":\"GeoNetworkingPort\",\"component_\":{\"componentId\":\"00000001\",\"componentName\":\"System\",\"componentTypeName\":\"N/A\"}}}}}")
2016/Feb/16 11:14:42.591411 DEBUG - TRI_decode(): Stream before decoding: '7B226D7367223A7B22726573756C74223A7B22726573756C74223A225452495F6F6B227D7D2C226D73675F6964223A317D'O ("{\"msg\":{\"result\":{\"result\":\"TRI_ok\"}},\"msg_id\":1}")
2016/Feb/16 11:14:42.591632 DEBUG - TRI_decode(): Decoded @TRI_interface_Types.TRI_mapper_PDU: { msg_id := 1, msg := { result := { result := TRI_ok (0), result_string := omit } } }
2016/Feb/16 11:14:42.591736 PORTEVENT - Port utPort was mapped to system:utPort.
2016/Feb/16 11:14:42.592444 DEBUG - TRI_encode(): Encoding @TRI_interface_Types.TRI_mapper_PDU: { msg_id := 1, msg := { mapped := { portid := { portName := "geoNetworkingPort", portTypeName := "GeoNetworkingPort", component_ := { componentId := '00000001'O, componentName := "System", componentTypeName := "N/A" }, portindex := omit } } } }
2016/Feb/16 11:14:42.592605 DEBUG - TRI_encode(): Stream after encoding: '7B226D73675F6964223A312C226D7367223A7B226D6170706564223A7B22706F72746964223A7B22706F72744E616D65223A2267656F4E6574776F726B696E67506F7274222C22706F7274547970654E616D65223A2247656F4E6574776F726B696E67506F7274222C22636F6D706F6E656E745F223A7B22636F6D706F6E656E744964223A223030303030303031222C22636F6D706F6E656E744E616D65223A2253797374656D222C22636F6D706F6E656E74547970654E616D65223A224E2F41227D7D7D7D7D'O ("{\"msg_id\":1,\"msg\":{\"mapped\":{\"portid\":{\"portName\":\"geoNetworkingPort\",\"portTypeName\":\"GeoNetworkingPort\",\"component_\":{\"componentId\":\"00000001\",\"componentName\":\"System\",\"componentTypeName\":\"N/A\"}}}}}")
2016/Feb/16 11:14:42.654946 DEBUG - TRI_decode(): Stream before decoding: '7B226D7367223A7B22726573756C74223A7B22726573756C74223A225452495F6F6B227D7D2C226D73675F6964223A317D'O ("{\"msg\":{\"result\":{\"result\":\"TRI_ok\"}},\"msg_id\":1}")
2016/Feb/16 11:14:42.655160 DEBUG - TRI_decode(): Decoded @TRI_interface_Types.TRI_mapper_PDU: { msg_id := 1, msg := { result := { result := TRI_ok (0), result_string := omit } } }
2016/Feb/16 11:14:42.655263 PORTEVENT - Port geoNetworkingPort was mapped to system:geoNetworkingPort.
2016/Feb/16 11:14:42.656346 PORTEVENT - Port syncPort has established the connection with mtc:syncPort using transport type UNIX.
2016/Feb/16 11:14:42.657524 PORTEVENT - Connection of port syncPort to mtc:syncPort was closed unexpectedly by the peer.
2016/Feb/16 11:14:42.657580 PORTEVENT - Port syncPort was disconnected from mtc:syncPort.
2016/Feb/16 11:14:42.817867 PARALLEL - Kill was requested from MC. Terminating idle PTC.
2016/Feb/16 11:14:42.817900 PARALLEL - Terminating component type LibItsGeoNetworking_TestSystem.ItsGeoNetworking.
2016/Feb/16 11:14:42.817921 PORTEVENT - Port syncPort was stopped.
2016/Feb/16 11:14:42.817939 PORTEVENT - Port syncSendPort was stopped.
2016/Feb/16 11:14:42.817956 PORTEVENT - Removing unterminated mapping between port utPort and system:utPort.
2016/Feb/16 11:14:42.817979 DEBUG - TRI_encode(): Encoding @TRI_interface_Types.TRI_mapper_PDU: { msg_id := 2, msg := { unmapped := { } } }
2016/Feb/16 11:14:42.818040 DEBUG - TRI_encode(): Stream after encoding: '7B226D73675F6964223A322C226D7367223A7B22756E6D6170706564223A7B7D7D7D'O ("{\"msg_id\":2,\"msg\":{\"unmapped\":{}}}")
2016/Feb/16 11:14:42.858878 DEBUG - TRI_decode(): Stream before decoding: '7B226D7367223A7B22726573756C74223A7B22726573756C74223A225452495F6F6B227D7D2C226D73675F6964223A327D'O ("{\"msg\":{\"result\":{\"result\":\"TRI_ok\"}},\"msg_id\":2}")
2016/Feb/16 11:14:42.859090 DEBUG - TRI_decode(): Decoded @TRI_interface_Types.TRI_mapper_PDU: { msg_id := 2, msg := { result := { result := TRI_ok (0), result_string := omit } } }
2016/Feb/16 11:14:42.859196 PORTEVENT - Port utPort was unmapped from system:utPort.
2016/Feb/16 11:14:42.859301 DEBUG - TRI_encode(): Encoding @TRI_interface_Types.TRI_mapper_PDU: { msg_id := 3, msg := { unregister := { } } }
2016/Feb/16 11:14:42.859396 DEBUG - TRI_encode(): Stream after encoding: '7B226D73675F6964223A332C226D7367223A7B22756E7265676973746572223A7B7D7D7D'O ("{\"msg_id\":3,\"msg\":{\"unregister\":{}}}")
2016/Feb/16 11:14:42.897868 DEBUG - TRI_decode(): Stream before decoding: '7B226D7367223A7B22726573756C74223A7B22726573756C74223A225452495F6F6B227D7D2C226D73675F6964223A337D'O ("{\"msg\":{\"result\":{\"result\":\"TRI_ok\"}},\"msg_id\":3}")
2016/Feb/16 11:14:42.898118 DEBUG - TRI_decode(): Decoded @TRI_interface_Types.TRI_mapper_PDU: { msg_id := 3, msg := { result := { result := TRI_ok (0), result_string := omit } } }
2016/Feb/16 11:14:42.898315 PORTEVENT - Port utPort was stopped.
2016/Feb/16 11:14:42.898367 PORTEVENT - Removing unterminated mapping between port acPort and system:acPort.
2016/Feb/16 11:14:42.898412 DEBUG - TRI_encode(): Encoding @TRI_interface_Types.TRI_mapper_PDU: { msg_id := 2, msg := { unmapped := { } } }
2016/Feb/16 11:14:42.898503 DEBUG - TRI_encode(): Stream after encoding: '7B226D73675F6964223A322C226D7367223A7B22756E6D6170706564223A7B7D7D7D'O ("{\"msg_id\":2,\"msg\":{\"unmapped\":{}}}")
2016/Feb/16 11:14:42.938186 DEBUG - TRI_decode(): Stream before decoding: '7B226D7367223A7B22726573756C74223A7B22726573756C74223A225452495F6F6B227D7D2C226D73675F6964223A327D'O ("{\"msg\":{\"result\":{\"result\":\"TRI_ok\"}},\"msg_id\":2}")
2016/Feb/16 11:14:42.938424 DEBUG - TRI_decode(): Decoded @TRI_interface_Types.TRI_mapper_PDU: { msg_id := 2, msg := { result := { result := TRI_ok (0), result_string := omit } } }
2016/Feb/16 11:14:42.938542 PORTEVENT - Port acPort was unmapped from system:acPort.
2016/Feb/16 11:14:42.938625 DEBUG - TRI_encode(): Encoding @TRI_interface_Types.TRI_mapper_PDU: { msg_id := 3, msg := { unregister := { } } }
2016/Feb/16 11:14:42.938716 DEBUG - TRI_encode(): Stream after encoding: '7B226D73675F6964223A332C226D7367223A7B22756E7265676973746572223A7B7D7D7D'O ("{\"msg_id\":3,\"msg\":{\"unregister\":{}}}")
2016/Feb/16 11:14:42.978045 DEBUG - TRI_decode(): Stream before decoding: '7B226D7367223A7B22726573756C74223A7B22726573756C74223A225452495F6F6B227D7D2C226D73675F6964223A337D'O ("{\"msg\":{\"result\":{\"result\":\"TRI_ok\"}},\"msg_id\":3}")
2016/Feb/16 11:14:42.978302 DEBUG - TRI_decode(): Decoded @TRI_interface_Types.TRI_mapper_PDU: { msg_id := 3, msg := { result := { result := TRI_ok (0), result_string := omit } } }
2016/Feb/16 11:14:42.978491 PORTEVENT - Port acPort was stopped.
2016/Feb/16 11:14:42.978543 PORTEVENT - Removing unterminated mapping between port geoNetworkingPort and system:geoNetworkingPort.
2016/Feb/16 11:14:42.978588 DEBUG - TRI_encode(): Encoding @TRI_interface_Types.TRI_mapper_PDU: { msg_id := 2, msg := { unmapped := { } } }
2016/Feb/16 11:14:42.978680 DEBUG - TRI_encode(): Stream after encoding: '7B226D73675F6964223A322C226D7367223A7B22756E6D6170706564223A7B7D7D7D'O ("{\"msg_id\":2,\"msg\":{\"unmapped\":{}}}")
2016/Feb/16 11:14:43.041706 DEBUG - TRI_decode(): Stream before decoding: '7B226D7367223A7B22726573756C74223A7B22726573756C74223A225452495F6F6B227D7D2C226D73675F6964223A327D'O ("{\"msg\":{\"result\":{\"result\":\"TRI_ok\"}},\"msg_id\":2}")
2016/Feb/16 11:14:43.041942 DEBUG - TRI_decode(): Decoded @TRI_interface_Types.TRI_mapper_PDU: { msg_id := 2, msg := { result := { result := TRI_ok (0), result_string := omit } } }
2016/Feb/16 11:14:43.042050 PORTEVENT - Port geoNetworkingPort was unmapped from system:geoNetworkingPort.
2016/Feb/16 11:14:43.042138 DEBUG - TRI_encode(): Encoding @TRI_interface_Types.TRI_mapper_PDU: { msg_id := 3, msg := { unregister := { } } }
2016/Feb/16 11:14:43.042232 DEBUG - TRI_encode(): Stream after encoding: '7B226D73675F6964223A332C226D7367223A7B22756E7265676973746572223A7B7D7D7D'O ("{\"msg_id\":3,\"msg\":{\"unregister\":{}}}")
2016/Feb/16 11:14:43.081720 DEBUG - TRI_decode(): Stream before decoding: '7B226D7367223A7B22726573756C74223A7B22726573756C74223A225452495F6F6B227D7D2C226D73675F6964223A337D'O ("{\"msg\":{\"result\":{\"result\":\"TRI_ok\"}},\"msg_id\":3}")
2016/Feb/16 11:14:43.081887 DEBUG - TRI_decode(): Decoded @TRI_interface_Types.TRI_mapper_PDU: { msg_id := 3, msg := { result := { result := TRI_ok (0), result_string := omit } } }
2016/Feb/16 11:14:43.081981 PORTEVENT - Port geoNetworkingPort was stopped.
2016/Feb/16 11:14:43.082009 PARALLEL - Component type LibItsGeoNetworking_TestSystem.ItsGeoNetworking was shut down inside testcase TC_GEONW_PON_TSB_BV_02.
2016/Feb/16 11:14:43.082051 VERDICTOP - Final verdict of PTC: none
2016/Feb/16 11:14:43.083206 EXECUTOR - Disconnected from MC.
2016/Feb/16 11:14:43.083229 EXECUTOR - TTCN-3 Parallel Test Component finished.
