2016/Feb/16 11:14:07.310805 EXECUTOR - TTCN-3 Parallel Test Component started on aitorkun-HP-EliteBook-2530p. Component reference: NodeD(71), component type: LibItsGeoNetworking_TestSystem.ItsGeoNetworking, component name: NodeD. Version: CRL 113 200/5 R4A.
2016/Feb/16 11:14:07.310890 EXECUTOR - TTCN Logger v2.2 options: TimeStampFormat:=DateTime; LogEntityName:=No; LogEventTypes:=Yes; SourceInfoFormat:=Single; *.FileMask:=LOG_ALL | MATCHING | DEBUG; *.ConsoleMask:=ERROR | TESTCASE | STATISTICS | USER | VERDICTOP | WARNING | DEBUG; LogFileSize:=0; LogFileNumber:=1; DiskFullAction:=Error
2016/Feb/16 11:14:07.311001 EXECUTOR - Connected to MC.
2016/Feb/16 11:14:07.311054 PARALLEL - Initializing variables, timers and ports of component type LibItsGeoNetworking_TestSystem.ItsGeoNetworking inside testcase TC_GEONW_PON_GBC_BO_19.
2016/Feb/16 11:14:07.311267 WARNING - Warning: Test port parameter TRI_mapper_address is not supported on port syncPort.
2016/Feb/16 11:14:07.311313 WARNING - Warning: Test port parameter TRI_mapper_address is not supported on port syncSendPort.
2016/Feb/16 11:14:07.311377 WARNING - Warning: Test port parameter TRI_mapper_port is not supported on port syncPort.
2016/Feb/16 11:14:07.311417 WARNING - Warning: Test port parameter TRI_mapper_port is not supported on port syncSendPort.
2016/Feb/16 11:14:07.311456 PORTEVENT - Port syncPort was started.
2016/Feb/16 11:14:07.311494 PORTEVENT - Port syncSendPort was started.
2016/Feb/16 11:14:07.311657 DEBUG - TRI_encode(): Encoding @TRI_interface_Types.TRI_mapper_PDU: { msg_id := 0, msg := { reg := { portid := { portName := "utPort", portTypeName := "GeoNetworkingPort", component_ := { componentId := '00000047'O, componentName := "NodeD", componentTypeName := "N/A" }, portindex := omit }, type_list := omit } } }
2016/Feb/16 11:14:07.311748 DEBUG - TRI_encode(): Stream after encoding: '7B226D73675F6964223A302C226D7367223A7B22726567223A7B22706F72746964223A7B22706F72744E616D65223A227574506F7274222C22706F7274547970654E616D65223A2247656F4E6574776F726B696E67506F7274222C22636F6D706F6E656E745F223A7B22636F6D706F6E656E744964223A223030303030303437222C22636F6D706F6E656E744E616D65223A224E6F646544222C22636F6D706F6E656E74547970654E616D65223A224E2F41227D7D7D7D7D'O ("{\"msg_id\":0,\"msg\":{\"reg\":{\"portid\":{\"portName\":\"utPort\",\"portTypeName\":\"GeoNetworkingPort\",\"component_\":{\"componentId\":\"00000047\",\"componentName\":\"NodeD\",\"componentTypeName\":\"N/A\"}}}}}")
2016/Feb/16 11:14:07.314293 DEBUG - TRI_decode(): Stream before decoding: '7B226D7367223A7B22726573756C74223A7B22726573756C74223A225452495F6F6B227D7D2C226D73675F6964223A307D'O ("{\"msg\":{\"result\":{\"result\":\"TRI_ok\"}},\"msg_id\":0}")
2016/Feb/16 11:14:07.314391 DEBUG - TRI_decode(): Decoded @TRI_interface_Types.TRI_mapper_PDU: { msg_id := 0, msg := { result := { result := TRI_ok (0), result_string := omit } } }
2016/Feb/16 11:14:07.314435 PORTEVENT - Port utPort was started.
2016/Feb/16 11:14:07.314534 DEBUG - TRI_encode(): Encoding @TRI_interface_Types.TRI_mapper_PDU: { msg_id := 0, msg := { reg := { portid := { portName := "acPort", portTypeName := "<port type name>", component_ := { componentId := '00000047'O, componentName := "NodeD", componentTypeName := "N/A" }, portindex := omit }, type_list := omit } } }
2016/Feb/16 11:14:07.314601 DEBUG - TRI_encode(): Stream after encoding: '7B226D73675F6964223A302C226D7367223A7B22726567223A7B22706F72746964223A7B22706F72744E616D65223A226163506F7274222C22706F7274547970654E616D65223A223C706F72742074797065206E616D653E222C22636F6D706F6E656E745F223A7B22636F6D706F6E656E744964223A223030303030303437222C22636F6D706F6E656E744E616D65223A224E6F646544222C22636F6D706F6E656E74547970654E616D65223A224E2F41227D7D7D7D7D'O ("{\"msg_id\":0,\"msg\":{\"reg\":{\"portid\":{\"portName\":\"acPort\",\"portTypeName\":\"<port type name>\",\"component_\":{\"componentId\":\"00000047\",\"componentName\":\"NodeD\",\"componentTypeName\":\"N/A\"}}}}}")
2016/Feb/16 11:14:07.319992 DEBUG - TRI_decode(): Stream before decoding: '7B226D7367223A7B22726573756C74223A7B22726573756C74223A225452495F6F6B227D7D2C226D73675F6964223A307D'O ("{\"msg\":{\"result\":{\"result\":\"TRI_ok\"}},\"msg_id\":0}")
2016/Feb/16 11:14:07.320085 DEBUG - TRI_decode(): Decoded @TRI_interface_Types.TRI_mapper_PDU: { msg_id := 0, msg := { result := { result := TRI_ok (0), result_string := omit } } }
2016/Feb/16 11:14:07.320129 PORTEVENT - Port acPort was started.
2016/Feb/16 11:14:07.320278 DEBUG - TRI_encode(): Encoding @TRI_interface_Types.TRI_mapper_PDU: { msg_id := 0, msg := { reg := { portid := { portName := "geoNetworkingPort", portTypeName := "GeoNetworkingPort", component_ := { componentId := '00000047'O, componentName := "NodeD", componentTypeName := "N/A" }, portindex := omit }, type_list := omit } } }
2016/Feb/16 11:14:07.320351 DEBUG - TRI_encode(): Stream after encoding: '7B226D73675F6964223A302C226D7367223A7B22726567223A7B22706F72746964223A7B22706F72744E616D65223A2267656F4E6574776F726B696E67506F7274222C22706F7274547970654E616D65223A2247656F4E6574776F726B696E67506F7274222C22636F6D706F6E656E745F223A7B22636F6D706F6E656E744964223A223030303030303437222C22636F6D706F6E656E744E616D65223A224E6F646544222C22636F6D706F6E656E74547970654E616D65223A224E2F41227D7D7D7D7D'O ("{\"msg_id\":0,\"msg\":{\"reg\":{\"portid\":{\"portName\":\"geoNetworkingPort\",\"portTypeName\":\"GeoNetworkingPort\",\"component_\":{\"componentId\":\"00000047\",\"componentName\":\"NodeD\",\"componentTypeName\":\"N/A\"}}}}}")
2016/Feb/16 11:14:07.325468 DEBUG - TRI_decode(): Stream before decoding: '7B226D7367223A7B22726573756C74223A7B22726573756C74223A225452495F6F6B227D7D2C226D73675F6964223A307D'O ("{\"msg\":{\"result\":{\"result\":\"TRI_ok\"}},\"msg_id\":0}")
2016/Feb/16 11:14:07.325548 DEBUG - TRI_decode(): Decoded @TRI_interface_Types.TRI_mapper_PDU: { msg_id := 0, msg := { result := { result := TRI_ok (0), result_string := omit } } }
2016/Feb/16 11:14:07.325589 PORTEVENT - Port geoNetworkingPort was started.
2016/Feb/16 11:14:07.325607 PARALLEL - Component type LibItsGeoNetworking_TestSystem.ItsGeoNetworking was initialized.
2016/Feb/16 11:14:07.703090 PARALLEL - Kill was requested from MC. Terminating idle PTC.
2016/Feb/16 11:14:07.703154 PARALLEL - Terminating component type LibItsGeoNetworking_TestSystem.ItsGeoNetworking.
2016/Feb/16 11:14:07.703194 PORTEVENT - Port syncPort was stopped.
2016/Feb/16 11:14:07.703230 PORTEVENT - Port syncSendPort was stopped.
2016/Feb/16 11:14:07.703267 DEBUG - TRI_encode(): Encoding @TRI_interface_Types.TRI_mapper_PDU: { msg_id := 1, msg := { unregister := { } } }
2016/Feb/16 11:14:07.703375 DEBUG - TRI_encode(): Stream after encoding: '7B226D73675F6964223A312C226D7367223A7B22756E7265676973746572223A7B7D7D7D'O ("{\"msg_id\":1,\"msg\":{\"unregister\":{}}}")
2016/Feb/16 11:14:07.741715 DEBUG - TRI_decode(): Stream before decoding: '7B226D7367223A7B22726573756C74223A7B22726573756C74223A225452495F6F6B227D7D2C226D73675F6964223A317D'O ("{\"msg\":{\"result\":{\"result\":\"TRI_ok\"}},\"msg_id\":1}")
2016/Feb/16 11:14:07.741872 DEBUG - TRI_decode(): Decoded @TRI_interface_Types.TRI_mapper_PDU: { msg_id := 1, msg := { result := { result := TRI_ok (0), result_string := omit } } }
2016/Feb/16 11:14:07.741975 PORTEVENT - Port utPort was stopped.
2016/Feb/16 11:14:07.742005 DEBUG - TRI_encode(): Encoding @TRI_interface_Types.TRI_mapper_PDU: { msg_id := 1, msg := { unregister := { } } }
2016/Feb/16 11:14:07.742057 DEBUG - TRI_encode(): Stream after encoding: '7B226D73675F6964223A312C226D7367223A7B22756E7265676973746572223A7B7D7D7D'O ("{\"msg_id\":1,\"msg\":{\"unregister\":{}}}")
2016/Feb/16 11:14:07.782102 DEBUG - TRI_decode(): Stream before decoding: '7B226D7367223A7B22726573756C74223A7B22726573756C74223A225452495F6F6B227D7D2C226D73675F6964223A317D'O ("{\"msg\":{\"result\":{\"result\":\"TRI_ok\"}},\"msg_id\":1}")
2016/Feb/16 11:14:07.782329 DEBUG - TRI_decode(): Decoded @TRI_interface_Types.TRI_mapper_PDU: { msg_id := 1, msg := { result := { result := TRI_ok (0), result_string := omit } } }
2016/Feb/16 11:14:07.782474 PORTEVENT - Port acPort was stopped.
2016/Feb/16 11:14:07.782527 DEBUG - TRI_encode(): Encoding @TRI_interface_Types.TRI_mapper_PDU: { msg_id := 1, msg := { unregister := { } } }
2016/Feb/16 11:14:07.782656 DEBUG - TRI_encode(): Stream after encoding: '7B226D73675F6964223A312C226D7367223A7B22756E7265676973746572223A7B7D7D7D'O ("{\"msg_id\":1,\"msg\":{\"unregister\":{}}}")
2016/Feb/16 11:14:07.821468 DEBUG - TRI_decode(): Stream before decoding: '7B226D7367223A7B22726573756C74223A7B22726573756C74223A225452495F6F6B227D7D2C226D73675F6964223A317D'O ("{\"msg\":{\"result\":{\"result\":\"TRI_ok\"}},\"msg_id\":1}")
2016/Feb/16 11:14:07.821579 DEBUG - TRI_decode(): Decoded @TRI_interface_Types.TRI_mapper_PDU: { msg_id := 1, msg := { result := { result := TRI_ok (0), result_string := omit } } }
2016/Feb/16 11:14:07.821659 PORTEVENT - Port geoNetworkingPort was stopped.
2016/Feb/16 11:14:07.821683 PARALLEL - Component type LibItsGeoNetworking_TestSystem.ItsGeoNetworking was shut down inside testcase TC_GEONW_PON_GBC_BO_19.
2016/Feb/16 11:14:07.821721 VERDICTOP - Final verdict of PTC: none
2016/Feb/16 11:14:07.821949 EXECUTOR - Disconnected from MC.
2016/Feb/16 11:14:07.821970 EXECUTOR - TTCN-3 Parallel Test Component finished.
