2016/Feb/16 11:08:38.357610 EXECUTOR - TTCN-3 Parallel Test Component started on aitorkun-HP-EliteBook-2530p. Component reference: NodeC(14), component type: LibItsGeoNetworking_TestSystem.ItsGeoNetworking, component name: NodeC. Version: CRL 113 200/5 R4A.
2016/Feb/16 11:08:38.357979 EXECUTOR - TTCN Logger v2.2 options: TimeStampFormat:=DateTime; LogEntityName:=No; LogEventTypes:=Yes; SourceInfoFormat:=Single; *.FileMask:=LOG_ALL | MATCHING | DEBUG; *.ConsoleMask:=ERROR | TESTCASE | STATISTICS | USER | VERDICTOP | WARNING | DEBUG; LogFileSize:=0; LogFileNumber:=1; DiskFullAction:=Error
2016/Feb/16 11:08:38.358130 EXECUTOR - Connected to MC.
2016/Feb/16 11:08:38.358966 PARALLEL - Initializing variables, timers and ports of component type LibItsGeoNetworking_TestSystem.ItsGeoNetworking inside testcase TC_GEONW_PON_FPB_BV_02.
2016/Feb/16 11:08:38.359190 WARNING - Warning: Test port parameter TRI_mapper_address is not supported on port syncPort.
2016/Feb/16 11:08:38.359636 WARNING - Warning: Test port parameter TRI_mapper_address is not supported on port syncSendPort.
2016/Feb/16 11:08:38.359746 WARNING - Warning: Test port parameter TRI_mapper_port is not supported on port syncPort.
2016/Feb/16 11:08:38.360524 WARNING - Warning: Test port parameter TRI_mapper_port is not supported on port syncSendPort.
2016/Feb/16 11:08:38.360598 PORTEVENT - Port syncPort was started.
2016/Feb/16 11:08:38.360635 PORTEVENT - Port syncSendPort was started.
2016/Feb/16 11:08:38.360997 DEBUG - TRI_encode(): Encoding @TRI_interface_Types.TRI_mapper_PDU: { msg_id := 0, msg := { reg := { portid := { portName := "utPort", portTypeName := "GeoNetworkingPort", component_ := { componentId := '0000000E'O, componentName := "NodeC", componentTypeName := "N/A" }, portindex := omit }, type_list := omit } } }
2016/Feb/16 11:08:38.361117 DEBUG - TRI_encode(): Stream after encoding: '7B226D73675F6964223A302C226D7367223A7B22726567223A7B22706F72746964223A7B22706F72744E616D65223A227574506F7274222C22706F7274547970654E616D65223A2247656F4E6574776F726B696E67506F7274222C22636F6D706F6E656E745F223A7B22636F6D706F6E656E744964223A223030303030303045222C22636F6D706F6E656E744E616D65223A224E6F646543222C22636F6D706F6E656E74547970654E616D65223A224E2F41227D7D7D7D7D'O ("{\"msg_id\":0,\"msg\":{\"reg\":{\"portid\":{\"portName\":\"utPort\",\"portTypeName\":\"GeoNetworkingPort\",\"component_\":{\"componentId\":\"0000000E\",\"componentName\":\"NodeC\",\"componentTypeName\":\"N/A\"}}}}}")
2016/Feb/16 11:08:38.363191 DEBUG - TRI_decode(): Stream before decoding: '7B226D7367223A7B22726573756C74223A7B22726573756C74223A225452495F6F6B227D7D2C226D73675F6964223A307D'O ("{\"msg\":{\"result\":{\"result\":\"TRI_ok\"}},\"msg_id\":0}")
2016/Feb/16 11:08:38.363433 DEBUG - TRI_decode(): Decoded @TRI_interface_Types.TRI_mapper_PDU: { msg_id := 0, msg := { result := { result := TRI_ok (0), result_string := omit } } }
2016/Feb/16 11:08:38.363619 PORTEVENT - Port utPort was started.
2016/Feb/16 11:08:38.364319 DEBUG - TRI_encode(): Encoding @TRI_interface_Types.TRI_mapper_PDU: { msg_id := 0, msg := { reg := { portid := { portName := "acPort", portTypeName := "<port type name>", component_ := { componentId := '0000000E'O, componentName := "NodeC", componentTypeName := "N/A" }, portindex := omit }, type_list := omit } } }
2016/Feb/16 11:08:38.364755 DEBUG - TRI_encode(): Stream after encoding: '7B226D73675F6964223A302C226D7367223A7B22726567223A7B22706F72746964223A7B22706F72744E616D65223A226163506F7274222C22706F7274547970654E616D65223A223C706F72742074797065206E616D653E222C22636F6D706F6E656E745F223A7B22636F6D706F6E656E744964223A223030303030303045222C22636F6D706F6E656E744E616D65223A224E6F646543222C22636F6D706F6E656E74547970654E616D65223A224E2F41227D7D7D7D7D'O ("{\"msg_id\":0,\"msg\":{\"reg\":{\"portid\":{\"portName\":\"acPort\",\"portTypeName\":\"<port type name>\",\"component_\":{\"componentId\":\"0000000E\",\"componentName\":\"NodeC\",\"componentTypeName\":\"N/A\"}}}}}")
2016/Feb/16 11:08:38.365754 DEBUG - TRI_decode(): Stream before decoding: '7B226D7367223A7B22726573756C74223A7B22726573756C74223A225452495F6F6B227D7D2C226D73675F6964223A307D'O ("{\"msg\":{\"result\":{\"result\":\"TRI_ok\"}},\"msg_id\":0}")
2016/Feb/16 11:08:38.365839 DEBUG - TRI_decode(): Decoded @TRI_interface_Types.TRI_mapper_PDU: { msg_id := 0, msg := { result := { result := TRI_ok (0), result_string := omit } } }
2016/Feb/16 11:08:38.365884 PORTEVENT - Port acPort was started.
2016/Feb/16 11:08:38.366103 DEBUG - TRI_encode(): Encoding @TRI_interface_Types.TRI_mapper_PDU: { msg_id := 0, msg := { reg := { portid := { portName := "geoNetworkingPort", portTypeName := "GeoNetworkingPort", component_ := { componentId := '0000000E'O, componentName := "NodeC", componentTypeName := "N/A" }, portindex := omit }, type_list := omit } } }
2016/Feb/16 11:08:38.366183 DEBUG - TRI_encode(): Stream after encoding: '7B226D73675F6964223A302C226D7367223A7B22726567223A7B22706F72746964223A7B22706F72744E616D65223A2267656F4E6574776F726B696E67506F7274222C22706F7274547970654E616D65223A2247656F4E6574776F726B696E67506F7274222C22636F6D706F6E656E745F223A7B22636F6D706F6E656E744964223A223030303030303045222C22636F6D706F6E656E744E616D65223A224E6F646543222C22636F6D706F6E656E74547970654E616D65223A224E2F41227D7D7D7D7D'O ("{\"msg_id\":0,\"msg\":{\"reg\":{\"portid\":{\"portName\":\"geoNetworkingPort\",\"portTypeName\":\"GeoNetworkingPort\",\"component_\":{\"componentId\":\"0000000E\",\"componentName\":\"NodeC\",\"componentTypeName\":\"N/A\"}}}}}")
2016/Feb/16 11:08:38.367333 DEBUG - TRI_decode(): Stream before decoding: '7B226D7367223A7B22726573756C74223A7B22726573756C74223A225452495F6F6B227D7D2C226D73675F6964223A307D'O ("{\"msg\":{\"result\":{\"result\":\"TRI_ok\"}},\"msg_id\":0}")
2016/Feb/16 11:08:38.367395 DEBUG - TRI_decode(): Decoded @TRI_interface_Types.TRI_mapper_PDU: { msg_id := 0, msg := { result := { result := TRI_ok (0), result_string := omit } } }
2016/Feb/16 11:08:38.367435 PORTEVENT - Port geoNetworkingPort was started.
2016/Feb/16 11:08:38.367452 PARALLEL - Component type LibItsGeoNetworking_TestSystem.ItsGeoNetworking was initialized.
2016/Feb/16 11:08:38.579478 DEBUG - TRI_encode(): Encoding @TRI_interface_Types.TRI_mapper_PDU: { msg_id := 1, msg := { mapped := { portid := { portName := "acPort", portTypeName := "<port type name>", component_ := { componentId := '00000001'O, componentName := "System", componentTypeName := "N/A" }, portindex := omit } } } }
2016/Feb/16 11:08:38.579571 DEBUG - TRI_encode(): Stream after encoding: '7B226D73675F6964223A312C226D7367223A7B226D6170706564223A7B22706F72746964223A7B22706F72744E616D65223A226163506F7274222C22706F7274547970654E616D65223A223C706F72742074797065206E616D653E222C22636F6D706F6E656E745F223A7B22636F6D706F6E656E744964223A223030303030303031222C22636F6D706F6E656E744E616D65223A2253797374656D222C22636F6D706F6E656E74547970654E616D65223A224E2F41227D7D7D7D7D'O ("{\"msg_id\":1,\"msg\":{\"mapped\":{\"portid\":{\"portName\":\"acPort\",\"portTypeName\":\"<port type name>\",\"component_\":{\"componentId\":\"00000001\",\"componentName\":\"System\",\"componentTypeName\":\"N/A\"}}}}}")
2016/Feb/16 11:08:38.617543 DEBUG - TRI_decode(): Stream before decoding: '7B226D7367223A7B22726573756C74223A7B22726573756C74223A225452495F6F6B227D7D2C226D73675F6964223A317D'O ("{\"msg\":{\"result\":{\"result\":\"TRI_ok\"}},\"msg_id\":1}")
2016/Feb/16 11:08:38.617685 DEBUG - TRI_decode(): Decoded @TRI_interface_Types.TRI_mapper_PDU: { msg_id := 1, msg := { result := { result := TRI_ok (0), result_string := omit } } }
2016/Feb/16 11:08:38.617748 PORTEVENT - Port acPort was mapped to system:acPort.
2016/Feb/16 11:08:38.618266 DEBUG - TRI_encode(): Encoding @TRI_interface_Types.TRI_mapper_PDU: { msg_id := 1, msg := { mapped := { portid := { portName := "utPort", portTypeName := "GeoNetworkingPort", component_ := { componentId := '00000001'O, componentName := "System", componentTypeName := "N/A" }, portindex := omit } } } }
2016/Feb/16 11:08:38.618348 DEBUG - TRI_encode(): Stream after encoding: '7B226D73675F6964223A312C226D7367223A7B226D6170706564223A7B22706F72746964223A7B22706F72744E616D65223A227574506F7274222C22706F7274547970654E616D65223A2247656F4E6574776F726B696E67506F7274222C22636F6D706F6E656E745F223A7B22636F6D706F6E656E744964223A223030303030303031222C22636F6D706F6E656E744E616D65223A2253797374656D222C22636F6D706F6E656E74547970654E616D65223A224E2F41227D7D7D7D7D'O ("{\"msg_id\":1,\"msg\":{\"mapped\":{\"portid\":{\"portName\":\"utPort\",\"portTypeName\":\"GeoNetworkingPort\",\"component_\":{\"componentId\":\"00000001\",\"componentName\":\"System\",\"componentTypeName\":\"N/A\"}}}}}")
2016/Feb/16 11:08:38.658679 DEBUG - TRI_decode(): Stream before decoding: '7B226D7367223A7B22726573756C74223A7B22726573756C74223A225452495F6F6B227D7D2C226D73675F6964223A317D'O ("{\"msg\":{\"result\":{\"result\":\"TRI_ok\"}},\"msg_id\":1}")
2016/Feb/16 11:08:38.658831 DEBUG - TRI_decode(): Decoded @TRI_interface_Types.TRI_mapper_PDU: { msg_id := 1, msg := { result := { result := TRI_ok (0), result_string := omit } } }
2016/Feb/16 11:08:38.658888 PORTEVENT - Port utPort was mapped to system:utPort.
2016/Feb/16 11:08:38.663025 DEBUG - TRI_encode(): Encoding @TRI_interface_Types.TRI_mapper_PDU: { msg_id := 1, msg := { mapped := { portid := { portName := "geoNetworkingPort", portTypeName := "GeoNetworkingPort", component_ := { componentId := '00000001'O, componentName := "System", componentTypeName := "N/A" }, portindex := omit } } } }
2016/Feb/16 11:08:38.663161 DEBUG - TRI_encode(): Stream after encoding: '7B226D73675F6964223A312C226D7367223A7B226D6170706564223A7B22706F72746964223A7B22706F72744E616D65223A2267656F4E6574776F726B696E67506F7274222C22706F7274547970654E616D65223A2247656F4E6574776F726B696E67506F7274222C22636F6D706F6E656E745F223A7B22636F6D706F6E656E744964223A223030303030303031222C22636F6D706F6E656E744E616D65223A2253797374656D222C22636F6D706F6E656E74547970654E616D65223A224E2F41227D7D7D7D7D'O ("{\"msg_id\":1,\"msg\":{\"mapped\":{\"portid\":{\"portName\":\"geoNetworkingPort\",\"portTypeName\":\"GeoNetworkingPort\",\"component_\":{\"componentId\":\"00000001\",\"componentName\":\"System\",\"componentTypeName\":\"N/A\"}}}}}")
2016/Feb/16 11:08:38.702188 DEBUG - TRI_decode(): Stream before decoding: '7B226D7367223A7B22726573756C74223A7B22726573756C74223A225452495F6F6B227D7D2C226D73675F6964223A317D'O ("{\"msg\":{\"result\":{\"result\":\"TRI_ok\"}},\"msg_id\":1}")
2016/Feb/16 11:08:38.702305 DEBUG - TRI_decode(): Decoded @TRI_interface_Types.TRI_mapper_PDU: { msg_id := 1, msg := { result := { result := TRI_ok (0), result_string := omit } } }
2016/Feb/16 11:08:38.702360 PORTEVENT - Port geoNetworkingPort was mapped to system:geoNetworkingPort.
2016/Feb/16 11:08:38.711646 PORTEVENT - Port syncPort has established the connection with mtc:syncPort using transport type UNIX.
2016/Feb/16 11:08:38.783660 PARALLEL - Starting function f_initialiseComponent({ { key := "IUT", position := { gnAddr := { typeOfAddress := e_manual (1), stationType := e_passengerCar (5), stationCountryCode := 0, mid := '000000000000'O }, timestamp := 0, latitude := 0, longitude := 0, pai := '0'B, speed := 0, heading := 0 } }, { key := "NodeA", position := { gnAddr := { typeOfAddress := e_manual (1), stationType := e_passengerCar (5), stationCountryCode := 0, mid := '00000000000A'O }, timestamp := 3918371734, latitude := 100000, longitude := 0, pai := '1'B, speed := 0, heading := 0 } }, { key := "NodeB", position := { gnAddr := { typeOfAddress := e_manual (1), stationType := e_passengerCar (5), stationCountryCode := 0, mid := '00000000000B'O }, timestamp := 3918371734, latitude := 20000, longitude := 0, pai := '1'B, speed := 0, heading := 0 } }, { key := "NodeC", position := { gnAddr := { typeOfAddress := e_manual (1), stationType := e_passengerCar (5), stationCountryCode := 0, mid := '00000000000C'O }, timestamp := 3918371734, latitude := -60000, longitude := 0, pai := '1'B, speed := 0, heading := 0 } }, { key := "NodeD", position := { gnAddr := { typeOfAddress := e_manual (1), stationType := e_passengerCar (5), stationCountryCode := 0, mid := '00000000000D'O }, timestamp := 3918371734, latitude := 10000, longitude := 0, pai := '1'B, speed := 0, heading := 0 } }, { key := "NodeE", position := { gnAddr := { typeOfAddress := e_manual (1), stationType := e_passengerCar (5), stationCountryCode := 0, mid := '00000000000E'O }, timestamp := 3918371734, latitude := -10000, longitude := 0, pai := '1'B, speed := 0, heading := 0 } }, { key := "NodeF", position := { gnAddr := { typeOfAddress := e_manual (1), stationType := e_passengerCar (5), stationCountryCode := 0, mid := '00000000000F'O }, timestamp := 3918371734, latitude := 20000, longitude := -30000, pai := '1'B, speed := 0, heading := 0 } } }, { { key := "AREA1", geoArea := { shape := e_geoCircle (0), area := { geoAreaPosLatitude := 10000, geoAreaPosLongitude := 0, distanceA := 555, distanceB := 0, angle := 0 } } }, { key := "AREA2", geoArea := { shape := e_geoCircle (0), area := { geoAreaPosLatitude := 20000, geoAreaPosLongitude := 0, distanceA := 166, distanceB := 0, angle := 0 } } } }, "NodeC").
2016/Feb/16 11:08:38.783899 PARALLEL - Function f_initialiseComponent finished. PTC remains alive and is waiting for next start.
2016/Feb/16 11:08:38.785019 PARALLEL - Starting function f_GEONW_PON_FPB_BV_02_nodeC(51806).
2016/Feb/16 11:08:38.785075 DEFAULTOP LibItsGeoNetworking_Functions.ttcn:1581 Altstep a_default was activated as default, id 1
2016/Feb/16 11:08:38.785098 DEFAULTOP LibItsGeoNetworking_Functions.ttcn:1582 Altstep a_utDefault was activated as default, id 2
2016/Feb/16 11:08:38.785156 DEFAULTOP LibItsGeoNetworking_Functions.ttcn:761 Altstep a_neighbourDefault was activated as default, id 3
2016/Feb/16 11:08:38.785342 PORTEVENT LibItsGeoNetworking_Functions.ttcn:1722 Sent on acPort to system @LibItsGeoNetworking_TypesAndValues.AcGnPrimitive : { startBeaconing := { beaconPacket := { basicHeader := { version := 0, nextHeader := e_commonHeader (1), reserved := 0, lifeTime := { multiplier := 10, ltBase := e_100s (3) }, routerHopLimit := 1 }, gnPacket := { packet := { commonHeader := { nextHeader := e_any (0), reserved := 0, headerTST := { beaconHdr := { headerType := e_beacon (1), headerSubType := 0 } }, trafficClass := { scf := e_scfEnable (1), channelOffload := e_choffDisabled (0), tcId := 0 }, flags := '00000000'B, plLength := 0, maxHopLimit := 1, reserved2 := 0 }, extendedHeader := { beaconHeader := { srcPosVector := { gnAddr := { typeOfAddress := e_manual (1), stationType := e_passengerCar (5), stationCountryCode := 0, mid := '00000000000C'O }, timestamp := 3918371734, latitude := -60000, longitude := 0, pai := '1'B, speed := 0, heading := 0 } } }, payload := omit }, securedMsg := omit } } } }
2016/Feb/16 11:08:38.785385 DEBUG LibItsGeoNetworking_Functions.ttcn:1722 { basicHeader := { version := 0, nextHeader := e_commonHeader (1), reserved := 0, lifeTime := { multiplier := 10, ltBase := e_100s (3) }, routerHopLimit := 1 }, gnPacket := { packet := { commonHeader := { nextHeader := e_any (0), reserved := 0, headerTST := { beaconHdr := { headerType := e_beacon (1), headerSubType := 0 } }, trafficClass := { scf := e_scfEnable (1), channelOffload := e_choffDisabled (0), tcId := 0 }, flags := '00000000'B, plLength := 0, maxHopLimit := 1, reserved2 := 0 }, extendedHeader := { beaconHeader := { srcPosVector := { gnAddr := { typeOfAddress := e_manual (1), stationType := e_passengerCar (5), stationCountryCode := 0, mid := '00000000000C'O }, timestamp := 3918371734, latitude := -60000, longitude := 0, pai := '1'B, speed := 0, heading := 0 } } }, payload := omit }, securedMsg := omit } }
2016/Feb/16 11:08:38.785507 DEBUG LibItsGeoNetworking_Functions.ttcn:1722 f_enc_GeoNetworkingPdu(): Encoding @LibItsGeoNetworking_TypesAndValues.GeoNetworkingPdu: { basicHeader := { version := 0, nextHeader := e_commonHeader (1), reserved := 0, lifeTime := { multiplier := 10, ltBase := e_100s (3) }, routerHopLimit := 1 }, gnPacket := { packet := { commonHeader := { nextHeader := e_any (0), reserved := 0, headerTST := { beaconHdr := { headerType := e_beacon (1), headerSubType := 0 } }, trafficClass := { scf := e_scfEnable (1), channelOffload := e_choffDisabled (0), tcId := 0 }, flags := '00000000'B, plLength := 0, maxHopLimit := 1, reserved2 := 0 }, extendedHeader := { beaconHeader := { srcPosVector := { gnAddr := { typeOfAddress := e_manual (1), stationType := e_passengerCar (5), stationCountryCode := 0, mid := '00000000000C'O }, timestamp := 3918371734, latitude := -60000, longitude := 0, pai := '1'B, speed := 0, heading := 0 } } }, payload := omit }, securedMsg := omit } }
2016/Feb/16 11:08:38.785684 DEBUG LibItsGeoNetworking_Functions.ttcn:1722 f_enc_GeoNetworkingPdu(): Stream after encoding: '0100CA0100100100000001000B0000000000000CE98D9B968000EA600000000001000000'O
2016/Feb/16 11:08:38.785766 DEBUG LibItsGeoNetworking_Functions.ttcn:1722 TRI_encode(): Encoding @TRI_interface_Types.TRI_mapper_PDU: { msg_id := 2, msg := { sendmsg := { addr := omit, data := { encoded_data := '00000100CA0100100100000001000B0000000000000CE98D9B968000EA600000000001000000'O } } } }
2016/Feb/16 11:08:38.785875 DEBUG LibItsGeoNetworking_Functions.ttcn:1722 TRI_encode(): Stream after encoding: '7B226D73675F6964223A322C226D7367223A7B2273656E646D7367223A7B2264617461223A7B22656E636F6465645F64617461223A2230303030303130304341303130303130303130303030303030313030304230303030303030303030303030434539384439423936383030304541363030303030303030303031303030303030227D7D7D7D'O ("{\"msg_id\":2,\"msg\":{\"sendmsg\":{\"data\":{\"encoded_data\":\"00000100CA0100100100000001000B0000000000000CE98D9B968000EA600000000001000000\"}}}}")
2016/Feb/16 11:08:38.786039 TIMEROP LibCommon_Time.ttcn:78 Start timer t: 1 s
2016/Feb/16 11:08:38.786081 WARNING LibCommon_Time.ttcn:80 Warning: An [else] branch of an alt construct has been reached. Re-configuring the snapshot manager to call the event handlers even when taking the first snapshot.
2016/Feb/16 11:08:38.825750 DEBUG LibCommon_Time.ttcn:81 TRI_decode(): Stream before decoding: '7B226D7367223A7B22726573756C74223A7B22726573756C74223A225452495F6F6B227D7D2C226D73675F6964223A327D'O ("{\"msg\":{\"result\":{\"result\":\"TRI_ok\"}},\"msg_id\":2}")
2016/Feb/16 11:08:38.825865 DEBUG LibCommon_Time.ttcn:81 TRI_decode(): Decoded @TRI_interface_Types.TRI_mapper_PDU: { msg_id := 2, msg := { result := { result := TRI_ok (0), result_string := omit } } }
2016/Feb/16 11:08:39.565731 DEBUG LibCommon_Time.ttcn:81 TRI_decode(): Stream before decoding: '7B226D7367223A7B22656E71756575655F6D7367223A7B2264617461223A7B22656E636F6465645F64617461223A22303130304631304130303630383238303030303030413030303030303030303039354639303445353438303030303031314144324638433031383938413930383030453833333638383030303030303030423030303030303030303030303041464646464646464646464646227D7D7D2C226D73675F6964223A317D'O ("{\"msg\":{\"enqueue_msg\":{\"data\":{\"encoded_data\":\"0100F10A0060828000000A000000000095F904E5480000011AD2F8C01898A90800E83368800000000B0000000000000AFFFFFFFFFFFF\"}}},\"msg_id\":1}")
2016/Feb/16 11:08:39.565876 DEBUG LibCommon_Time.ttcn:81 TRI_decode(): Decoded @TRI_interface_Types.TRI_mapper_PDU: { msg_id := 1, msg := { enqueue_msg := { addr := omit, data := { encoded_data := '0100F10A0060828000000A000000000095F904E5480000011AD2F8C01898A90800E83368800000000B0000000000000AFFFFFFFFFFFF'O } } } }
2016/Feb/16 11:08:39.565942 DEBUG TTCN_EncDec.ttcn:1062 f_dec_ExtGeoNetworkingInd(): Stream before decoding: '0100F10A0060828000000A000000000095F904E5480000011AD2F8C01898A90800E83368800000000B0000000000000AFFFFFFFFFFFF'O
2016/Feb/16 11:08:39.566053 DEBUG TTCN_EncDec.ttcn:1062 f_dec_ExtGeoNetworkingInd(): Decoded @TTCN_EncDec.ExtGeoNetworkingInd: { msgIn := { version := 0, nextHeader := e_commonHeader (1), reserved := 0, lifeTime := { multiplier := 49, ltBase := e_100s (3) }, routerHopLimit := 10, packet := { nextHeader := e_any (0), reserved := 0, headerTST := 96, trafficClass := { scf := e_scfDisabled (0), channelOffload := e_choffEnable (1), tcId := 32 }, flags := '10000000'B, plLength := 0, maxHopLimit := 10, reserved2 := 0, extendedHeader := { lsRequestHeader := { seqNumber := 0, reserved := 0, srcPosVector := { gnAddr := { typeOfAddress := e_manual (1), stationType := e_specialVehicle (10), stationCountryCode := 761, mid := '04E548000001'O }, timestamp := 450033856, latitude := 412657928, longitude := 15217512, pai := '0'B, speed := 0, heading := 0 }, gnAddress := { typeOfAddress := e_manual (1), stationType := e_passengerCar (5), stationCountryCode := 0, mid := '00000000000A'O } } }, ipv6Packet := omit, btpHeader := omit, btpPayload := omit, rawPayload := ''O }, securedMsg := omit }, macDestinationAddress := 'FFFFFFFFFFFF'O }
2016/Feb/16 11:08:39.566165 USER TTCN_EncDec.ttcn:1262 { msgIn := { basicHeader := { version := 0, nextHeader := e_commonHeader (1), reserved := 0, lifeTime := { multiplier := 49, ltBase := e_100s (3) }, routerHopLimit := 10 }, gnPacket := { packet := { commonHeader := { nextHeader := e_any (0), reserved := 0, headerTST := { lsHdr := { headerType := e_locationService (6), headerSubType := e_lsRequest (0) } }, trafficClass := { scf := e_scfDisabled (0), channelOffload := e_choffEnable (1), tcId := 32 }, flags := '10000000'B, plLength := 0, maxHopLimit := 10, reserved2 := 0 }, extendedHeader := { lsRequestHeader := { seqNumber := 0, reserved := 0, srcPosVector := { gnAddr := { typeOfAddress := e_manual (1), stationType := e_specialVehicle (10), stationCountryCode := 761, mid := '04E548000001'O }, timestamp := 450033856, latitude := 412657928, longitude := 15217512, pai := '0'B, speed := 0, heading := 0 }, gnAddress := { typeOfAddress := e_manual (1), stationType := e_passengerCar (5), stationCountryCode := 0, mid := '00000000000A'O } } }, payload := <unbound> }, securedMsg := omit } }, macDestinationAddress := 'FFFFFFFFFFFF'O }
2016/Feb/16 11:08:39.566382 PORTEVENT LibCommon_Time.ttcn:81 Message enqueued on geoNetworkingPort from system @LibItsGeoNetworking_TestSystem.GeoNetworkingInd : { msgIn := { basicHeader := { version := 0, nextHeader := e_commonHeader (1), reserved := 0, lifeTime := { multiplier := 49, ltBase := e_100s (3) }, routerHopLimit := 10 }, gnPacket := { packet := { commonHeader := { nextHeader := e_any (0), reserved := 0, headerTST := { lsHdr := { headerType := e_locationService (6), headerSubType := e_lsRequest (0) } }, trafficClass := { scf := e_scfDisabled (0), channelOffload := e_choffEnable (1), tcId := 32 }, flags := '10000000'B, plLength := 0, maxHopLimit := 10, reserved2 := 0 }, extendedHeader := { lsRequestHeader := { seqNumber := 0, reserved := 0, srcPosVector := { gnAddr := { typeOfAddress := e_manual (1), stationType := e_specialVehicle (10), stationCountryCode := 761, mid := '04E548000001'O }, timestamp := 450033856, latitude := 412657928, longitude := 15217512, pai := '0'B, speed := 0, heading := 0 }, gnAddress := { typeOfAddress := e_manual (1), stationType := e_passengerCar (5), stationCountryCode := 0, mid := '00000000000A'O } } }, payload := <unbound> }, securedMsg := omit } }, macDestinationAddress := 'FFFFFFFFFFFF'O } id 1
2016/Feb/16 11:08:39.786081 TIMEROP LibCommon_Time.ttcn:80 Timeout t: 1 s
2016/Feb/16 11:08:39.786140 TIMEROP LibCommon_Time.ttcn:64 Start timer t: 0.5 s
2016/Feb/16 11:08:39.786272 ERROR LibItsGeoNetworking_Functions.ttcn:1512 Dynamic test case error: Using an unbound optional field.
2016/Feb/16 11:08:39.786326 VERDICTOP LibItsGeoNetworking_Functions.ttcn:1512 setverdict(error): none -> error
2016/Feb/16 11:08:39.786377 EXECUTOR LibItsGeoNetworking_Functions.ttcn:1512 Performing error recovery.
2016/Feb/16 11:08:39.786684 PARALLEL - Function f_GEONW_PON_FPB_BV_02_nodeC finished with an error. PTC terminates.
2016/Feb/16 11:08:39.786710 PARALLEL - Terminating component type LibItsGeoNetworking_TestSystem.ItsGeoNetworking.
2016/Feb/16 11:08:39.786727 DEFAULTOP - Default with id 1 (altstep a_default) was deactivated.
2016/Feb/16 11:08:39.786743 DEFAULTOP - Default with id 2 (altstep a_utDefault) was deactivated.
2016/Feb/16 11:08:39.786763 DEFAULTOP - Default with id 3 (altstep a_neighbourDefault) was deactivated.
2016/Feb/16 11:08:39.786776 PORTEVENT - Removing unterminated connection between port syncPort and mtc:syncPort.
2016/Feb/16 11:08:39.786837 PORTEVENT - Port syncPort was stopped.
2016/Feb/16 11:08:39.786856 PORTEVENT - Port syncSendPort was stopped.
2016/Feb/16 11:08:39.786872 PORTEVENT - Removing unterminated mapping between port utPort and system:utPort.
2016/Feb/16 11:08:39.786891 DEBUG - TRI_encode(): Encoding @TRI_interface_Types.TRI_mapper_PDU: { msg_id := 2, msg := { unmapped := { } } }
2016/Feb/16 11:08:39.786946 DEBUG - TRI_encode(): Stream after encoding: '7B226D73675F6964223A322C226D7367223A7B22756E6D6170706564223A7B7D7D7D'O ("{\"msg_id\":2,\"msg\":{\"unmapped\":{}}}")
2016/Feb/16 11:08:39.825795 DEBUG - TRI_decode(): Stream before decoding: '7B226D7367223A7B22726573756C74223A7B22726573756C74223A225452495F6F6B227D7D2C226D73675F6964223A327D'O ("{\"msg\":{\"result\":{\"result\":\"TRI_ok\"}},\"msg_id\":2}")
2016/Feb/16 11:08:39.825921 DEBUG - TRI_decode(): Decoded @TRI_interface_Types.TRI_mapper_PDU: { msg_id := 2, msg := { result := { result := TRI_ok (0), result_string := omit } } }
2016/Feb/16 11:08:39.825973 PORTEVENT - Port utPort was unmapped from system:utPort.
2016/Feb/16 11:08:39.826016 DEBUG - TRI_encode(): Encoding @TRI_interface_Types.TRI_mapper_PDU: { msg_id := 3, msg := { unregister := { } } }
2016/Feb/16 11:08:39.826064 DEBUG - TRI_encode(): Stream after encoding: '7B226D73675F6964223A332C226D7367223A7B22756E7265676973746572223A7B7D7D7D'O ("{\"msg_id\":3,\"msg\":{\"unregister\":{}}}")
2016/Feb/16 11:08:39.865742 DEBUG - TRI_decode(): Stream before decoding: '7B226D7367223A7B22726573756C74223A7B22726573756C74223A225452495F6F6B227D7D2C226D73675F6964223A337D'O ("{\"msg\":{\"result\":{\"result\":\"TRI_ok\"}},\"msg_id\":3}")
2016/Feb/16 11:08:39.865976 DEBUG - TRI_decode(): Decoded @TRI_interface_Types.TRI_mapper_PDU: { msg_id := 3, msg := { result := { result := TRI_ok (0), result_string := omit } } }
2016/Feb/16 11:08:39.866113 PORTEVENT - Port utPort was stopped.
2016/Feb/16 11:08:39.866165 PORTEVENT - Removing unterminated mapping between port acPort and system:acPort.
2016/Feb/16 11:08:39.866210 DEBUG - TRI_encode(): Encoding @TRI_interface_Types.TRI_mapper_PDU: { msg_id := 3, msg := { unmapped := { } } }
2016/Feb/16 11:08:39.866304 DEBUG - TRI_encode(): Stream after encoding: '7B226D73675F6964223A332C226D7367223A7B22756E6D6170706564223A7B7D7D7D'O ("{\"msg_id\":3,\"msg\":{\"unmapped\":{}}}")
2016/Feb/16 11:08:39.905795 DEBUG - TRI_decode(): Stream before decoding: '7B226D7367223A7B22726573756C74223A7B22726573756C74223A225452495F6F6B227D7D2C226D73675F6964223A337D'O ("{\"msg\":{\"result\":{\"result\":\"TRI_ok\"}},\"msg_id\":3}")
2016/Feb/16 11:08:39.905923 DEBUG - TRI_decode(): Decoded @TRI_interface_Types.TRI_mapper_PDU: { msg_id := 3, msg := { result := { result := TRI_ok (0), result_string := omit } } }
2016/Feb/16 11:08:39.905981 PORTEVENT - Port acPort was unmapped from system:acPort.
2016/Feb/16 11:08:39.906024 DEBUG - TRI_encode(): Encoding @TRI_interface_Types.TRI_mapper_PDU: { msg_id := 4, msg := { unregister := { } } }
2016/Feb/16 11:08:39.906072 DEBUG - TRI_encode(): Stream after encoding: '7B226D73675F6964223A342C226D7367223A7B22756E7265676973746572223A7B7D7D7D'O ("{\"msg_id\":4,\"msg\":{\"unregister\":{}}}")
2016/Feb/16 11:08:39.946125 DEBUG - TRI_decode(): Stream before decoding: '7B226D7367223A7B22726573756C74223A7B22726573756C74223A225452495F6F6B227D7D2C226D73675F6964223A347D'O ("{\"msg\":{\"result\":{\"result\":\"TRI_ok\"}},\"msg_id\":4}")
2016/Feb/16 11:08:39.946366 DEBUG - TRI_decode(): Decoded @TRI_interface_Types.TRI_mapper_PDU: { msg_id := 4, msg := { result := { result := TRI_ok (0), result_string := omit } } }
2016/Feb/16 11:08:39.946536 PORTEVENT - Port acPort was stopped.
2016/Feb/16 11:08:39.946588 PORTEVENT - Removing unterminated mapping between port geoNetworkingPort and system:geoNetworkingPort.
2016/Feb/16 11:08:39.946659 DEBUG - TRI_encode(): Encoding @TRI_interface_Types.TRI_mapper_PDU: { msg_id := 2, msg := { unmapped := { } } }
2016/Feb/16 11:08:39.946751 DEBUG - TRI_encode(): Stream after encoding: '7B226D73675F6964223A322C226D7367223A7B22756E6D6170706564223A7B7D7D7D'O ("{\"msg_id\":2,\"msg\":{\"unmapped\":{}}}")
2016/Feb/16 11:08:40.849340 DEBUG - TRI_decode(): Stream before decoding: '7B226D7367223A7B22726573756C74223A7B22726573756C74223A225452495F6F6B227D7D2C226D73675F6964223A327D'O ("{\"msg\":{\"result\":{\"result\":\"TRI_ok\"}},\"msg_id\":2}")
2016/Feb/16 11:08:40.849476 DEBUG - TRI_decode(): Decoded @TRI_interface_Types.TRI_mapper_PDU: { msg_id := 2, msg := { result := { result := TRI_ok (0), result_string := omit } } }
2016/Feb/16 11:08:40.849553 PORTEVENT - Port geoNetworkingPort was unmapped from system:geoNetworkingPort.
2016/Feb/16 11:08:40.849597 DEBUG - TRI_encode(): Encoding @TRI_interface_Types.TRI_mapper_PDU: { msg_id := 3, msg := { unregister := { } } }
2016/Feb/16 11:08:40.849645 DEBUG - TRI_encode(): Stream after encoding: '7B226D73675F6964223A332C226D7367223A7B22756E7265676973746572223A7B7D7D7D'O ("{\"msg_id\":3,\"msg\":{\"unregister\":{}}}")
2016/Feb/16 11:08:40.850443 DEBUG - TRI_decode(): Stream before decoding: '7B226D7367223A7B22726573756C74223A7B22726573756C74223A225452495F6F6B227D7D2C226D73675F6964223A337D'O ("{\"msg\":{\"result\":{\"result\":\"TRI_ok\"}},\"msg_id\":3}")
2016/Feb/16 11:08:40.850519 DEBUG - TRI_decode(): Decoded @TRI_interface_Types.TRI_mapper_PDU: { msg_id := 3, msg := { result := { result := TRI_ok (0), result_string := omit } } }
2016/Feb/16 11:08:40.850602 PORTEVENT - Message with id 1 was extracted from the queue of geoNetworkingPort.
2016/Feb/16 11:08:40.850626 PORTEVENT - Port geoNetworkingPort was stopped.
2016/Feb/16 11:08:40.850646 PARALLEL - Component type LibItsGeoNetworking_TestSystem.ItsGeoNetworking was shut down inside testcase TC_GEONW_PON_FPB_BV_02.
2016/Feb/16 11:08:40.850683 VERDICTOP - Final verdict of PTC: error
2016/Feb/16 11:08:40.850782 EXECUTOR - Disconnected from MC.
2016/Feb/16 11:08:40.850804 EXECUTOR - TTCN-3 Parallel Test Component finished.
