2016/Feb/16 11:09:17.257727 EXECUTOR - TTCN-3 Parallel Test Component started on aitorkun-HP-EliteBook-2530p. Component reference: NodeC(40), component type: LibItsGeoNetworking_TestSystem.ItsGeoNetworking, component name: NodeC. Version: CRL 113 200/5 R4A.
2016/Feb/16 11:09:17.257811 EXECUTOR - TTCN Logger v2.2 options: TimeStampFormat:=DateTime; LogEntityName:=No; LogEventTypes:=Yes; SourceInfoFormat:=Single; *.FileMask:=LOG_ALL | MATCHING | DEBUG; *.ConsoleMask:=ERROR | TESTCASE | STATISTICS | USER | VERDICTOP | WARNING | DEBUG; LogFileSize:=0; LogFileNumber:=1; DiskFullAction:=Error
2016/Feb/16 11:09:17.258071 EXECUTOR - Connected to MC.
2016/Feb/16 11:09:17.258188 PARALLEL - Initializing variables, timers and ports of component type LibItsGeoNetworking_TestSystem.ItsGeoNetworking inside testcase TC_GEONW_PON_FPB_BV_12_01.
2016/Feb/16 11:09:17.258440 WARNING - Warning: Test port parameter TRI_mapper_address is not supported on port syncPort.
2016/Feb/16 11:09:17.258519 WARNING - Warning: Test port parameter TRI_mapper_address is not supported on port syncSendPort.
2016/Feb/16 11:09:17.258642 WARNING - Warning: Test port parameter TRI_mapper_port is not supported on port syncPort.
2016/Feb/16 11:09:17.258760 WARNING - Warning: Test port parameter TRI_mapper_port is not supported on port syncSendPort.
2016/Feb/16 11:09:17.258830 PORTEVENT - Port syncPort was started.
2016/Feb/16 11:09:17.258869 PORTEVENT - Port syncSendPort was started.
2016/Feb/16 11:09:17.259733 ERROR - Dynamic test case error: TRI_mapper_connection: can not connect 104 Connection reset by peer (Connection reset by peer)
2016/Feb/16 11:09:17.259832 VERDICTOP - setverdict(error): none -> error
2016/Feb/16 11:09:17.259917 EXECUTOR - Performing error recovery.
2016/Feb/16 11:09:17.260125 EXECUTOR - Component type initialization failed. PTC terminates.
2016/Feb/16 11:09:17.260189 PARALLEL - Terminating component type LibItsGeoNetworking_TestSystem.ItsGeoNetworking.
2016/Feb/16 11:09:17.260214 PORTEVENT - Port syncPort was stopped.
2016/Feb/16 11:09:17.260234 PORTEVENT - Port syncSendPort was stopped.
2016/Feb/16 11:09:17.260298 PARALLEL - Component type LibItsGeoNetworking_TestSystem.ItsGeoNetworking was shut down inside testcase TC_GEONW_PON_FPB_BV_12_01.
2016/Feb/16 11:09:17.260365 VERDICTOP - Final verdict of PTC: error
2016/Feb/16 11:09:17.260514 EXECUTOR - Disconnected from MC.
2016/Feb/16 11:09:17.260536 EXECUTOR - TTCN-3 Parallel Test Component finished.
