2016/Feb/16 11:09:02.412000 EXECUTOR - TTCN-3 Parallel Test Component started on aitorkun-HP-EliteBook-2530p. Component reference: NodeD(20), component type: LibItsGeoNetworking_TestSystem.ItsGeoNetworking, component name: NodeD. Version: CRL 113 200/5 R4A.
2016/Feb/16 11:09:02.412073 EXECUTOR - TTCN Logger v2.2 options: TimeStampFormat:=DateTime; LogEntityName:=No; LogEventTypes:=Yes; SourceInfoFormat:=Single; *.FileMask:=LOG_ALL | MATCHING | DEBUG; *.ConsoleMask:=ERROR | TESTCASE | STATISTICS | USER | VERDICTOP | WARNING | DEBUG; LogFileSize:=0; LogFileNumber:=1; DiskFullAction:=Error
2016/Feb/16 11:09:02.412251 EXECUTOR - Connected to MC.
2016/Feb/16 11:09:02.412301 PARALLEL - Initializing variables, timers and ports of component type LibItsGeoNetworking_TestSystem.ItsGeoNetworking inside testcase TC_GEONW_PON_FPB_BV_06.
2016/Feb/16 11:09:02.412494 WARNING - Warning: Test port parameter TRI_mapper_address is not supported on port syncPort.
2016/Feb/16 11:09:02.412532 WARNING - Warning: Test port parameter TRI_mapper_address is not supported on port syncSendPort.
2016/Feb/16 11:09:02.412580 WARNING - Warning: Test port parameter TRI_mapper_port is not supported on port syncPort.
2016/Feb/16 11:09:02.412613 WARNING - Warning: Test port parameter TRI_mapper_port is not supported on port syncSendPort.
2016/Feb/16 11:09:02.412646 PORTEVENT - Port syncPort was started.
2016/Feb/16 11:09:02.412678 PORTEVENT - Port syncSendPort was started.
2016/Feb/16 11:09:02.413428 ERROR - Dynamic test case error: TRI_mapper_connection: can not connect 104 Connection reset by peer (Connection reset by peer)
2016/Feb/16 11:09:02.413847 VERDICTOP - setverdict(error): none -> error
2016/Feb/16 11:09:02.414019 EXECUTOR - Performing error recovery.
2016/Feb/16 11:09:02.414211 EXECUTOR - Component type initialization failed. PTC terminates.
2016/Feb/16 11:09:02.414233 PARALLEL - Terminating component type LibItsGeoNetworking_TestSystem.ItsGeoNetworking.
2016/Feb/16 11:09:02.414251 PORTEVENT - Port syncPort was stopped.
2016/Feb/16 11:09:02.414269 PORTEVENT - Port syncSendPort was stopped.
2016/Feb/16 11:09:02.414293 PARALLEL - Component type LibItsGeoNetworking_TestSystem.ItsGeoNetworking was shut down inside testcase TC_GEONW_PON_FPB_BV_06.
2016/Feb/16 11:09:02.415271 VERDICTOP - Final verdict of PTC: error
2016/Feb/16 11:09:02.415406 EXECUTOR - Disconnected from MC.
2016/Feb/16 11:09:02.415426 EXECUTOR - TTCN-3 Parallel Test Component finished.
