2016/Feb/16 11:14:45.334104 EXECUTOR - TTCN-3 Parallel Test Component started on aitorkun-HP-EliteBook-2530p. Component reference: NodeB(88), component type: LibItsGeoNetworking_TestSystem.ItsGeoNetworking, component name: NodeB. Version: CRL 113 200/5 R4A.
2016/Feb/16 11:14:45.334195 EXECUTOR - TTCN Logger v2.2 options: TimeStampFormat:=DateTime; LogEntityName:=No; LogEventTypes:=Yes; SourceInfoFormat:=Single; *.FileMask:=LOG_ALL | MATCHING | DEBUG; *.ConsoleMask:=ERROR | TESTCASE | STATISTICS | USER | VERDICTOP | WARNING | DEBUG; LogFileSize:=0; LogFileNumber:=1; DiskFullAction:=Error
2016/Feb/16 11:14:45.334311 EXECUTOR - Connected to MC.
2016/Feb/16 11:14:45.334365 PARALLEL - Initializing variables, timers and ports of component type LibItsGeoNetworking_TestSystem.ItsGeoNetworking inside testcase TC_GEONW_PON_TSB_BO_07.
2016/Feb/16 11:14:45.334645 WARNING - Warning: Test port parameter TRI_mapper_address is not supported on port syncPort.
2016/Feb/16 11:14:45.334693 WARNING - Warning: Test port parameter TRI_mapper_address is not supported on port syncSendPort.
2016/Feb/16 11:14:45.334755 WARNING - Warning: Test port parameter TRI_mapper_port is not supported on port syncPort.
2016/Feb/16 11:14:45.334797 WARNING - Warning: Test port parameter TRI_mapper_port is not supported on port syncSendPort.
2016/Feb/16 11:14:45.334838 PORTEVENT - Port syncPort was started.
2016/Feb/16 11:14:45.334877 PORTEVENT - Port syncSendPort was started.
2016/Feb/16 11:14:45.335213 DEBUG - TRI_encode(): Encoding @TRI_interface_Types.TRI_mapper_PDU: { msg_id := 0, msg := { reg := { portid := { portName := "utPort", portTypeName := "GeoNetworkingPort", component_ := { componentId := '00000058'O, componentName := "NodeB", componentTypeName := "N/A" }, portindex := omit }, type_list := omit } } }
2016/Feb/16 11:14:45.335313 DEBUG - TRI_encode(): Stream after encoding: '7B226D73675F6964223A302C226D7367223A7B22726567223A7B22706F72746964223A7B22706F72744E616D65223A227574506F7274222C22706F7274547970654E616D65223A2247656F4E6574776F726B696E67506F7274222C22636F6D706F6E656E745F223A7B22636F6D706F6E656E744964223A223030303030303538222C22636F6D706F6E656E744E616D65223A224E6F646542222C22636F6D706F6E656E74547970654E616D65223A224E2F41227D7D7D7D7D'O ("{\"msg_id\":0,\"msg\":{\"reg\":{\"portid\":{\"portName\":\"utPort\",\"portTypeName\":\"GeoNetworkingPort\",\"component_\":{\"componentId\":\"00000058\",\"componentName\":\"NodeB\",\"componentTypeName\":\"N/A\"}}}}}")
2016/Feb/16 11:14:45.337859 DEBUG - TRI_decode(): Stream before decoding: '7B226D7367223A7B22726573756C74223A7B22726573756C74223A225452495F6F6B227D7D2C226D73675F6964223A307D'O ("{\"msg\":{\"result\":{\"result\":\"TRI_ok\"}},\"msg_id\":0}")
2016/Feb/16 11:14:45.337974 DEBUG - TRI_decode(): Decoded @TRI_interface_Types.TRI_mapper_PDU: { msg_id := 0, msg := { result := { result := TRI_ok (0), result_string := omit } } }
2016/Feb/16 11:14:45.338024 PORTEVENT - Port utPort was started.
2016/Feb/16 11:14:45.338333 DEBUG - TRI_encode(): Encoding @TRI_interface_Types.TRI_mapper_PDU: { msg_id := 0, msg := { reg := { portid := { portName := "acPort", portTypeName := "<port type name>", component_ := { componentId := '00000058'O, componentName := "NodeB", componentTypeName := "N/A" }, portindex := omit }, type_list := omit } } }
2016/Feb/16 11:14:45.338598 DEBUG - TRI_encode(): Stream after encoding: '7B226D73675F6964223A302C226D7367223A7B22726567223A7B22706F72746964223A7B22706F72744E616D65223A226163506F7274222C22706F7274547970654E616D65223A223C706F72742074797065206E616D653E222C22636F6D706F6E656E745F223A7B22636F6D706F6E656E744964223A223030303030303538222C22636F6D706F6E656E744E616D65223A224E6F646542222C22636F6D706F6E656E74547970654E616D65223A224E2F41227D7D7D7D7D'O ("{\"msg_id\":0,\"msg\":{\"reg\":{\"portid\":{\"portName\":\"acPort\",\"portTypeName\":\"<port type name>\",\"component_\":{\"componentId\":\"00000058\",\"componentName\":\"NodeB\",\"componentTypeName\":\"N/A\"}}}}}")
2016/Feb/16 11:14:45.340166 DEBUG - TRI_decode(): Stream before decoding: '7B226D7367223A7B22726573756C74223A7B22726573756C74223A225452495F6F6B227D7D2C226D73675F6964223A307D'O ("{\"msg\":{\"result\":{\"result\":\"TRI_ok\"}},\"msg_id\":0}")
2016/Feb/16 11:14:45.340252 DEBUG - TRI_decode(): Decoded @TRI_interface_Types.TRI_mapper_PDU: { msg_id := 0, msg := { result := { result := TRI_ok (0), result_string := omit } } }
2016/Feb/16 11:14:45.340303 PORTEVENT - Port acPort was started.
2016/Feb/16 11:14:45.340410 DEBUG - TRI_encode(): Encoding @TRI_interface_Types.TRI_mapper_PDU: { msg_id := 0, msg := { reg := { portid := { portName := "geoNetworkingPort", portTypeName := "GeoNetworkingPort", component_ := { componentId := '00000058'O, componentName := "NodeB", componentTypeName := "N/A" }, portindex := omit }, type_list := omit } } }
2016/Feb/16 11:14:45.340491 DEBUG - TRI_encode(): Stream after encoding: '7B226D73675F6964223A302C226D7367223A7B22726567223A7B22706F72746964223A7B22706F72744E616D65223A2267656F4E6574776F726B696E67506F7274222C22706F7274547970654E616D65223A2247656F4E6574776F726B696E67506F7274222C22636F6D706F6E656E745F223A7B22636F6D706F6E656E744964223A223030303030303538222C22636F6D706F6E656E744E616D65223A224E6F646542222C22636F6D706F6E656E74547970654E616D65223A224E2F41227D7D7D7D7D'O ("{\"msg_id\":0,\"msg\":{\"reg\":{\"portid\":{\"portName\":\"geoNetworkingPort\",\"portTypeName\":\"GeoNetworkingPort\",\"component_\":{\"componentId\":\"00000058\",\"componentName\":\"NodeB\",\"componentTypeName\":\"N/A\"}}}}}")
2016/Feb/16 11:14:45.341985 DEBUG - TRI_decode(): Stream before decoding: '7B226D7367223A7B22726573756C74223A7B22726573756C74223A225452495F6F6B227D7D2C226D73675F6964223A307D'O ("{\"msg\":{\"result\":{\"result\":\"TRI_ok\"}},\"msg_id\":0}")
2016/Feb/16 11:14:45.342053 DEBUG - TRI_decode(): Decoded @TRI_interface_Types.TRI_mapper_PDU: { msg_id := 0, msg := { result := { result := TRI_ok (0), result_string := omit } } }
2016/Feb/16 11:14:45.342094 PORTEVENT - Port geoNetworkingPort was started.
2016/Feb/16 11:14:45.342112 PARALLEL - Component type LibItsGeoNetworking_TestSystem.ItsGeoNetworking was initialized.
2016/Feb/16 11:14:45.417253 DEBUG - TRI_encode(): Encoding @TRI_interface_Types.TRI_mapper_PDU: { msg_id := 1, msg := { mapped := { portid := { portName := "acPort", portTypeName := "<port type name>", component_ := { componentId := '00000001'O, componentName := "System", componentTypeName := "N/A" }, portindex := omit } } } }
2016/Feb/16 11:14:45.417429 DEBUG - TRI_encode(): Stream after encoding: '7B226D73675F6964223A312C226D7367223A7B226D6170706564223A7B22706F72746964223A7B22706F72744E616D65223A226163506F7274222C22706F7274547970654E616D65223A223C706F72742074797065206E616D653E222C22636F6D706F6E656E745F223A7B22636F6D706F6E656E744964223A223030303030303031222C22636F6D706F6E656E744E616D65223A2253797374656D222C22636F6D706F6E656E74547970654E616D65223A224E2F41227D7D7D7D7D'O ("{\"msg_id\":1,\"msg\":{\"mapped\":{\"portid\":{\"portName\":\"acPort\",\"portTypeName\":\"<port type name>\",\"component_\":{\"componentId\":\"00000001\",\"componentName\":\"System\",\"componentTypeName\":\"N/A\"}}}}}")
2016/Feb/16 11:14:45.458480 DEBUG - TRI_decode(): Stream before decoding: '7B226D7367223A7B22726573756C74223A7B22726573756C74223A225452495F6F6B227D7D2C226D73675F6964223A317D'O ("{\"msg\":{\"result\":{\"result\":\"TRI_ok\"}},\"msg_id\":1}")
2016/Feb/16 11:14:45.458729 DEBUG - TRI_decode(): Decoded @TRI_interface_Types.TRI_mapper_PDU: { msg_id := 1, msg := { result := { result := TRI_ok (0), result_string := omit } } }
2016/Feb/16 11:14:45.458850 PORTEVENT - Port acPort was mapped to system:acPort.
2016/Feb/16 11:14:45.459544 DEBUG - TRI_encode(): Encoding @TRI_interface_Types.TRI_mapper_PDU: { msg_id := 1, msg := { mapped := { portid := { portName := "utPort", portTypeName := "GeoNetworkingPort", component_ := { componentId := '00000001'O, componentName := "System", componentTypeName := "N/A" }, portindex := omit } } } }
2016/Feb/16 11:14:45.459706 DEBUG - TRI_encode(): Stream after encoding: '7B226D73675F6964223A312C226D7367223A7B226D6170706564223A7B22706F72746964223A7B22706F72744E616D65223A227574506F7274222C22706F7274547970654E616D65223A2247656F4E6574776F726B696E67506F7274222C22636F6D706F6E656E745F223A7B22636F6D706F6E656E744964223A223030303030303031222C22636F6D706F6E656E744E616D65223A2253797374656D222C22636F6D706F6E656E74547970654E616D65223A224E2F41227D7D7D7D7D'O ("{\"msg_id\":1,\"msg\":{\"mapped\":{\"portid\":{\"portName\":\"utPort\",\"portTypeName\":\"GeoNetworkingPort\",\"component_\":{\"componentId\":\"00000001\",\"componentName\":\"System\",\"componentTypeName\":\"N/A\"}}}}}")
2016/Feb/16 11:14:45.499246 DEBUG - TRI_decode(): Stream before decoding: '7B226D7367223A7B22726573756C74223A7B22726573756C74223A225452495F6F6B227D7D2C226D73675F6964223A317D'O ("{\"msg\":{\"result\":{\"result\":\"TRI_ok\"}},\"msg_id\":1}")
2016/Feb/16 11:14:45.499463 DEBUG - TRI_decode(): Decoded @TRI_interface_Types.TRI_mapper_PDU: { msg_id := 1, msg := { result := { result := TRI_ok (0), result_string := omit } } }
2016/Feb/16 11:14:45.499564 PORTEVENT - Port utPort was mapped to system:utPort.
2016/Feb/16 11:14:45.500269 DEBUG - TRI_encode(): Encoding @TRI_interface_Types.TRI_mapper_PDU: { msg_id := 1, msg := { mapped := { portid := { portName := "geoNetworkingPort", portTypeName := "GeoNetworkingPort", component_ := { componentId := '00000001'O, componentName := "System", componentTypeName := "N/A" }, portindex := omit } } } }
2016/Feb/16 11:14:45.500435 DEBUG - TRI_encode(): Stream after encoding: '7B226D73675F6964223A312C226D7367223A7B226D6170706564223A7B22706F72746964223A7B22706F72744E616D65223A2267656F4E6574776F726B696E67506F7274222C22706F7274547970654E616D65223A2247656F4E6574776F726B696E67506F7274222C22636F6D706F6E656E745F223A7B22636F6D706F6E656E744964223A223030303030303031222C22636F6D706F6E656E744E616D65223A2253797374656D222C22636F6D706F6E656E74547970654E616D65223A224E2F41227D7D7D7D7D'O ("{\"msg_id\":1,\"msg\":{\"mapped\":{\"portid\":{\"portName\":\"geoNetworkingPort\",\"portTypeName\":\"GeoNetworkingPort\",\"component_\":{\"componentId\":\"00000001\",\"componentName\":\"System\",\"componentTypeName\":\"N/A\"}}}}}")
2016/Feb/16 11:14:45.570750 DEBUG - TRI_decode(): Stream before decoding: '7B226D7367223A7B22726573756C74223A7B22726573756C74223A225452495F6F6B227D7D2C226D73675F6964223A317D'O ("{\"msg\":{\"result\":{\"result\":\"TRI_ok\"}},\"msg_id\":1}")
2016/Feb/16 11:14:45.570967 DEBUG - TRI_decode(): Decoded @TRI_interface_Types.TRI_mapper_PDU: { msg_id := 1, msg := { result := { result := TRI_ok (0), result_string := omit } } }
2016/Feb/16 11:14:45.571068 PORTEVENT - Port geoNetworkingPort was mapped to system:geoNetworkingPort.
2016/Feb/16 11:14:45.572110 PORTEVENT - Port syncPort has established the connection with mtc:syncPort using transport type UNIX.
2016/Feb/16 11:14:45.697229 PARALLEL - Starting function f_initialState().
2016/Feb/16 11:14:45.697359 PORTEVENT LibItsGeoNetworking_Functions.ttcn:49 Sent on utPort to system @LibItsCommon_TypesAndValues.UtInitialize : { hashedId8 := '0000000000000000'O }
2016/Feb/16 11:14:45.697420 DEBUG LibItsGeoNetworking_Functions.ttcn:49 TRI_encode(): Encoding @TRI_interface_Types.TRI_mapper_PDU: { msg_id := 2, msg := { sendmsg := { addr := omit, data := { encoded_data := '000000000000000000'O } } } }
2016/Feb/16 11:14:45.697538 DEBUG LibItsGeoNetworking_Functions.ttcn:49 TRI_encode(): Stream after encoding: '7B226D73675F6964223A322C226D7367223A7B2273656E646D7367223A7B2264617461223A7B22656E636F6465645F64617461223A22303030303030303030303030303030303030227D7D7D7D'O ("{\"msg_id\":2,\"msg\":{\"sendmsg\":{\"data\":{\"encoded_data\":\"000000000000000000\"}}}}")
2016/Feb/16 11:14:45.697713 TIMEROP LibItsGeoNetworking_Functions.ttcn:50 Start timer tc_wait: 1 s
2016/Feb/16 11:14:45.697795 WARNING LibItsGeoNetworking_Functions.ttcn:61 Warning: An [else] branch of an alt construct has been reached. Re-configuring the snapshot manager to call the event handlers even when taking the first snapshot.
2016/Feb/16 11:14:45.737350 DEBUG LibItsGeoNetworking_Functions.ttcn:67 TRI_decode(): Stream before decoding: '7B226D7367223A7B22726573756C74223A7B22726573756C74223A225452495F6F6B227D7D2C226D73675F6964223A327D'O ("{\"msg\":{\"result\":{\"result\":\"TRI_ok\"}},\"msg_id\":2}")
2016/Feb/16 11:14:45.737462 DEBUG LibItsGeoNetworking_Functions.ttcn:67 TRI_decode(): Decoded @TRI_interface_Types.TRI_mapper_PDU: { msg_id := 2, msg := { result := { result := TRI_ok (0), result_string := omit } } }
2016/Feb/16 11:14:45.739271 DEBUG LibItsGeoNetworking_Functions.ttcn:67 TRI_decode(): Stream before decoding: '7B226D7367223A7B22656E71756575655F6D7367223A7B2264617461223A7B22656E636F6465645F64617461223A2230313031227D7D7D2C226D73675F6964223A317D'O ("{\"msg\":{\"enqueue_msg\":{\"data\":{\"encoded_data\":\"0101\"}}},\"msg_id\":1}")
2016/Feb/16 11:14:45.739341 DEBUG LibItsGeoNetworking_Functions.ttcn:67 TRI_decode(): Decoded @TRI_interface_Types.TRI_mapper_PDU: { msg_id := 1, msg := { enqueue_msg := { addr := omit, data := { encoded_data := '0101'O } } } }
2016/Feb/16 11:14:45.739394 PORTEVENT LibItsGeoNetworking_Functions.ttcn:67 Message enqueued on utPort from system @LibItsCommon_TypesAndValues.UtInitializeResult : { utInitializeResult := true } id 1
2016/Feb/16 11:14:45.739439 MATCHING LibItsGeoNetworking_Functions.ttcn:52 Matching on port utPort succeeded:  matched
2016/Feb/16 11:14:45.739479 PORTEVENT LibItsGeoNetworking_Functions.ttcn:52 Receive operation on port utPort succeeded, message from system(): @LibItsCommon_TypesAndValues.UtInitializeResult : { utInitializeResult := true } id 1
2016/Feb/16 11:14:45.739498 PORTEVENT LibItsGeoNetworking_Functions.ttcn:52 Message with id 1 was extracted from the queue of utPort.
2016/Feb/16 11:14:45.739516 TIMEROP LibItsGeoNetworking_Functions.ttcn:53 Stop timer tc_wait: 1 s
2016/Feb/16 11:14:45.739537 USER LibItsGeoNetworking_Functions.ttcn:54 *** f_utInitializeIut: INFO: IUT initialized ***
2016/Feb/16 11:14:45.739568 PARALLEL - Function f_initialState finished. PTC remains alive and is waiting for next start.
2016/Feb/16 11:14:45.781769 PARALLEL - Starting function f_initialiseComponent({ { key := "IUT", position := { gnAddr := { typeOfAddress := e_manual (1), stationType := e_passengerCar (5), stationCountryCode := 0, mid := '000000000000'O }, timestamp := 0, latitude := 0, longitude := 0, pai := '0'B, speed := 0, heading := 0 } }, { key := "NodeA", position := { gnAddr := { typeOfAddress := e_manual (1), stationType := e_passengerCar (5), stationCountryCode := 0, mid := '00000000000A'O }, timestamp := 3918738732, latitude := 100000, longitude := 0, pai := '1'B, speed := 0, heading := 0 } }, { key := "NodeB", position := { gnAddr := { typeOfAddress := e_manual (1), stationType := e_passengerCar (5), stationCountryCode := 0, mid := '00000000000B'O }, timestamp := 3918738733, latitude := 20000, longitude := 0, pai := '1'B, speed := 0, heading := 0 } }, { key := "NodeC", position := { gnAddr := { typeOfAddress := e_manual (1), stationType := e_passengerCar (5), stationCountryCode := 0, mid := '00000000000C'O }, timestamp := 3918738733, latitude := -60000, longitude := 0, pai := '1'B, speed := 0, heading := 0 } }, { key := "NodeD", position := { gnAddr := { typeOfAddress := e_manual (1), stationType := e_passengerCar (5), stationCountryCode := 0, mid := '00000000000D'O }, timestamp := 3918738733, latitude := 10000, longitude := 0, pai := '1'B, speed := 0, heading := 0 } }, { key := "NodeE", position := { gnAddr := { typeOfAddress := e_manual (1), stationType := e_passengerCar (5), stationCountryCode := 0, mid := '00000000000E'O }, timestamp := 3918738733, latitude := -10000, longitude := 0, pai := '1'B, speed := 0, heading := 0 } }, { key := "NodeF", position := { gnAddr := { typeOfAddress := e_manual (1), stationType := e_passengerCar (5), stationCountryCode := 0, mid := '00000000000F'O }, timestamp := 3918738733, latitude := 20000, longitude := -30000, pai := '1'B, speed := 0, heading := 0 } } }, { { key := "AREA1", geoArea := { shape := e_geoCircle (0), area := { geoAreaPosLatitude := 10000, geoAreaPosLongitude := 0, distanceA := 555, distanceB := 0, angle := 0 } } }, { key := "AREA2", geoArea := { shape := e_geoCircle (0), area := { geoAreaPosLatitude := 20000, geoAreaPosLongitude := 0, distanceA := 166, distanceB := 0, angle := 0 } } } }, "NodeB").
2016/Feb/16 11:14:45.782207 PARALLEL - Function f_initialiseComponent finished. PTC remains alive and is waiting for next start.
2016/Feb/16 11:14:45.785397 PARALLEL - Starting function f_GEONW_PON_TSB_BO_07_nodeB().
2016/Feb/16 11:14:45.785448 DEFAULTOP LibItsGeoNetworking_Functions.ttcn:1581 Altstep a_default was activated as default, id 1
2016/Feb/16 11:14:45.785472 DEFAULTOP LibItsGeoNetworking_Functions.ttcn:1582 Altstep a_utDefault was activated as default, id 2
2016/Feb/16 11:14:45.785526 DEFAULTOP LibItsGeoNetworking_Functions.ttcn:761 Altstep a_neighbourDefault was activated as default, id 3
2016/Feb/16 11:14:45.785721 PORTEVENT LibItsGeoNetworking_Functions.ttcn:1722 Sent on acPort to system @LibItsGeoNetworking_TypesAndValues.AcGnPrimitive : { startBeaconing := { beaconPacket := { basicHeader := { version := 0, nextHeader := e_commonHeader (1), reserved := 0, lifeTime := { multiplier := 10, ltBase := e_100s (3) }, routerHopLimit := 1 }, gnPacket := { packet := { commonHeader := { nextHeader := e_any (0), reserved := 0, headerTST := { beaconHdr := { headerType := e_beacon (1), headerSubType := 0 } }, trafficClass := { scf := e_scfEnable (1), channelOffload := e_choffDisabled (0), tcId := 0 }, flags := '00000000'B, plLength := 0, maxHopLimit := 1, reserved2 := 0 }, extendedHeader := { beaconHeader := { srcPosVector := { gnAddr := { typeOfAddress := e_manual (1), stationType := e_passengerCar (5), stationCountryCode := 0, mid := '00000000000B'O }, timestamp := 3918738733, latitude := 20000, longitude := 0, pai := '1'B, speed := 0, heading := 0 } } }, payload := omit }, securedMsg := omit } } } }
2016/Feb/16 11:14:45.785765 DEBUG LibItsGeoNetworking_Functions.ttcn:1722 { basicHeader := { version := 0, nextHeader := e_commonHeader (1), reserved := 0, lifeTime := { multiplier := 10, ltBase := e_100s (3) }, routerHopLimit := 1 }, gnPacket := { packet := { commonHeader := { nextHeader := e_any (0), reserved := 0, headerTST := { beaconHdr := { headerType := e_beacon (1), headerSubType := 0 } }, trafficClass := { scf := e_scfEnable (1), channelOffload := e_choffDisabled (0), tcId := 0 }, flags := '00000000'B, plLength := 0, maxHopLimit := 1, reserved2 := 0 }, extendedHeader := { beaconHeader := { srcPosVector := { gnAddr := { typeOfAddress := e_manual (1), stationType := e_passengerCar (5), stationCountryCode := 0, mid := '00000000000B'O }, timestamp := 3918738733, latitude := 20000, longitude := 0, pai := '1'B, speed := 0, heading := 0 } } }, payload := omit }, securedMsg := omit } }
2016/Feb/16 11:14:45.785847 DEBUG LibItsGeoNetworking_Functions.ttcn:1722 f_enc_GeoNetworkingPdu(): Encoding @LibItsGeoNetworking_TypesAndValues.GeoNetworkingPdu: { basicHeader := { version := 0, nextHeader := e_commonHeader (1), reserved := 0, lifeTime := { multiplier := 10, ltBase := e_100s (3) }, routerHopLimit := 1 }, gnPacket := { packet := { commonHeader := { nextHeader := e_any (0), reserved := 0, headerTST := { beaconHdr := { headerType := e_beacon (1), headerSubType := 0 } }, trafficClass := { scf := e_scfEnable (1), channelOffload := e_choffDisabled (0), tcId := 0 }, flags := '00000000'B, plLength := 0, maxHopLimit := 1, reserved2 := 0 }, extendedHeader := { beaconHeader := { srcPosVector := { gnAddr := { typeOfAddress := e_manual (1), stationType := e_passengerCar (5), stationCountryCode := 0, mid := '00000000000B'O }, timestamp := 3918738733, latitude := 20000, longitude := 0, pai := '1'B, speed := 0, heading := 0 } } }, payload := omit }, securedMsg := omit } }
2016/Feb/16 11:14:45.785972 DEBUG LibItsGeoNetworking_Functions.ttcn:1722 f_enc_GeoNetworkingPdu(): Stream after encoding: '0100CA0100100100000001000B0000000000000BE993352D00004E200000000001000000'O
2016/Feb/16 11:14:45.786025 DEBUG LibItsGeoNetworking_Functions.ttcn:1722 TRI_encode(): Encoding @TRI_interface_Types.TRI_mapper_PDU: { msg_id := 2, msg := { sendmsg := { addr := omit, data := { encoded_data := '00000100CA0100100100000001000B0000000000000BE993352D00004E200000000001000000'O } } } }
2016/Feb/16 11:14:45.786089 DEBUG LibItsGeoNetworking_Functions.ttcn:1722 TRI_encode(): Stream after encoding: '7B226D73675F6964223A322C226D7367223A7B2273656E646D7367223A7B2264617461223A7B22656E636F6465645F64617461223A2230303030303130304341303130303130303130303030303030313030304230303030303030303030303030424539393333353244303030303445323030303030303030303031303030303030227D7D7D7D'O ("{\"msg_id\":2,\"msg\":{\"sendmsg\":{\"data\":{\"encoded_data\":\"00000100CA0100100100000001000B0000000000000BE993352D00004E200000000001000000\"}}}}")
2016/Feb/16 11:14:45.786207 TIMEROP LibCommon_Time.ttcn:78 Start timer t: 1 s
2016/Feb/16 11:14:45.826094 DEBUG LibCommon_Time.ttcn:81 TRI_decode(): Stream before decoding: '7B226D7367223A7B22726573756C74223A7B22726573756C74223A225452495F6F6B227D7D2C226D73675F6964223A327D'O ("{\"msg\":{\"result\":{\"result\":\"TRI_ok\"}},\"msg_id\":2}")
2016/Feb/16 11:14:45.826165 DEBUG LibCommon_Time.ttcn:81 TRI_decode(): Decoded @TRI_interface_Types.TRI_mapper_PDU: { msg_id := 2, msg := { result := { result := TRI_ok (0), result_string := omit } } }
2016/Feb/16 11:14:46.786236 TIMEROP LibCommon_Time.ttcn:80 Timeout t: 1 s
2016/Feb/16 11:14:46.786303 TIMEROP LibCommon_Time.ttcn:64 Start timer t: 0.5 s
2016/Feb/16 11:14:46.786494 MATCHING LibItsGeoNetworking_Functions.ttcn:1185 Timeout operation on timer tc_wait failed: The timer is not started.
2016/Feb/16 11:14:46.786517 MATCHING LibItsGeoNetworking_Functions.ttcn:1189 Timeout operation on timer tc_ac failed: The timer is not started.
2016/Feb/16 11:14:46.786573 MATCHING LibItsGeoNetworking_Functions.ttcn:1185 Timeout operation on timer tc_wait failed: The timer is not started.
2016/Feb/16 11:14:46.786592 MATCHING LibItsGeoNetworking_Functions.ttcn:1189 Timeout operation on timer tc_ac failed: The timer is not started.
2016/Feb/16 11:14:47.286331 TIMEROP LibCommon_Time.ttcn:65 Timeout t: 0.5 s
2016/Feb/16 11:14:47.287012 PORTEVENT LibItsGeoNetworking_Functions.ttcn:1896 Sent on geoNetworkingPort to system @LibItsGeoNetworking_TestSystem.GeoNetworkingReq : { msgOut := { basicHeader := { version := 0, nextHeader := e_commonHeader (1), reserved := 0, lifeTime := { multiplier := 10, ltBase := e_100s (3) }, routerHopLimit := 10 }, gnPacket := { packet := { commonHeader := { nextHeader := e_btpA (1), reserved := 0, headerTST := { tsbHdr := { headerType := e_topologicallyScopedBroadcast (5), headerSubType := e_multiHop (1) } }, trafficClass := { scf := e_scfEnable (1), channelOffload := e_choffDisabled (0), tcId := 0 }, flags := '00000000'B, plLength := 0, maxHopLimit := 10, reserved2 := 0 }, extendedHeader := { tsbHeader := { seqNumber := 52173, reserved := 0, srcPosVector := { gnAddr := { typeOfAddress := e_manual (1), stationType := e_passengerCar (5), stationCountryCode := 0, mid := '00000000000B'O }, timestamp := 3918738733, latitude := 20000, longitude := 0, pai := '1'B, speed := 0, heading := 0 } } }, payload := { decodedPayload := { btpPacket := { header := { btpAHeader := { destinationPort := 4000, sourcePort := 5000 } }, payload := { decodedPayload := omit, rawPayload := '44454641554C545F5041594C4F4144'O ("DEFAULT_PAYLOAD") } } }, rawPayload := ''O } }, securedMsg := omit } }, macDestinationAddress := 'FFFFFFFFFFFF'O }
2016/Feb/16 11:14:47.287109 DEBUG LibItsGeoNetworking_Functions.ttcn:1896 f_enc_GeoNetworkingReq(): Encoding @LibItsGeoNetworking_TestSystem.GeoNetworkingReq: { msgOut := { basicHeader := { version := 0, nextHeader := e_commonHeader (1), reserved := 0, lifeTime := { multiplier := 10, ltBase := e_100s (3) }, routerHopLimit := 10 }, gnPacket := { packet := { commonHeader := { nextHeader := e_btpA (1), reserved := 0, headerTST := { tsbHdr := { headerType := e_topologicallyScopedBroadcast (5), headerSubType := e_multiHop (1) } }, trafficClass := { scf := e_scfEnable (1), channelOffload := e_choffDisabled (0), tcId := 0 }, flags := '00000000'B, plLength := 0, maxHopLimit := 10, reserved2 := 0 }, extendedHeader := { tsbHeader := { seqNumber := 52173, reserved := 0, srcPosVector := { gnAddr := { typeOfAddress := e_manual (1), stationType := e_passengerCar (5), stationCountryCode := 0, mid := '00000000000B'O }, timestamp := 3918738733, latitude := 20000, longitude := 0, pai := '1'B, speed := 0, heading := 0 } } }, payload := { decodedPayload := { btpPacket := { header := { btpAHeader := { destinationPort := 4000, sourcePort := 5000 } }, payload := { decodedPayload := omit, rawPayload := '44454641554C545F5041594C4F4144'O ("DEFAULT_PAYLOAD") } } }, rawPayload := ''O } }, securedMsg := omit } }, macDestinationAddress := 'FFFFFFFFFFFF'O }
2016/Feb/16 11:14:47.287684 DEBUG LibItsGeoNetworking_Functions.ttcn:1896 f_enc_GeoNetworkingReq(): Stream after encoding: '0100CA0A1051010000000A00CBCD00000B0000000000000BE993352D00004E2000000000010000000FA0138844454641554C545F5041594C4F4144FFFFFFFFFFFF'O
2016/Feb/16 11:14:47.287877 DEBUG LibItsGeoNetworking_Functions.ttcn:1896 TRI_encode(): Encoding @TRI_interface_Types.TRI_mapper_PDU: { msg_id := 2, msg := { sendmsg := { addr := omit, data := { encoded_data := '0100CA0A1051010000000A00CBCD00000B0000000000000BE993352D00004E2000000000010000000FA0138844454641554C545F5041594C4F4144FFFFFFFFFFFF'O } } } }
2016/Feb/16 11:14:47.288099 DEBUG LibItsGeoNetworking_Functions.ttcn:1896 TRI_encode(): Stream after encoding: '7B226D73675F6964223A322C226D7367223A7B2273656E646D7367223A7B2264617461223A7B22656E636F6465645F64617461223A2230313030434130413130353130313030303030303041303043424344303030303042303030303030303030303030304245393933333532443030303034453230303030303030303030313030303030303046413031333838343434353436343135353443353435463530343135393443344634313434464646464646464646464646227D7D7D7D'O ("{\"msg_id\":2,\"msg\":{\"sendmsg\":{\"data\":{\"encoded_data\":\"0100CA0A1051010000000A00CBCD00000B0000000000000BE993352D00004E2000000000010000000FA0138844454641554C545F5041594C4F4144FFFFFFFFFFFF\"}}}}")
2016/Feb/16 11:14:47.288866 TIMEROP ItsGeoNetworking_TpFunctions.ttcn:10585 Start timer tc_ac: 30 s
2016/Feb/16 11:14:47.289300 MATCHING LibItsGeoNetworking_Functions.ttcn:1185 Timeout operation on timer tc_wait failed: The timer is not started.
2016/Feb/16 11:14:47.289439 MATCHING LibItsGeoNetworking_Functions.ttcn:1185 Timeout operation on timer tc_wait failed: The timer is not started.
2016/Feb/16 11:14:47.326426 DEBUG ItsGeoNetworking_TpFunctions.ttcn:10586 TRI_decode(): Stream before decoding: '7B226D7367223A7B22726573756C74223A7B22726573756C74223A225452495F6F6B227D7D2C226D73675F6964223A327D'O ("{\"msg\":{\"result\":{\"result\":\"TRI_ok\"}},\"msg_id\":2}")
2016/Feb/16 11:14:47.326661 DEBUG ItsGeoNetworking_TpFunctions.ttcn:10586 TRI_decode(): Decoded @TRI_interface_Types.TRI_mapper_PDU: { msg_id := 2, msg := { result := { result := TRI_ok (0), result_string := omit } } }
2016/Feb/16 11:14:47.327152 MATCHING LibItsGeoNetworking_Functions.ttcn:1185 Timeout operation on timer tc_wait failed: The timer is not started.
2016/Feb/16 11:14:47.327289 MATCHING LibItsGeoNetworking_Functions.ttcn:1185 Timeout operation on timer tc_wait failed: The timer is not started.
2016/Feb/16 11:15:17.315499 TIMEROP ItsGeoNetworking_TpFunctions.ttcn:10615 Timeout tc_ac: 30 s
2016/Feb/16 11:15:17.315645 USER ItsGeoNetworking_TpFunctions.ttcn:10616 "*** TC_GEONW_PON_TSB_BO_07: INCONC: Pre-conditions: TSB not rebroadcasted ***"
2016/Feb/16 11:15:17.315848 USER LibCommon_VerdictControl.ttcn:65 f_setVerdictPreamble: This function is deprecated. Use f_setVerdictPreOrPostamble instead. 
2016/Feb/16 11:15:17.315947 VERDICTOP LibCommon_VerdictControl.ttcn:92 setverdict(inconc): none -> inconc
2016/Feb/16 11:15:17.316042 USER LibCommon_Sync.ttcn:995 **** f_clientSync: Execution status indicates that execution of test component behavior was not successful - sync client will ask sync server to stop test case! ****
2016/Feb/16 11:15:17.316123 USER LibCommon_Sync.ttcn:1031 **** f_clientSendStop: Sync client requesting from server to stop test case (including itself). ****
2016/Feb/16 11:15:17.316209 PORTEVENT LibCommon_Sync.ttcn:1032 Sent on syncPort to mtc @LibCommon_Sync.SyncCmd : { clientStop := { } }
2016/Feb/16 11:15:17.317043 TIMEROP LibCommon_Sync.ttcn:1033 Start timer tc_sync: 10 s
2016/Feb/16 11:15:17.317407 MATCHING LibItsGeoNetworking_Functions.ttcn:1185 Timeout operation on timer tc_wait failed: The timer is not started.
2016/Feb/16 11:15:17.317490 MATCHING LibItsGeoNetworking_Functions.ttcn:1189 Timeout operation on timer tc_ac failed: The timer is not started.
2016/Feb/16 11:15:17.317626 MATCHING LibItsGeoNetworking_Functions.ttcn:1185 Timeout operation on timer tc_wait failed: The timer is not started.
2016/Feb/16 11:15:17.317679 MATCHING LibItsGeoNetworking_Functions.ttcn:1189 Timeout operation on timer tc_ac failed: The timer is not started.
2016/Feb/16 11:15:17.317751 DEBUG LibCommon_Sync.ttcn:1034 TRI_encode(): Encoding @TRI_interface_Types.TRI_mapper_PDU: { msg_id := 3, msg := { unmapped := { } } }
2016/Feb/16 11:15:17.317874 DEBUG LibCommon_Sync.ttcn:1034 TRI_encode(): Stream after encoding: '7B226D73675F6964223A332C226D7367223A7B22756E6D6170706564223A7B7D7D7D'O ("{\"msg_id\":3,\"msg\":{\"unmapped\":{}}}")
2016/Feb/16 11:15:17.363152 DEBUG LibCommon_Sync.ttcn:1034 TRI_decode(): Stream before decoding: '7B226D7367223A7B22726573756C74223A7B22726573756C74223A225452495F6F6B227D7D2C226D73675F6964223A337D'O ("{\"msg\":{\"result\":{\"result\":\"TRI_ok\"}},\"msg_id\":3}")
2016/Feb/16 11:15:17.363383 DEBUG LibCommon_Sync.ttcn:1034 TRI_decode(): Decoded @TRI_interface_Types.TRI_mapper_PDU: { msg_id := 3, msg := { result := { result := TRI_ok (0), result_string := omit } } }
2016/Feb/16 11:15:17.363510 PORTEVENT LibCommon_Sync.ttcn:1034 Port utPort was unmapped from system:utPort.
2016/Feb/16 11:15:17.364158 MATCHING LibItsGeoNetworking_Functions.ttcn:1185 Timeout operation on timer tc_wait failed: The timer is not started.
2016/Feb/16 11:15:17.364218 MATCHING LibItsGeoNetworking_Functions.ttcn:1189 Timeout operation on timer tc_ac failed: The timer is not started.
2016/Feb/16 11:15:17.364348 MATCHING LibItsGeoNetworking_Functions.ttcn:1185 Timeout operation on timer tc_wait failed: The timer is not started.
2016/Feb/16 11:15:17.364400 MATCHING LibItsGeoNetworking_Functions.ttcn:1189 Timeout operation on timer tc_ac failed: The timer is not started.
2016/Feb/16 11:15:17.364470 DEBUG LibCommon_Sync.ttcn:1034 TRI_encode(): Encoding @TRI_interface_Types.TRI_mapper_PDU: { msg_id := 3, msg := { unmapped := { } } }
2016/Feb/16 11:15:17.364581 DEBUG LibCommon_Sync.ttcn:1034 TRI_encode(): Stream after encoding: '7B226D73675F6964223A332C226D7367223A7B22756E6D6170706564223A7B7D7D7D'O ("{\"msg_id\":3,\"msg\":{\"unmapped\":{}}}")
2016/Feb/16 11:15:17.401537 DEBUG LibCommon_Sync.ttcn:1034 TRI_decode(): Stream before decoding: '7B226D7367223A7B22726573756C74223A7B22726573756C74223A225452495F6F6B227D7D2C226D73675F6964223A337D'O ("{\"msg\":{\"result\":{\"result\":\"TRI_ok\"}},\"msg_id\":3}")
2016/Feb/16 11:15:17.401648 DEBUG LibCommon_Sync.ttcn:1034 TRI_decode(): Decoded @TRI_interface_Types.TRI_mapper_PDU: { msg_id := 3, msg := { result := { result := TRI_ok (0), result_string := omit } } }
2016/Feb/16 11:15:17.401700 PORTEVENT LibCommon_Sync.ttcn:1034 Port acPort was unmapped from system:acPort.
2016/Feb/16 11:15:17.402030 MATCHING LibItsGeoNetworking_Functions.ttcn:1185 Timeout operation on timer tc_wait failed: The timer is not started.
2016/Feb/16 11:15:17.402058 MATCHING LibItsGeoNetworking_Functions.ttcn:1189 Timeout operation on timer tc_ac failed: The timer is not started.
2016/Feb/16 11:15:17.402116 MATCHING LibItsGeoNetworking_Functions.ttcn:1185 Timeout operation on timer tc_wait failed: The timer is not started.
2016/Feb/16 11:15:17.402139 MATCHING LibItsGeoNetworking_Functions.ttcn:1189 Timeout operation on timer tc_ac failed: The timer is not started.
2016/Feb/16 11:15:17.402170 DEBUG LibCommon_Sync.ttcn:1034 TRI_encode(): Encoding @TRI_interface_Types.TRI_mapper_PDU: { msg_id := 3, msg := { unmapped := { } } }
2016/Feb/16 11:15:17.402220 DEBUG LibCommon_Sync.ttcn:1034 TRI_encode(): Stream after encoding: '7B226D73675F6964223A332C226D7367223A7B22756E6D6170706564223A7B7D7D7D'O ("{\"msg_id\":3,\"msg\":{\"unmapped\":{}}}")
2016/Feb/16 11:15:17.857952 DEBUG LibCommon_Sync.ttcn:1034 TRI_decode(): Stream before decoding: '7B226D7367223A7B22726573756C74223A7B22726573756C74223A225452495F6F6B227D7D2C226D73675F6964223A337D'O ("{\"msg\":{\"result\":{\"result\":\"TRI_ok\"}},\"msg_id\":3}")
2016/Feb/16 11:15:17.858222 DEBUG LibCommon_Sync.ttcn:1034 TRI_decode(): Decoded @TRI_interface_Types.TRI_mapper_PDU: { msg_id := 3, msg := { result := { result := TRI_ok (0), result_string := omit } } }
2016/Feb/16 11:15:17.858342 PORTEVENT LibCommon_Sync.ttcn:1034 Port geoNetworkingPort was unmapped from system:geoNetworkingPort.
2016/Feb/16 11:15:17.858735 MATCHING LibItsGeoNetworking_Functions.ttcn:1185 Timeout operation on timer tc_wait failed: The timer is not started.
2016/Feb/16 11:15:17.858796 MATCHING LibItsGeoNetworking_Functions.ttcn:1189 Timeout operation on timer tc_ac failed: The timer is not started.
2016/Feb/16 11:15:17.858928 MATCHING LibItsGeoNetworking_Functions.ttcn:1185 Timeout operation on timer tc_wait failed: The timer is not started.
2016/Feb/16 11:15:17.858980 MATCHING LibItsGeoNetworking_Functions.ttcn:1189 Timeout operation on timer tc_ac failed: The timer is not started.
2016/Feb/16 11:15:17.859528 PORTEVENT LibCommon_Sync.ttcn:1034 Terminating the connection of port syncPort to mtc:syncPort. No more messages can be sent through this connection.
2016/Feb/16 11:15:17.859845 MATCHING LibItsGeoNetworking_Functions.ttcn:1185 Timeout operation on timer tc_wait failed: The timer is not started.
2016/Feb/16 11:15:17.859902 MATCHING LibItsGeoNetworking_Functions.ttcn:1189 Timeout operation on timer tc_ac failed: The timer is not started.
2016/Feb/16 11:15:17.860028 MATCHING LibItsGeoNetworking_Functions.ttcn:1185 Timeout operation on timer tc_wait failed: The timer is not started.
2016/Feb/16 11:15:17.860080 MATCHING LibItsGeoNetworking_Functions.ttcn:1189 Timeout operation on timer tc_ac failed: The timer is not started.
2016/Feb/16 11:15:17.860145 PORTEVENT LibCommon_Sync.ttcn:1034 Port syncPort was disconnected from mtc:syncPort.
2016/Feb/16 11:15:17.860459 MATCHING LibItsGeoNetworking_Functions.ttcn:1185 Timeout operation on timer tc_wait failed: The timer is not started.
2016/Feb/16 11:15:17.860515 MATCHING LibItsGeoNetworking_Functions.ttcn:1189 Timeout operation on timer tc_ac failed: The timer is not started.
2016/Feb/16 11:15:17.860641 MATCHING LibItsGeoNetworking_Functions.ttcn:1185 Timeout operation on timer tc_wait failed: The timer is not started.
2016/Feb/16 11:15:17.860694 MATCHING LibItsGeoNetworking_Functions.ttcn:1189 Timeout operation on timer tc_ac failed: The timer is not started.
2016/Feb/16 11:15:18.026023 PARALLEL LibCommon_Sync.ttcn:1034 Kill was requested from MC.
2016/Feb/16 11:15:18.026069 PARALLEL LibCommon_Sync.ttcn:1034 Terminating test component execution.
2016/Feb/16 11:15:18.026425 PARALLEL - Function f_GEONW_PON_TSB_BO_07_nodeB was stopped. PTC terminates.
2016/Feb/16 11:15:18.026452 PARALLEL - Terminating component type LibItsGeoNetworking_TestSystem.ItsGeoNetworking.
2016/Feb/16 11:15:18.026472 DEFAULTOP - Default with id 1 (altstep a_default) was deactivated.
2016/Feb/16 11:15:18.026490 DEFAULTOP - Default with id 2 (altstep a_utDefault) was deactivated.
2016/Feb/16 11:15:18.026507 DEFAULTOP - Default with id 3 (altstep a_neighbourDefault) was deactivated.
2016/Feb/16 11:15:18.026524 TIMEROP - Stop timer tc_sync: 10 s
2016/Feb/16 11:15:18.026547 PORTEVENT - Port syncPort was stopped.
2016/Feb/16 11:15:18.026565 PORTEVENT - Port syncSendPort was stopped.
2016/Feb/16 11:15:18.026585 DEBUG - TRI_encode(): Encoding @TRI_interface_Types.TRI_mapper_PDU: { msg_id := 4, msg := { unregister := { } } }
2016/Feb/16 11:15:18.026639 DEBUG - TRI_encode(): Stream after encoding: '7B226D73675F6964223A342C226D7367223A7B22756E7265676973746572223A7B7D7D7D'O ("{\"msg_id\":4,\"msg\":{\"unregister\":{}}}")
2016/Feb/16 11:15:18.065501 DEBUG - TRI_decode(): Stream before decoding: '7B226D7367223A7B22726573756C74223A7B22726573756C74223A225452495F6F6B227D7D2C226D73675F6964223A347D'O ("{\"msg\":{\"result\":{\"result\":\"TRI_ok\"}},\"msg_id\":4}")
2016/Feb/16 11:15:18.065633 DEBUG - TRI_decode(): Decoded @TRI_interface_Types.TRI_mapper_PDU: { msg_id := 4, msg := { result := { result := TRI_ok (0), result_string := omit } } }
2016/Feb/16 11:15:18.065723 PORTEVENT - Port utPort was stopped.
2016/Feb/16 11:15:18.065751 DEBUG - TRI_encode(): Encoding @TRI_interface_Types.TRI_mapper_PDU: { msg_id := 4, msg := { unregister := { } } }
2016/Feb/16 11:15:18.065801 DEBUG - TRI_encode(): Stream after encoding: '7B226D73675F6964223A342C226D7367223A7B22756E7265676973746572223A7B7D7D7D'O ("{\"msg_id\":4,\"msg\":{\"unregister\":{}}}")
2016/Feb/16 11:15:18.105882 DEBUG - TRI_decode(): Stream before decoding: '7B226D7367223A7B22726573756C74223A7B22726573756C74223A225452495F6F6B227D7D2C226D73675F6964223A347D'O ("{\"msg\":{\"result\":{\"result\":\"TRI_ok\"}},\"msg_id\":4}")
2016/Feb/16 11:15:18.106114 DEBUG - TRI_decode(): Decoded @TRI_interface_Types.TRI_mapper_PDU: { msg_id := 4, msg := { result := { result := TRI_ok (0), result_string := omit } } }
2016/Feb/16 11:15:18.106250 PORTEVENT - Port acPort was stopped.
2016/Feb/16 11:15:18.106303 DEBUG - TRI_encode(): Encoding @TRI_interface_Types.TRI_mapper_PDU: { msg_id := 4, msg := { unregister := { } } }
2016/Feb/16 11:15:18.106399 DEBUG - TRI_encode(): Stream after encoding: '7B226D73675F6964223A342C226D7367223A7B22756E7265676973746572223A7B7D7D7D'O ("{\"msg_id\":4,\"msg\":{\"unregister\":{}}}")
2016/Feb/16 11:15:18.107386 DEBUG - TRI_decode(): Stream before decoding: '7B226D7367223A7B22726573756C74223A7B22726573756C74223A225452495F6F6B227D7D2C226D73675F6964223A347D'O ("{\"msg\":{\"result\":{\"result\":\"TRI_ok\"}},\"msg_id\":4}")
2016/Feb/16 11:15:18.107522 DEBUG - TRI_decode(): Decoded @TRI_interface_Types.TRI_mapper_PDU: { msg_id := 4, msg := { result := { result := TRI_ok (0), result_string := omit } } }
2016/Feb/16 11:15:18.107634 PORTEVENT - Port geoNetworkingPort was stopped.
2016/Feb/16 11:15:18.107677 PARALLEL - Component type LibItsGeoNetworking_TestSystem.ItsGeoNetworking was shut down inside testcase TC_GEONW_PON_TSB_BO_07.
2016/Feb/16 11:15:18.107747 VERDICTOP - Final verdict of PTC: inconc
2016/Feb/16 11:15:18.110962 EXECUTOR - Disconnected from MC.
2016/Feb/16 11:15:18.111012 EXECUTOR - TTCN-3 Parallel Test Component finished.
