2016/Feb/16 11:15:18.116823 EXECUTOR - TTCN-3 Parallel Test Component started on aitorkun-HP-EliteBook-2530p. Component reference: NodeB(90), component type: LibItsGeoNetworking_TestSystem.ItsGeoNetworking, component name: NodeB. Version: CRL 113 200/5 R4A.
2016/Feb/16 11:15:18.116896 EXECUTOR - TTCN Logger v2.2 options: TimeStampFormat:=DateTime; LogEntityName:=No; LogEventTypes:=Yes; SourceInfoFormat:=Single; *.FileMask:=LOG_ALL | MATCHING | DEBUG; *.ConsoleMask:=ERROR | TESTCASE | STATISTICS | USER | VERDICTOP | WARNING | DEBUG; LogFileSize:=0; LogFileNumber:=1; DiskFullAction:=Error
2016/Feb/16 11:15:18.117400 EXECUTOR - Connected to MC.
2016/Feb/16 11:15:18.117459 PARALLEL - Initializing variables, timers and ports of component type LibItsGeoNetworking_TestSystem.ItsGeoNetworking inside testcase TC_GEONW_PON_SHB_BV_01.
2016/Feb/16 11:15:18.117681 WARNING - Warning: Test port parameter TRI_mapper_address is not supported on port syncPort.
2016/Feb/16 11:15:18.117719 WARNING - Warning: Test port parameter TRI_mapper_address is not supported on port syncSendPort.
2016/Feb/16 11:15:18.117978 WARNING - Warning: Test port parameter TRI_mapper_port is not supported on port syncPort.
2016/Feb/16 11:15:18.118020 WARNING - Warning: Test port parameter TRI_mapper_port is not supported on port syncSendPort.
2016/Feb/16 11:15:18.118058 PORTEVENT - Port syncPort was started.
2016/Feb/16 11:15:18.118091 PORTEVENT - Port syncSendPort was started.
2016/Feb/16 11:15:18.118448 DEBUG - TRI_encode(): Encoding @TRI_interface_Types.TRI_mapper_PDU: { msg_id := 0, msg := { reg := { portid := { portName := "utPort", portTypeName := "GeoNetworkingPort", component_ := { componentId := '0000005A'O, componentName := "NodeB", componentTypeName := "N/A" }, portindex := omit }, type_list := omit } } }
2016/Feb/16 11:15:18.118536 DEBUG - TRI_encode(): Stream after encoding: '7B226D73675F6964223A302C226D7367223A7B22726567223A7B22706F72746964223A7B22706F72744E616D65223A227574506F7274222C22706F7274547970654E616D65223A2247656F4E6574776F726B696E67506F7274222C22636F6D706F6E656E745F223A7B22636F6D706F6E656E744964223A223030303030303541222C22636F6D706F6E656E744E616D65223A224E6F646542222C22636F6D706F6E656E74547970654E616D65223A224E2F41227D7D7D7D7D'O ("{\"msg_id\":0,\"msg\":{\"reg\":{\"portid\":{\"portName\":\"utPort\",\"portTypeName\":\"GeoNetworkingPort\",\"component_\":{\"componentId\":\"0000005A\",\"componentName\":\"NodeB\",\"componentTypeName\":\"N/A\"}}}}}")
2016/Feb/16 11:15:18.120470 DEBUG - TRI_decode(): Stream before decoding: '7B226D7367223A7B22726573756C74223A7B22726573756C74223A225452495F6F6B227D7D2C226D73675F6964223A307D'O ("{\"msg\":{\"result\":{\"result\":\"TRI_ok\"}},\"msg_id\":0}")
2016/Feb/16 11:15:18.120603 DEBUG - TRI_decode(): Decoded @TRI_interface_Types.TRI_mapper_PDU: { msg_id := 0, msg := { result := { result := TRI_ok (0), result_string := omit } } }
2016/Feb/16 11:15:18.120675 PORTEVENT - Port utPort was started.
2016/Feb/16 11:15:18.120808 DEBUG - TRI_encode(): Encoding @TRI_interface_Types.TRI_mapper_PDU: { msg_id := 0, msg := { reg := { portid := { portName := "acPort", portTypeName := "<port type name>", component_ := { componentId := '0000005A'O, componentName := "NodeB", componentTypeName := "N/A" }, portindex := omit }, type_list := omit } } }
2016/Feb/16 11:15:18.121149 DEBUG - TRI_encode(): Stream after encoding: '7B226D73675F6964223A302C226D7367223A7B22726567223A7B22706F72746964223A7B22706F72744E616D65223A226163506F7274222C22706F7274547970654E616D65223A223C706F72742074797065206E616D653E222C22636F6D706F6E656E745F223A7B22636F6D706F6E656E744964223A223030303030303541222C22636F6D706F6E656E744E616D65223A224E6F646542222C22636F6D706F6E656E74547970654E616D65223A224E2F41227D7D7D7D7D'O ("{\"msg_id\":0,\"msg\":{\"reg\":{\"portid\":{\"portName\":\"acPort\",\"portTypeName\":\"<port type name>\",\"component_\":{\"componentId\":\"0000005A\",\"componentName\":\"NodeB\",\"componentTypeName\":\"N/A\"}}}}}")
2016/Feb/16 11:15:18.122703 DEBUG - TRI_decode(): Stream before decoding: '7B226D7367223A7B22726573756C74223A7B22726573756C74223A225452495F6F6B227D7D2C226D73675F6964223A307D'O ("{\"msg\":{\"result\":{\"result\":\"TRI_ok\"}},\"msg_id\":0}")
2016/Feb/16 11:15:18.122777 DEBUG - TRI_decode(): Decoded @TRI_interface_Types.TRI_mapper_PDU: { msg_id := 0, msg := { result := { result := TRI_ok (0), result_string := omit } } }
2016/Feb/16 11:15:18.122817 PORTEVENT - Port acPort was started.
2016/Feb/16 11:15:18.123050 DEBUG - TRI_encode(): Encoding @TRI_interface_Types.TRI_mapper_PDU: { msg_id := 0, msg := { reg := { portid := { portName := "geoNetworkingPort", portTypeName := "GeoNetworkingPort", component_ := { componentId := '0000005A'O, componentName := "NodeB", componentTypeName := "N/A" }, portindex := omit }, type_list := omit } } }
2016/Feb/16 11:15:18.123129 DEBUG - TRI_encode(): Stream after encoding: '7B226D73675F6964223A302C226D7367223A7B22726567223A7B22706F72746964223A7B22706F72744E616D65223A2267656F4E6574776F726B696E67506F7274222C22706F7274547970654E616D65223A2247656F4E6574776F726B696E67506F7274222C22636F6D706F6E656E745F223A7B22636F6D706F6E656E744964223A223030303030303541222C22636F6D706F6E656E744E616D65223A224E6F646542222C22636F6D706F6E656E74547970654E616D65223A224E2F41227D7D7D7D7D'O ("{\"msg_id\":0,\"msg\":{\"reg\":{\"portid\":{\"portName\":\"geoNetworkingPort\",\"portTypeName\":\"GeoNetworkingPort\",\"component_\":{\"componentId\":\"0000005A\",\"componentName\":\"NodeB\",\"componentTypeName\":\"N/A\"}}}}}")
2016/Feb/16 11:15:18.123841 DEBUG - TRI_decode(): Stream before decoding: '7B226D7367223A7B22726573756C74223A7B22726573756C74223A225452495F6F6B227D7D2C226D73675F6964223A307D'O ("{\"msg\":{\"result\":{\"result\":\"TRI_ok\"}},\"msg_id\":0}")
2016/Feb/16 11:15:18.123906 DEBUG - TRI_decode(): Decoded @TRI_interface_Types.TRI_mapper_PDU: { msg_id := 0, msg := { result := { result := TRI_ok (0), result_string := omit } } }
2016/Feb/16 11:15:18.123961 PORTEVENT - Port geoNetworkingPort was started.
2016/Feb/16 11:15:18.123979 PARALLEL - Component type LibItsGeoNetworking_TestSystem.ItsGeoNetworking was initialized.
2016/Feb/16 11:15:18.201031 DEBUG - TRI_encode(): Encoding @TRI_interface_Types.TRI_mapper_PDU: { msg_id := 1, msg := { mapped := { portid := { portName := "acPort", portTypeName := "<port type name>", component_ := { componentId := '00000001'O, componentName := "System", componentTypeName := "N/A" }, portindex := omit } } } }
2016/Feb/16 11:15:18.201209 DEBUG - TRI_encode(): Stream after encoding: '7B226D73675F6964223A312C226D7367223A7B226D6170706564223A7B22706F72746964223A7B22706F72744E616D65223A226163506F7274222C22706F7274547970654E616D65223A223C706F72742074797065206E616D653E222C22636F6D706F6E656E745F223A7B22636F6D706F6E656E744964223A223030303030303031222C22636F6D706F6E656E744E616D65223A2253797374656D222C22636F6D706F6E656E74547970654E616D65223A224E2F41227D7D7D7D7D'O ("{\"msg_id\":1,\"msg\":{\"mapped\":{\"portid\":{\"portName\":\"acPort\",\"portTypeName\":\"<port type name>\",\"component_\":{\"componentId\":\"00000001\",\"componentName\":\"System\",\"componentTypeName\":\"N/A\"}}}}}")
2016/Feb/16 11:15:18.241660 DEBUG - TRI_decode(): Stream before decoding: '7B226D7367223A7B22726573756C74223A7B22726573756C74223A225452495F6F6B227D7D2C226D73675F6964223A317D'O ("{\"msg\":{\"result\":{\"result\":\"TRI_ok\"}},\"msg_id\":1}")
2016/Feb/16 11:15:18.241804 DEBUG - TRI_decode(): Decoded @TRI_interface_Types.TRI_mapper_PDU: { msg_id := 1, msg := { result := { result := TRI_ok (0), result_string := omit } } }
2016/Feb/16 11:15:18.241897 PORTEVENT - Port acPort was mapped to system:acPort.
2016/Feb/16 11:15:18.242348 DEBUG - TRI_encode(): Encoding @TRI_interface_Types.TRI_mapper_PDU: { msg_id := 1, msg := { mapped := { portid := { portName := "utPort", portTypeName := "GeoNetworkingPort", component_ := { componentId := '00000001'O, componentName := "System", componentTypeName := "N/A" }, portindex := omit } } } }
2016/Feb/16 11:15:18.242427 DEBUG - TRI_encode(): Stream after encoding: '7B226D73675F6964223A312C226D7367223A7B226D6170706564223A7B22706F72746964223A7B22706F72744E616D65223A227574506F7274222C22706F7274547970654E616D65223A2247656F4E6574776F726B696E67506F7274222C22636F6D706F6E656E745F223A7B22636F6D706F6E656E744964223A223030303030303031222C22636F6D706F6E656E744E616D65223A2253797374656D222C22636F6D706F6E656E74547970654E616D65223A224E2F41227D7D7D7D7D'O ("{\"msg_id\":1,\"msg\":{\"mapped\":{\"portid\":{\"portName\":\"utPort\",\"portTypeName\":\"GeoNetworkingPort\",\"component_\":{\"componentId\":\"00000001\",\"componentName\":\"System\",\"componentTypeName\":\"N/A\"}}}}}")
2016/Feb/16 11:15:18.285447 DEBUG - TRI_decode(): Stream before decoding: '7B226D7367223A7B22726573756C74223A7B22726573756C74223A225452495F6F6B227D7D2C226D73675F6964223A317D'O ("{\"msg\":{\"result\":{\"result\":\"TRI_ok\"}},\"msg_id\":1}")
2016/Feb/16 11:15:18.285677 DEBUG - TRI_decode(): Decoded @TRI_interface_Types.TRI_mapper_PDU: { msg_id := 1, msg := { result := { result := TRI_ok (0), result_string := omit } } }
2016/Feb/16 11:15:18.285788 PORTEVENT - Port utPort was mapped to system:utPort.
2016/Feb/16 11:15:18.286663 DEBUG - TRI_encode(): Encoding @TRI_interface_Types.TRI_mapper_PDU: { msg_id := 1, msg := { mapped := { portid := { portName := "geoNetworkingPort", portTypeName := "GeoNetworkingPort", component_ := { componentId := '00000001'O, componentName := "System", componentTypeName := "N/A" }, portindex := omit } } } }
2016/Feb/16 11:15:18.286828 DEBUG - TRI_encode(): Stream after encoding: '7B226D73675F6964223A312C226D7367223A7B226D6170706564223A7B22706F72746964223A7B22706F72744E616D65223A2267656F4E6574776F726B696E67506F7274222C22706F7274547970654E616D65223A2247656F4E6574776F726B696E67506F7274222C22636F6D706F6E656E745F223A7B22636F6D706F6E656E744964223A223030303030303031222C22636F6D706F6E656E744E616D65223A2253797374656D222C22636F6D706F6E656E74547970654E616D65223A224E2F41227D7D7D7D7D'O ("{\"msg_id\":1,\"msg\":{\"mapped\":{\"portid\":{\"portName\":\"geoNetworkingPort\",\"portTypeName\":\"GeoNetworkingPort\",\"component_\":{\"componentId\":\"00000001\",\"componentName\":\"System\",\"componentTypeName\":\"N/A\"}}}}}")
2016/Feb/16 11:15:18.350765 DEBUG - TRI_decode(): Stream before decoding: '7B226D7367223A7B22726573756C74223A7B22726573756C74223A225452495F6F6B227D7D2C226D73675F6964223A317D'O ("{\"msg\":{\"result\":{\"result\":\"TRI_ok\"}},\"msg_id\":1}")
2016/Feb/16 11:15:18.350976 DEBUG - TRI_decode(): Decoded @TRI_interface_Types.TRI_mapper_PDU: { msg_id := 1, msg := { result := { result := TRI_ok (0), result_string := omit } } }
2016/Feb/16 11:15:18.351077 PORTEVENT - Port geoNetworkingPort was mapped to system:geoNetworkingPort.
2016/Feb/16 11:15:18.351866 PORTEVENT - Port syncPort has established the connection with mtc:syncPort using transport type UNIX.
2016/Feb/16 11:15:18.353394 PORTEVENT - Connection of port syncPort to mtc:syncPort was closed unexpectedly by the peer.
2016/Feb/16 11:15:18.353457 PORTEVENT - Port syncPort was disconnected from mtc:syncPort.
2016/Feb/16 11:15:18.514669 PARALLEL - Kill was requested from MC. Terminating idle PTC.
2016/Feb/16 11:15:18.514739 PARALLEL - Terminating component type LibItsGeoNetworking_TestSystem.ItsGeoNetworking.
2016/Feb/16 11:15:18.514780 PORTEVENT - Port syncPort was stopped.
2016/Feb/16 11:15:18.514816 PORTEVENT - Port syncSendPort was stopped.
2016/Feb/16 11:15:18.514849 PORTEVENT - Removing unterminated mapping between port utPort and system:utPort.
2016/Feb/16 11:15:18.514892 DEBUG - TRI_encode(): Encoding @TRI_interface_Types.TRI_mapper_PDU: { msg_id := 2, msg := { unmapped := { } } }
2016/Feb/16 11:15:18.515010 DEBUG - TRI_encode(): Stream after encoding: '7B226D73675F6964223A322C226D7367223A7B22756E6D6170706564223A7B7D7D7D'O ("{\"msg_id\":2,\"msg\":{\"unmapped\":{}}}")
2016/Feb/16 11:15:18.554286 DEBUG - TRI_decode(): Stream before decoding: '7B226D7367223A7B22726573756C74223A7B22726573756C74223A225452495F6F6B227D7D2C226D73675F6964223A327D'O ("{\"msg\":{\"result\":{\"result\":\"TRI_ok\"}},\"msg_id\":2}")
2016/Feb/16 11:15:18.554506 DEBUG - TRI_decode(): Decoded @TRI_interface_Types.TRI_mapper_PDU: { msg_id := 2, msg := { result := { result := TRI_ok (0), result_string := omit } } }
2016/Feb/16 11:15:18.554615 PORTEVENT - Port utPort was unmapped from system:utPort.
2016/Feb/16 11:15:18.554724 DEBUG - TRI_encode(): Encoding @TRI_interface_Types.TRI_mapper_PDU: { msg_id := 3, msg := { unregister := { } } }
2016/Feb/16 11:15:18.554816 DEBUG - TRI_encode(): Stream after encoding: '7B226D73675F6964223A332C226D7367223A7B22756E7265676973746572223A7B7D7D7D'O ("{\"msg_id\":3,\"msg\":{\"unregister\":{}}}")
2016/Feb/16 11:15:18.594195 DEBUG - TRI_decode(): Stream before decoding: '7B226D7367223A7B22726573756C74223A7B22726573756C74223A225452495F6F6B227D7D2C226D73675F6964223A337D'O ("{\"msg\":{\"result\":{\"result\":\"TRI_ok\"}},\"msg_id\":3}")
2016/Feb/16 11:15:18.594457 DEBUG - TRI_decode(): Decoded @TRI_interface_Types.TRI_mapper_PDU: { msg_id := 3, msg := { result := { result := TRI_ok (0), result_string := omit } } }
2016/Feb/16 11:15:18.594652 PORTEVENT - Port utPort was stopped.
2016/Feb/16 11:15:18.594704 PORTEVENT - Removing unterminated mapping between port acPort and system:acPort.
2016/Feb/16 11:15:18.594748 DEBUG - TRI_encode(): Encoding @TRI_interface_Types.TRI_mapper_PDU: { msg_id := 2, msg := { unmapped := { } } }
2016/Feb/16 11:15:18.594839 DEBUG - TRI_encode(): Stream after encoding: '7B226D73675F6964223A322C226D7367223A7B22756E6D6170706564223A7B7D7D7D'O ("{\"msg_id\":2,\"msg\":{\"unmapped\":{}}}")
2016/Feb/16 11:15:18.633984 DEBUG - TRI_decode(): Stream before decoding: '7B226D7367223A7B22726573756C74223A7B22726573756C74223A225452495F6F6B227D7D2C226D73675F6964223A327D'O ("{\"msg\":{\"result\":{\"result\":\"TRI_ok\"}},\"msg_id\":2}")
2016/Feb/16 11:15:18.634214 DEBUG - TRI_decode(): Decoded @TRI_interface_Types.TRI_mapper_PDU: { msg_id := 2, msg := { result := { result := TRI_ok (0), result_string := omit } } }
2016/Feb/16 11:15:18.634340 PORTEVENT - Port acPort was unmapped from system:acPort.
2016/Feb/16 11:15:18.634424 DEBUG - TRI_encode(): Encoding @TRI_interface_Types.TRI_mapper_PDU: { msg_id := 3, msg := { unregister := { } } }
2016/Feb/16 11:15:18.634517 DEBUG - TRI_encode(): Stream after encoding: '7B226D73675F6964223A332C226D7367223A7B22756E7265676973746572223A7B7D7D7D'O ("{\"msg_id\":3,\"msg\":{\"unregister\":{}}}")
2016/Feb/16 11:15:18.673851 DEBUG - TRI_decode(): Stream before decoding: '7B226D7367223A7B22726573756C74223A7B22726573756C74223A225452495F6F6B227D7D2C226D73675F6964223A337D'O ("{\"msg\":{\"result\":{\"result\":\"TRI_ok\"}},\"msg_id\":3}")
2016/Feb/16 11:15:18.674094 DEBUG - TRI_decode(): Decoded @TRI_interface_Types.TRI_mapper_PDU: { msg_id := 3, msg := { result := { result := TRI_ok (0), result_string := omit } } }
2016/Feb/16 11:15:18.674274 PORTEVENT - Port acPort was stopped.
2016/Feb/16 11:15:18.674327 PORTEVENT - Removing unterminated mapping between port geoNetworkingPort and system:geoNetworkingPort.
2016/Feb/16 11:15:18.674375 DEBUG - TRI_encode(): Encoding @TRI_interface_Types.TRI_mapper_PDU: { msg_id := 2, msg := { unmapped := { } } }
2016/Feb/16 11:15:18.674467 DEBUG - TRI_encode(): Stream after encoding: '7B226D73675F6964223A322C226D7367223A7B22756E6D6170706564223A7B7D7D7D'O ("{\"msg_id\":2,\"msg\":{\"unmapped\":{}}}")
2016/Feb/16 11:15:18.729868 DEBUG - TRI_decode(): Stream before decoding: '7B226D7367223A7B22726573756C74223A7B22726573756C74223A225452495F6F6B227D7D2C226D73675F6964223A327D'O ("{\"msg\":{\"result\":{\"result\":\"TRI_ok\"}},\"msg_id\":2}")
2016/Feb/16 11:15:18.730106 DEBUG - TRI_decode(): Decoded @TRI_interface_Types.TRI_mapper_PDU: { msg_id := 2, msg := { result := { result := TRI_ok (0), result_string := omit } } }
2016/Feb/16 11:15:18.730213 PORTEVENT - Port geoNetworkingPort was unmapped from system:geoNetworkingPort.
2016/Feb/16 11:15:18.730298 DEBUG - TRI_encode(): Encoding @TRI_interface_Types.TRI_mapper_PDU: { msg_id := 3, msg := { unregister := { } } }
2016/Feb/16 11:15:18.730392 DEBUG - TRI_encode(): Stream after encoding: '7B226D73675F6964223A332C226D7367223A7B22756E7265676973746572223A7B7D7D7D'O ("{\"msg_id\":3,\"msg\":{\"unregister\":{}}}")
2016/Feb/16 11:15:18.769799 DEBUG - TRI_decode(): Stream before decoding: '7B226D7367223A7B22726573756C74223A7B22726573756C74223A225452495F6F6B227D7D2C226D73675F6964223A337D'O ("{\"msg\":{\"result\":{\"result\":\"TRI_ok\"}},\"msg_id\":3}")
2016/Feb/16 11:15:18.770054 DEBUG - TRI_decode(): Decoded @TRI_interface_Types.TRI_mapper_PDU: { msg_id := 3, msg := { result := { result := TRI_ok (0), result_string := omit } } }
2016/Feb/16 11:15:18.770252 PORTEVENT - Port geoNetworkingPort was stopped.
2016/Feb/16 11:15:18.770304 PARALLEL - Component type LibItsGeoNetworking_TestSystem.ItsGeoNetworking was shut down inside testcase TC_GEONW_PON_SHB_BV_01.
2016/Feb/16 11:15:18.770381 VERDICTOP - Final verdict of PTC: none
2016/Feb/16 11:15:18.770660 EXECUTOR - Disconnected from MC.
2016/Feb/16 11:15:18.770704 EXECUTOR - TTCN-3 Parallel Test Component finished.
