2016/Feb/16 11:09:06.634528 EXECUTOR - TTCN-3 Parallel Test Component started on aitorkun-HP-EliteBook-2530p. Component reference: NodeC(38), component type: LibItsGeoNetworking_TestSystem.ItsGeoNetworking, component name: NodeC. Version: CRL 113 200/5 R4A.
2016/Feb/16 11:09:06.634604 EXECUTOR - TTCN Logger v2.2 options: TimeStampFormat:=DateTime; LogEntityName:=No; LogEventTypes:=Yes; SourceInfoFormat:=Single; *.FileMask:=LOG_ALL | MATCHING | DEBUG; *.ConsoleMask:=ERROR | TESTCASE | STATISTICS | USER | VERDICTOP | WARNING | DEBUG; LogFileSize:=0; LogFileNumber:=1; DiskFullAction:=Error
2016/Feb/16 11:09:06.634771 EXECUTOR - Connected to MC.
2016/Feb/16 11:09:06.634848 PARALLEL - Initializing variables, timers and ports of component type LibItsGeoNetworking_TestSystem.ItsGeoNetworking inside testcase TC_GEONW_PON_FPB_BV_11_05.
2016/Feb/16 11:09:06.635982 WARNING - Warning: Test port parameter TRI_mapper_address is not supported on port syncPort.
2016/Feb/16 11:09:06.637673 WARNING - Warning: Test port parameter TRI_mapper_address is not supported on port syncSendPort.
2016/Feb/16 11:09:06.637881 WARNING - Warning: Test port parameter TRI_mapper_port is not supported on port syncPort.
2016/Feb/16 11:09:06.638057 WARNING - Warning: Test port parameter TRI_mapper_port is not supported on port syncSendPort.
2016/Feb/16 11:09:06.638231 PORTEVENT - Port syncPort was started.
2016/Feb/16 11:09:06.638269 PORTEVENT - Port syncSendPort was started.
2016/Feb/16 11:09:06.638691 DEBUG - TRI_encode(): Encoding @TRI_interface_Types.TRI_mapper_PDU: { msg_id := 0, msg := { reg := { portid := { portName := "utPort", portTypeName := "GeoNetworkingPort", component_ := { componentId := '00000026'O, componentName := "NodeC", componentTypeName := "N/A" }, portindex := omit }, type_list := omit } } }
2016/Feb/16 11:09:06.639135 DEBUG - TRI_encode(): Stream after encoding: '7B226D73675F6964223A302C226D7367223A7B22726567223A7B22706F72746964223A7B22706F72744E616D65223A227574506F7274222C22706F7274547970654E616D65223A2247656F4E6574776F726B696E67506F7274222C22636F6D706F6E656E745F223A7B22636F6D706F6E656E744964223A223030303030303236222C22636F6D706F6E656E744E616D65223A224E6F646543222C22636F6D706F6E656E74547970654E616D65223A224E2F41227D7D7D7D7D'O ("{\"msg_id\":0,\"msg\":{\"reg\":{\"portid\":{\"portName\":\"utPort\",\"portTypeName\":\"GeoNetworkingPort\",\"component_\":{\"componentId\":\"00000026\",\"componentName\":\"NodeC\",\"componentTypeName\":\"N/A\"}}}}}")
2016/Feb/16 11:09:06.643745 DEBUG - TRI_decode(): Stream before decoding: '7B226D7367223A7B22726573756C74223A7B22726573756C74223A225452495F6F6B227D7D2C226D73675F6964223A307D'O ("{\"msg\":{\"result\":{\"result\":\"TRI_ok\"}},\"msg_id\":0}")
2016/Feb/16 11:09:06.644385 DEBUG - TRI_decode(): Decoded @TRI_interface_Types.TRI_mapper_PDU: { msg_id := 0, msg := { result := { result := TRI_ok (0), result_string := omit } } }
2016/Feb/16 11:09:06.644575 PORTEVENT - Port utPort was started.
2016/Feb/16 11:09:06.644682 DEBUG - TRI_encode(): Encoding @TRI_interface_Types.TRI_mapper_PDU: { msg_id := 0, msg := { reg := { portid := { portName := "acPort", portTypeName := "<port type name>", component_ := { componentId := '00000026'O, componentName := "NodeC", componentTypeName := "N/A" }, portindex := omit }, type_list := omit } } }
2016/Feb/16 11:09:06.644890 DEBUG - TRI_encode(): Stream after encoding: '7B226D73675F6964223A302C226D7367223A7B22726567223A7B22706F72746964223A7B22706F72744E616D65223A226163506F7274222C22706F7274547970654E616D65223A223C706F72742074797065206E616D653E222C22636F6D706F6E656E745F223A7B22636F6D706F6E656E744964223A223030303030303236222C22636F6D706F6E656E744E616D65223A224E6F646543222C22636F6D706F6E656E74547970654E616D65223A224E2F41227D7D7D7D7D'O ("{\"msg_id\":0,\"msg\":{\"reg\":{\"portid\":{\"portName\":\"acPort\",\"portTypeName\":\"<port type name>\",\"component_\":{\"componentId\":\"00000026\",\"componentName\":\"NodeC\",\"componentTypeName\":\"N/A\"}}}}}")
2016/Feb/16 11:09:06.650995 DEBUG - TRI_decode(): Stream before decoding: '7B226D7367223A7B22726573756C74223A7B22726573756C74223A225452495F6F6B227D7D2C226D73675F6964223A307D'O ("{\"msg\":{\"result\":{\"result\":\"TRI_ok\"}},\"msg_id\":0}")
2016/Feb/16 11:09:06.651088 DEBUG - TRI_decode(): Decoded @TRI_interface_Types.TRI_mapper_PDU: { msg_id := 0, msg := { result := { result := TRI_ok (0), result_string := omit } } }
2016/Feb/16 11:09:06.651133 PORTEVENT - Port acPort was started.
2016/Feb/16 11:09:06.651447 DEBUG - TRI_encode(): Encoding @TRI_interface_Types.TRI_mapper_PDU: { msg_id := 0, msg := { reg := { portid := { portName := "geoNetworkingPort", portTypeName := "GeoNetworkingPort", component_ := { componentId := '00000026'O, componentName := "NodeC", componentTypeName := "N/A" }, portindex := omit }, type_list := omit } } }
2016/Feb/16 11:09:06.651523 DEBUG - TRI_encode(): Stream after encoding: '7B226D73675F6964223A302C226D7367223A7B22726567223A7B22706F72746964223A7B22706F72744E616D65223A2267656F4E6574776F726B696E67506F7274222C22706F7274547970654E616D65223A2247656F4E6574776F726B696E67506F7274222C22636F6D706F6E656E745F223A7B22636F6D706F6E656E744964223A223030303030303236222C22636F6D706F6E656E744E616D65223A224E6F646543222C22636F6D706F6E656E74547970654E616D65223A224E2F41227D7D7D7D7D'O ("{\"msg_id\":0,\"msg\":{\"reg\":{\"portid\":{\"portName\":\"geoNetworkingPort\",\"portTypeName\":\"GeoNetworkingPort\",\"component_\":{\"componentId\":\"00000026\",\"componentName\":\"NodeC\",\"componentTypeName\":\"N/A\"}}}}}")
2016/Feb/16 11:09:06.653224 DEBUG - TRI_decode(): Stream before decoding: '7B226D7367223A7B22726573756C74223A7B22726573756C74223A225452495F6F6B227D7D2C226D73675F6964223A307D'O ("{\"msg\":{\"result\":{\"result\":\"TRI_ok\"}},\"msg_id\":0}")
2016/Feb/16 11:09:06.653297 DEBUG - TRI_decode(): Decoded @TRI_interface_Types.TRI_mapper_PDU: { msg_id := 0, msg := { result := { result := TRI_ok (0), result_string := omit } } }
2016/Feb/16 11:09:06.653337 PORTEVENT - Port geoNetworkingPort was started.
2016/Feb/16 11:09:06.653356 PARALLEL - Component type LibItsGeoNetworking_TestSystem.ItsGeoNetworking was initialized.
2016/Feb/16 11:09:06.860369 DEBUG - TRI_encode(): Encoding @TRI_interface_Types.TRI_mapper_PDU: { msg_id := 1, msg := { mapped := { portid := { portName := "acPort", portTypeName := "<port type name>", component_ := { componentId := '00000001'O, componentName := "System", componentTypeName := "N/A" }, portindex := omit } } } }
2016/Feb/16 11:09:06.860544 DEBUG - TRI_encode(): Stream after encoding: '7B226D73675F6964223A312C226D7367223A7B226D6170706564223A7B22706F72746964223A7B22706F72744E616D65223A226163506F7274222C22706F7274547970654E616D65223A223C706F72742074797065206E616D653E222C22636F6D706F6E656E745F223A7B22636F6D706F6E656E744964223A223030303030303031222C22636F6D706F6E656E744E616D65223A2253797374656D222C22636F6D706F6E656E74547970654E616D65223A224E2F41227D7D7D7D7D'O ("{\"msg_id\":1,\"msg\":{\"mapped\":{\"portid\":{\"portName\":\"acPort\",\"portTypeName\":\"<port type name>\",\"component_\":{\"componentId\":\"00000001\",\"componentName\":\"System\",\"componentTypeName\":\"N/A\"}}}}}")
2016/Feb/16 11:09:06.898089 DEBUG - TRI_decode(): Stream before decoding: '7B226D7367223A7B22726573756C74223A7B22726573756C74223A225452495F6F6B227D7D2C226D73675F6964223A317D'O ("{\"msg\":{\"result\":{\"result\":\"TRI_ok\"}},\"msg_id\":1}")
2016/Feb/16 11:09:06.898339 DEBUG - TRI_decode(): Decoded @TRI_interface_Types.TRI_mapper_PDU: { msg_id := 1, msg := { result := { result := TRI_ok (0), result_string := omit } } }
2016/Feb/16 11:09:06.898463 PORTEVENT - Port acPort was mapped to system:acPort.
2016/Feb/16 11:09:06.899123 DEBUG - TRI_encode(): Encoding @TRI_interface_Types.TRI_mapper_PDU: { msg_id := 1, msg := { mapped := { portid := { portName := "utPort", portTypeName := "GeoNetworkingPort", component_ := { componentId := '00000001'O, componentName := "System", componentTypeName := "N/A" }, portindex := omit } } } }
2016/Feb/16 11:09:06.899286 DEBUG - TRI_encode(): Stream after encoding: '7B226D73675F6964223A312C226D7367223A7B226D6170706564223A7B22706F72746964223A7B22706F72744E616D65223A227574506F7274222C22706F7274547970654E616D65223A2247656F4E6574776F726B696E67506F7274222C22636F6D706F6E656E745F223A7B22636F6D706F6E656E744964223A223030303030303031222C22636F6D706F6E656E744E616D65223A2253797374656D222C22636F6D706F6E656E74547970654E616D65223A224E2F41227D7D7D7D7D'O ("{\"msg_id\":1,\"msg\":{\"mapped\":{\"portid\":{\"portName\":\"utPort\",\"portTypeName\":\"GeoNetworkingPort\",\"component_\":{\"componentId\":\"00000001\",\"componentName\":\"System\",\"componentTypeName\":\"N/A\"}}}}}")
2016/Feb/16 11:09:06.938524 DEBUG - TRI_decode(): Stream before decoding: '7B226D7367223A7B22726573756C74223A7B22726573756C74223A225452495F6F6B227D7D2C226D73675F6964223A317D'O ("{\"msg\":{\"result\":{\"result\":\"TRI_ok\"}},\"msg_id\":1}")
2016/Feb/16 11:09:06.938650 DEBUG - TRI_decode(): Decoded @TRI_interface_Types.TRI_mapper_PDU: { msg_id := 1, msg := { result := { result := TRI_ok (0), result_string := omit } } }
2016/Feb/16 11:09:06.938705 PORTEVENT - Port utPort was mapped to system:utPort.
2016/Feb/16 11:09:06.939289 DEBUG - TRI_encode(): Encoding @TRI_interface_Types.TRI_mapper_PDU: { msg_id := 1, msg := { mapped := { portid := { portName := "geoNetworkingPort", portTypeName := "GeoNetworkingPort", component_ := { componentId := '00000001'O, componentName := "System", componentTypeName := "N/A" }, portindex := omit } } } }
2016/Feb/16 11:09:06.939374 DEBUG - TRI_encode(): Stream after encoding: '7B226D73675F6964223A312C226D7367223A7B226D6170706564223A7B22706F72746964223A7B22706F72744E616D65223A2267656F4E6574776F726B696E67506F7274222C22706F7274547970654E616D65223A2247656F4E6574776F726B696E67506F7274222C22636F6D706F6E656E745F223A7B22636F6D706F6E656E744964223A223030303030303031222C22636F6D706F6E656E744E616D65223A2253797374656D222C22636F6D706F6E656E74547970654E616D65223A224E2F41227D7D7D7D7D'O ("{\"msg_id\":1,\"msg\":{\"mapped\":{\"portid\":{\"portName\":\"geoNetworkingPort\",\"portTypeName\":\"GeoNetworkingPort\",\"component_\":{\"componentId\":\"00000001\",\"componentName\":\"System\",\"componentTypeName\":\"N/A\"}}}}}")
2016/Feb/16 11:09:06.979366 DEBUG - TRI_decode(): Stream before decoding: '7B226D7367223A7B22726573756C74223A7B22726573756C74223A225452495F6F6B227D7D2C226D73675F6964223A317D'O ("{\"msg\":{\"result\":{\"result\":\"TRI_ok\"}},\"msg_id\":1}")
2016/Feb/16 11:09:06.979667 DEBUG - TRI_decode(): Decoded @TRI_interface_Types.TRI_mapper_PDU: { msg_id := 1, msg := { result := { result := TRI_ok (0), result_string := omit } } }
2016/Feb/16 11:09:06.979773 PORTEVENT - Port geoNetworkingPort was mapped to system:geoNetworkingPort.
2016/Feb/16 11:09:06.980604 PORTEVENT - Port syncPort has established the connection with mtc:syncPort using transport type UNIX.
2016/Feb/16 11:09:06.981248 PARALLEL - Starting function f_initialState().
2016/Feb/16 11:09:06.981365 PORTEVENT LibItsGeoNetworking_Functions.ttcn:49 Sent on utPort to system @LibItsCommon_TypesAndValues.UtInitialize : { hashedId8 := '0000000000000000'O }
2016/Feb/16 11:09:06.981424 DEBUG LibItsGeoNetworking_Functions.ttcn:49 TRI_encode(): Encoding @TRI_interface_Types.TRI_mapper_PDU: { msg_id := 2, msg := { sendmsg := { addr := omit, data := { encoded_data := '000000000000000000'O } } } }
2016/Feb/16 11:09:06.981543 DEBUG LibItsGeoNetworking_Functions.ttcn:49 TRI_encode(): Stream after encoding: '7B226D73675F6964223A322C226D7367223A7B2273656E646D7367223A7B2264617461223A7B22656E636F6465645F64617461223A22303030303030303030303030303030303030227D7D7D7D'O ("{\"msg_id\":2,\"msg\":{\"sendmsg\":{\"data\":{\"encoded_data\":\"000000000000000000\"}}}}")
2016/Feb/16 11:09:06.981720 TIMEROP LibItsGeoNetworking_Functions.ttcn:50 Start timer tc_wait: 1 s
2016/Feb/16 11:09:06.981803 WARNING LibItsGeoNetworking_Functions.ttcn:61 Warning: An [else] branch of an alt construct has been reached. Re-configuring the snapshot manager to call the event handlers even when taking the first snapshot.
2016/Feb/16 11:09:07.021370 DEBUG LibItsGeoNetworking_Functions.ttcn:67 TRI_decode(): Stream before decoding: '7B226D7367223A7B22726573756C74223A7B22726573756C74223A225452495F6F6B227D7D2C226D73675F6964223A327D'O ("{\"msg\":{\"result\":{\"result\":\"TRI_ok\"}},\"msg_id\":2}")
2016/Feb/16 11:09:07.021490 DEBUG LibItsGeoNetworking_Functions.ttcn:67 TRI_decode(): Decoded @TRI_interface_Types.TRI_mapper_PDU: { msg_id := 2, msg := { result := { result := TRI_ok (0), result_string := omit } } }
2016/Feb/16 11:09:07.023246 DEBUG LibItsGeoNetworking_Functions.ttcn:67 TRI_decode(): Stream before decoding: '7B226D7367223A7B22656E71756575655F6D7367223A7B2264617461223A7B22656E636F6465645F64617461223A2230313031227D7D7D2C226D73675F6964223A317D'O ("{\"msg\":{\"enqueue_msg\":{\"data\":{\"encoded_data\":\"0101\"}}},\"msg_id\":1}")
2016/Feb/16 11:09:07.023319 DEBUG LibItsGeoNetworking_Functions.ttcn:67 TRI_decode(): Decoded @TRI_interface_Types.TRI_mapper_PDU: { msg_id := 1, msg := { enqueue_msg := { addr := omit, data := { encoded_data := '0101'O } } } }
2016/Feb/16 11:09:07.023378 PORTEVENT LibItsGeoNetworking_Functions.ttcn:67 Message enqueued on utPort from system @LibItsCommon_TypesAndValues.UtInitializeResult : { utInitializeResult := true } id 1
2016/Feb/16 11:09:07.023417 MATCHING LibItsGeoNetworking_Functions.ttcn:52 Matching on port utPort succeeded:  matched
2016/Feb/16 11:09:07.023463 PORTEVENT LibItsGeoNetworking_Functions.ttcn:52 Receive operation on port utPort succeeded, message from system(): @LibItsCommon_TypesAndValues.UtInitializeResult : { utInitializeResult := true } id 1
2016/Feb/16 11:09:07.023483 PORTEVENT LibItsGeoNetworking_Functions.ttcn:52 Message with id 1 was extracted from the queue of utPort.
2016/Feb/16 11:09:07.023502 TIMEROP LibItsGeoNetworking_Functions.ttcn:53 Stop timer tc_wait: 1 s
2016/Feb/16 11:09:07.023524 USER LibItsGeoNetworking_Functions.ttcn:54 *** f_utInitializeIut: INFO: IUT initialized ***
2016/Feb/16 11:09:07.023560 PARALLEL - Function f_initialState finished. PTC remains alive and is waiting for next start.
2016/Feb/16 11:09:07.065992 PARALLEL - Starting function f_initialiseComponent({ { key := "IUT", position := { gnAddr := { typeOfAddress := e_manual (1), stationType := e_passengerCar (5), stationCountryCode := 0, mid := '000000000000'O }, timestamp := 0, latitude := 0, longitude := 0, pai := '0'B, speed := 0, heading := 0 } }, { key := "NodeA", position := { gnAddr := { typeOfAddress := e_manual (1), stationType := e_passengerCar (5), stationCountryCode := 0, mid := '00000000000A'O }, timestamp := 3918400016, latitude := 100000, longitude := 0, pai := '1'B, speed := 0, heading := 0 } }, { key := "NodeB", position := { gnAddr := { typeOfAddress := e_manual (1), stationType := e_passengerCar (5), stationCountryCode := 0, mid := '00000000000B'O }, timestamp := 3918400016, latitude := 20000, longitude := 0, pai := '1'B, speed := 0, heading := 0 } }, { key := "NodeC", position := { gnAddr := { typeOfAddress := e_manual (1), stationType := e_passengerCar (5), stationCountryCode := 0, mid := '00000000000C'O }, timestamp := 3918400016, latitude := -60000, longitude := 0, pai := '1'B, speed := 0, heading := 0 } }, { key := "NodeD", position := { gnAddr := { typeOfAddress := e_manual (1), stationType := e_passengerCar (5), stationCountryCode := 0, mid := '00000000000D'O }, timestamp := 3918400016, latitude := 10000, longitude := 0, pai := '1'B, speed := 0, heading := 0 } }, { key := "NodeE", position := { gnAddr := { typeOfAddress := e_manual (1), stationType := e_passengerCar (5), stationCountryCode := 0, mid := '00000000000E'O }, timestamp := 3918400016, latitude := -10000, longitude := 0, pai := '1'B, speed := 0, heading := 0 } }, { key := "NodeF", position := { gnAddr := { typeOfAddress := e_manual (1), stationType := e_passengerCar (5), stationCountryCode := 0, mid := '00000000000F'O }, timestamp := 3918400016, latitude := 20000, longitude := -30000, pai := '1'B, speed := 0, heading := 0 } } }, { { key := "AREA1", geoArea := { shape := e_geoCircle (0), area := { geoAreaPosLatitude := 10000, geoAreaPosLongitude := 0, distanceA := 555, distanceB := 0, angle := 0 } } }, { key := "AREA2", geoArea := { shape := e_geoCircle (0), area := { geoAreaPosLatitude := 20000, geoAreaPosLongitude := 0, distanceA := 166, distanceB := 0, angle := 0 } } } }, "NodeC").
2016/Feb/16 11:09:07.066565 PARALLEL - Function f_initialiseComponent finished. PTC remains alive and is waiting for next start.
2016/Feb/16 11:09:07.069358 PARALLEL - Starting function f_GEONW_PON_FPB_BV_11_05_nodeC().
2016/Feb/16 11:09:07.069446 DEFAULTOP LibItsGeoNetworking_Functions.ttcn:1581 Altstep a_default was activated as default, id 1
2016/Feb/16 11:09:07.069488 DEFAULTOP LibItsGeoNetworking_Functions.ttcn:1582 Altstep a_utDefault was activated as default, id 2
2016/Feb/16 11:09:07.069546 USER LibCommon_VerdictControl.ttcn:65 f_setVerdictPreamble: This function is deprecated. Use f_setVerdictPreOrPostamble instead. 
2016/Feb/16 11:09:07.069649 PORTEVENT LibCommon_Sync.ttcn:984 Sent on syncPort to mtc @LibCommon_Sync.SyncCmd : { clientReady := { syncPointId := "preambleDone" } }
2016/Feb/16 11:09:07.069719 TIMEROP LibCommon_Sync.ttcn:985 Start timer tc_sync: 10 s
2016/Feb/16 11:09:07.070038 MATCHING LibItsGeoNetworking_Functions.ttcn:1185 Timeout operation on timer tc_wait failed: The timer is not started.
2016/Feb/16 11:09:07.070091 MATCHING LibItsGeoNetworking_Functions.ttcn:1189 Timeout operation on timer tc_ac failed: The timer is not started.
2016/Feb/16 11:09:07.071665 PORTEVENT LibCommon_Sync.ttcn:986 Message enqueued on syncPort from mtc @LibCommon_Sync.SyncCmd : { serverReady := { syncPointId := "preambleDone" } } id 1
2016/Feb/16 11:09:07.071731 MATCHING LibCommon_Sync.ttcn:987 Matching on port syncPort succeeded:  matched
2016/Feb/16 11:09:07.071780 PORTEVENT LibCommon_Sync.ttcn:987 Receive operation on port syncPort succeeded, message from mtc: @LibCommon_Sync.SyncCmd : { serverReady := { syncPointId := "preambleDone" } } id 1
2016/Feb/16 11:09:07.071826 PORTEVENT LibCommon_Sync.ttcn:987 Message with id 1 was extracted from the queue of syncPort.
2016/Feb/16 11:09:07.071865 TIMEROP LibCommon_Sync.ttcn:988 Stop timer tc_sync: 10 s
2016/Feb/16 11:09:07.071910 USER LibCommon_Sync.ttcn:999 **** f_clientSync: Sync client successfully passed PREAMBLE synchronization point. ****
2016/Feb/16 11:09:07.072055 PORTEVENT LibItsGeoNetworking_Functions.ttcn:120 Sent on utPort to system @LibItsGeoNetworking_TypesAndValues.UtGnTrigger : { shb := { trafficClass := { scf := e_scfDisabled (0), channelOffload := e_choffDisabled (0), tcId := 0 }, payload := { decodedPayload := omit, rawPayload := ''O } } }
2016/Feb/16 11:09:07.072111 DEBUG TTCN_EncDec.ttcn:252 f_enc_Ut_Gn_GenerateSHBMessage(): Encoding @LibItsGeoNetworking_TypesAndValues.GenerateSHBMessage: { trafficClass := { scf := e_scfDisabled (0), channelOffload := e_choffDisabled (0), tcId := 0 }, payload := { decodedPayload := omit, rawPayload := ''O } }
2016/Feb/16 11:09:07.072219 DEBUG TTCN_EncDec.ttcn:252 f_enc_Ut_Gn_GenerateSHBMessage(): Stream after encoding: '00'O
2016/Feb/16 11:09:07.072291 DEBUG LibItsGeoNetworking_Functions.ttcn:120 TRI_encode(): Encoding @TRI_interface_Types.TRI_mapper_PDU: { msg_id := 3, msg := { sendmsg := { addr := omit, data := { encoded_data := '5300'O } } } }
2016/Feb/16 11:09:07.072403 DEBUG LibItsGeoNetworking_Functions.ttcn:120 TRI_encode(): Stream after encoding: '7B226D73675F6964223A332C226D7367223A7B2273656E646D7367223A7B2264617461223A7B22656E636F6465645F64617461223A2235333030227D7D7D7D'O ("{\"msg_id\":3,\"msg\":{\"sendmsg\":{\"data\":{\"encoded_data\":\"5300\"}}}}")
2016/Feb/16 11:09:07.072581 TIMEROP LibItsGeoNetworking_Functions.ttcn:121 Start timer tc_wait: 1 s
2016/Feb/16 11:09:07.109355 DEBUG LibItsGeoNetworking_Functions.ttcn:138 TRI_decode(): Stream before decoding: '7B226D7367223A7B22726573756C74223A7B22726573756C74223A225452495F6F6B227D7D2C226D73675F6964223A337D'O ("{\"msg\":{\"result\":{\"result\":\"TRI_ok\"}},\"msg_id\":3}")
2016/Feb/16 11:09:07.109443 DEBUG LibItsGeoNetworking_Functions.ttcn:138 TRI_decode(): Decoded @TRI_interface_Types.TRI_mapper_PDU: { msg_id := 3, msg := { result := { result := TRI_ok (0), result_string := omit } } }
2016/Feb/16 11:09:07.114729 DEBUG LibItsGeoNetworking_Functions.ttcn:138 TRI_decode(): Stream before decoding: '7B226D7367223A7B22656E71756575655F6D7367223A7B2264617461223A7B22656E636F6465645F64617461223A2234313031227D7D7D2C226D73675F6964223A317D'O ("{\"msg\":{\"enqueue_msg\":{\"data\":{\"encoded_data\":\"4101\"}}},\"msg_id\":1}")
2016/Feb/16 11:09:07.114806 DEBUG LibItsGeoNetworking_Functions.ttcn:138 TRI_decode(): Decoded @TRI_interface_Types.TRI_mapper_PDU: { msg_id := 1, msg := { enqueue_msg := { addr := omit, data := { encoded_data := '4101'O } } } }
2016/Feb/16 11:09:07.114850 PORTEVENT LibItsGeoNetworking_Functions.ttcn:138 Message enqueued on utPort from system @LibItsGeoNetworking_TypesAndValues.UtGnTriggerResult : { utGnTriggerResult := true } id 2
2016/Feb/16 11:09:07.114880 MATCHING LibItsGeoNetworking_Functions.ttcn:123 Matching on port utPort succeeded:  matched
2016/Feb/16 11:09:07.114911 PORTEVENT LibItsGeoNetworking_Functions.ttcn:123 Receive operation on port utPort succeeded, message from system(): @LibItsGeoNetworking_TypesAndValues.UtGnTriggerResult : { utGnTriggerResult := true } id 2
2016/Feb/16 11:09:07.114932 PORTEVENT LibItsGeoNetworking_Functions.ttcn:123 Message with id 2 was extracted from the queue of utPort.
2016/Feb/16 11:09:07.114949 TIMEROP LibItsGeoNetworking_Functions.ttcn:124 Stop timer tc_wait: 1 s
2016/Feb/16 11:09:07.114974 TIMEROP ItsGeoNetworking_TpFunctions.ttcn:5309 Start timer tc_ac: 30 s
2016/Feb/16 11:09:07.115104 MATCHING LibItsGeoNetworking_Functions.ttcn:1185 Timeout operation on timer tc_wait failed: The timer is not started.
2016/Feb/16 11:09:07.117869 DEBUG ItsGeoNetworking_TpFunctions.ttcn:5310 TRI_decode(): Stream before decoding: '7B226D7367223A7B22656E71756575655F6D7367223A7B2264617461223A7B22656E636F6465645F64617461223A223031303046313031313035303030383030303034303130303935463930344535343830303030303131414433363439303138393841393046303045383333334338303032303030303030303030303030303030303030303030303030464646464646464646464646227D7D7D2C226D73675F6964223A317D'O ("{\"msg\":{\"enqueue_msg\":{\"data\":{\"encoded_data\":\"0100F101105000800004010095F904E5480000011AD364901898A90F00E8333C8002000000000000000000000000FFFFFFFFFFFF\"}}},\"msg_id\":1}")
2016/Feb/16 11:09:07.117964 DEBUG ItsGeoNetworking_TpFunctions.ttcn:5310 TRI_decode(): Decoded @TRI_interface_Types.TRI_mapper_PDU: { msg_id := 1, msg := { enqueue_msg := { addr := omit, data := { encoded_data := '0100F101105000800004010095F904E5480000011AD364901898A90F00E8333C8002000000000000000000000000FFFFFFFFFFFF'O } } } }
2016/Feb/16 11:09:07.118019 DEBUG TTCN_EncDec.ttcn:1062 f_dec_ExtGeoNetworkingInd(): Stream before decoding: '0100F101105000800004010095F904E5480000011AD364901898A90F00E8333C8002000000000000000000000000FFFFFFFFFFFF'O
2016/Feb/16 11:09:07.118120 DEBUG TTCN_EncDec.ttcn:1062 f_dec_ExtGeoNetworkingInd(): Decoded @TTCN_EncDec.ExtGeoNetworkingInd: { msgIn := { version := 0, nextHeader := e_commonHeader (1), reserved := 0, lifeTime := { multiplier := 49, ltBase := e_100s (3) }, routerHopLimit := 1, packet := { nextHeader := e_btpA (1), reserved := 0, headerTST := 80, trafficClass := { scf := e_scfDisabled (0), channelOffload := e_choffDisabled (0), tcId := 0 }, flags := '10000000'B, plLength := 4, maxHopLimit := 1, reserved2 := 0, extendedHeader := { shbHeader := { srcPosVector := { gnAddr := { typeOfAddress := e_manual (1), stationType := e_specialVehicle (10), stationCountryCode := 761, mid := '04E548000001'O }, timestamp := 450061456, latitude := 412657935, longitude := 15217468, pai := '0'B, speed := -2, heading := 0 }, reserved := 0 } }, ipv6Packet := omit, btpHeader := omit, btpPayload := omit, rawPayload := '00000000'O }, securedMsg := omit }, macDestinationAddress := '0000FFFFFFFF'O }
2016/Feb/16 11:09:07.119188 WARNING TTCN_EncDec.ttcn:1062 f_dec_ExtGeoNetworkingInd(): Warning: Data remained at the end of the stream after successful decoding: 'FFFF'O
2016/Feb/16 11:09:07.119229 USER TTCN_EncDec.ttcn:1262 { msgIn := { basicHeader := { version := 0, nextHeader := e_commonHeader (1), reserved := 0, lifeTime := { multiplier := 49, ltBase := e_100s (3) }, routerHopLimit := 1 }, gnPacket := { packet := { commonHeader := { nextHeader := e_btpA (1), reserved := 0, headerTST := { tsbHdr := { headerType := e_topologicallyScopedBroadcast (5), headerSubType := e_singleHop (0) } }, trafficClass := { scf := e_scfDisabled (0), channelOffload := e_choffDisabled (0), tcId := 0 }, flags := '10000000'B, plLength := 4, maxHopLimit := 1, reserved2 := 0 }, extendedHeader := { shbHeader := { srcPosVector := { gnAddr := { typeOfAddress := e_manual (1), stationType := e_specialVehicle (10), stationCountryCode := 761, mid := '04E548000001'O }, timestamp := 450061456, latitude := 412657935, longitude := 15217468, pai := '0'B, speed := -2, heading := 0 }, reserved := 0 } }, payload := <unbound> }, securedMsg := omit } }, macDestinationAddress := '0000FFFFFFFF'O }
2016/Feb/16 11:09:07.119425 PORTEVENT ItsGeoNetworking_TpFunctions.ttcn:5310 Message enqueued on geoNetworkingPort from system @LibItsGeoNetworking_TestSystem.GeoNetworkingInd : { msgIn := { basicHeader := { version := 0, nextHeader := e_commonHeader (1), reserved := 0, lifeTime := { multiplier := 49, ltBase := e_100s (3) }, routerHopLimit := 1 }, gnPacket := { packet := { commonHeader := { nextHeader := e_btpA (1), reserved := 0, headerTST := { tsbHdr := { headerType := e_topologicallyScopedBroadcast (5), headerSubType := e_singleHop (0) } }, trafficClass := { scf := e_scfDisabled (0), channelOffload := e_choffDisabled (0), tcId := 0 }, flags := '10000000'B, plLength := 4, maxHopLimit := 1, reserved2 := 0 }, extendedHeader := { shbHeader := { srcPosVector := { gnAddr := { typeOfAddress := e_manual (1), stationType := e_specialVehicle (10), stationCountryCode := 761, mid := '04E548000001'O }, timestamp := 450061456, latitude := 412657935, longitude := 15217468, pai := '0'B, speed := -2, heading := 0 }, reserved := 0 } }, payload := <unbound> }, securedMsg := omit } }, macDestinationAddress := '0000FFFFFFFF'O } id 1
2016/Feb/16 11:09:07.119539 ERROR ItsGeoNetworking_TpFunctions.ttcn:5311 Dynamic test case error: Using an unbound optional field.
2016/Feb/16 11:09:07.119575 VERDICTOP ItsGeoNetworking_TpFunctions.ttcn:5311 setverdict(error): none -> error
2016/Feb/16 11:09:07.119607 EXECUTOR ItsGeoNetworking_TpFunctions.ttcn:5311 Performing error recovery.
2016/Feb/16 11:09:07.119792 PARALLEL - Function f_GEONW_PON_FPB_BV_11_05_nodeC finished with an error. PTC terminates.
2016/Feb/16 11:09:07.119815 PARALLEL - Terminating component type LibItsGeoNetworking_TestSystem.ItsGeoNetworking.
2016/Feb/16 11:09:07.119832 DEFAULTOP - Default with id 1 (altstep a_default) was deactivated.
2016/Feb/16 11:09:07.119847 DEFAULTOP - Default with id 2 (altstep a_utDefault) was deactivated.
2016/Feb/16 11:09:07.119863 TIMEROP - Stop timer tc_ac: 30 s
2016/Feb/16 11:09:07.119880 PORTEVENT - Removing unterminated connection between port syncPort and mtc:syncPort.
2016/Feb/16 11:09:07.119924 PORTEVENT - Port syncPort was stopped.
2016/Feb/16 11:09:07.119943 PORTEVENT - Port syncSendPort was stopped.
2016/Feb/16 11:09:07.119958 PORTEVENT - Removing unterminated mapping between port utPort and system:utPort.
2016/Feb/16 11:09:07.119975 DEBUG - TRI_encode(): Encoding @TRI_interface_Types.TRI_mapper_PDU: { msg_id := 4, msg := { unmapped := { } } }
2016/Feb/16 11:09:07.120014 DEBUG - TRI_encode(): Stream after encoding: '7B226D73675F6964223A342C226D7367223A7B22756E6D6170706564223A7B7D7D7D'O ("{\"msg_id\":4,\"msg\":{\"unmapped\":{}}}")
2016/Feb/16 11:09:07.158334 DEBUG - TRI_decode(): Stream before decoding: '7B226D7367223A7B22726573756C74223A7B22726573756C74223A225452495F6F6B227D7D2C226D73675F6964223A347D'O ("{\"msg\":{\"result\":{\"result\":\"TRI_ok\"}},\"msg_id\":4}")
2016/Feb/16 11:09:07.158553 DEBUG - TRI_decode(): Decoded @TRI_interface_Types.TRI_mapper_PDU: { msg_id := 4, msg := { result := { result := TRI_ok (0), result_string := omit } } }
2016/Feb/16 11:09:07.158653 PORTEVENT - Port utPort was unmapped from system:utPort.
2016/Feb/16 11:09:07.158790 DEBUG - TRI_encode(): Encoding @TRI_interface_Types.TRI_mapper_PDU: { msg_id := 5, msg := { unregister := { } } }
2016/Feb/16 11:09:07.158887 DEBUG - TRI_encode(): Stream after encoding: '7B226D73675F6964223A352C226D7367223A7B22756E7265676973746572223A7B7D7D7D'O ("{\"msg_id\":5,\"msg\":{\"unregister\":{}}}")
2016/Feb/16 11:09:07.198186 DEBUG - TRI_decode(): Stream before decoding: '7B226D7367223A7B22726573756C74223A7B22726573756C74223A225452495F6F6B227D7D2C226D73675F6964223A357D'O ("{\"msg\":{\"result\":{\"result\":\"TRI_ok\"}},\"msg_id\":5}")
2016/Feb/16 11:09:07.198407 DEBUG - TRI_decode(): Decoded @TRI_interface_Types.TRI_mapper_PDU: { msg_id := 5, msg := { result := { result := TRI_ok (0), result_string := omit } } }
2016/Feb/16 11:09:07.198619 PORTEVENT - Port utPort was stopped.
2016/Feb/16 11:09:07.198673 PORTEVENT - Removing unterminated mapping between port acPort and system:acPort.
2016/Feb/16 11:09:07.198718 DEBUG - TRI_encode(): Encoding @TRI_interface_Types.TRI_mapper_PDU: { msg_id := 2, msg := { unmapped := { } } }
2016/Feb/16 11:09:07.198811 DEBUG - TRI_encode(): Stream after encoding: '7B226D73675F6964223A322C226D7367223A7B22756E6D6170706564223A7B7D7D7D'O ("{\"msg_id\":2,\"msg\":{\"unmapped\":{}}}")
2016/Feb/16 11:09:07.237626 DEBUG - TRI_decode(): Stream before decoding: '7B226D7367223A7B22726573756C74223A7B22726573756C74223A225452495F6F6B227D7D2C226D73675F6964223A327D'O ("{\"msg\":{\"result\":{\"result\":\"TRI_ok\"}},\"msg_id\":2}")
2016/Feb/16 11:09:07.237752 DEBUG - TRI_decode(): Decoded @TRI_interface_Types.TRI_mapper_PDU: { msg_id := 2, msg := { result := { result := TRI_ok (0), result_string := omit } } }
2016/Feb/16 11:09:07.237812 PORTEVENT - Port acPort was unmapped from system:acPort.
2016/Feb/16 11:09:07.237855 DEBUG - TRI_encode(): Encoding @TRI_interface_Types.TRI_mapper_PDU: { msg_id := 3, msg := { unregister := { } } }
2016/Feb/16 11:09:07.237905 DEBUG - TRI_encode(): Stream after encoding: '7B226D73675F6964223A332C226D7367223A7B22756E7265676973746572223A7B7D7D7D'O ("{\"msg_id\":3,\"msg\":{\"unregister\":{}}}")
2016/Feb/16 11:09:07.277673 DEBUG - TRI_decode(): Stream before decoding: '7B226D7367223A7B22726573756C74223A7B22726573756C74223A225452495F6F6B227D7D2C226D73675F6964223A337D'O ("{\"msg\":{\"result\":{\"result\":\"TRI_ok\"}},\"msg_id\":3}")
2016/Feb/16 11:09:07.277915 DEBUG - TRI_decode(): Decoded @TRI_interface_Types.TRI_mapper_PDU: { msg_id := 3, msg := { result := { result := TRI_ok (0), result_string := omit } } }
2016/Feb/16 11:09:07.278060 PORTEVENT - Port acPort was stopped.
2016/Feb/16 11:09:07.278110 PORTEVENT - Removing unterminated mapping between port geoNetworkingPort and system:geoNetworkingPort.
2016/Feb/16 11:09:07.278587 DEBUG - TRI_encode(): Encoding @TRI_interface_Types.TRI_mapper_PDU: { msg_id := 2, msg := { unmapped := { } } }
2016/Feb/16 11:09:07.278693 DEBUG - TRI_encode(): Stream after encoding: '7B226D73675F6964223A322C226D7367223A7B22756E6D6170706564223A7B7D7D7D'O ("{\"msg_id\":2,\"msg\":{\"unmapped\":{}}}")
2016/Feb/16 11:09:07.317414 DEBUG - TRI_decode(): Stream before decoding: '7B226D7367223A7B22726573756C74223A7B22726573756C74223A225452495F6F6B227D7D2C226D73675F6964223A327D'O ("{\"msg\":{\"result\":{\"result\":\"TRI_ok\"}},\"msg_id\":2}")
2016/Feb/16 11:09:07.317527 DEBUG - TRI_decode(): Decoded @TRI_interface_Types.TRI_mapper_PDU: { msg_id := 2, msg := { result := { result := TRI_ok (0), result_string := omit } } }
2016/Feb/16 11:09:07.317583 PORTEVENT - Port geoNetworkingPort was unmapped from system:geoNetworkingPort.
2016/Feb/16 11:09:07.317620 DEBUG - TRI_encode(): Encoding @TRI_interface_Types.TRI_mapper_PDU: { msg_id := 3, msg := { unregister := { } } }
2016/Feb/16 11:09:07.317660 DEBUG - TRI_encode(): Stream after encoding: '7B226D73675F6964223A332C226D7367223A7B22756E7265676973746572223A7B7D7D7D'O ("{\"msg_id\":3,\"msg\":{\"unregister\":{}}}")
2016/Feb/16 11:09:07.357475 DEBUG - TRI_decode(): Stream before decoding: '7B226D7367223A7B22726573756C74223A7B22726573756C74223A225452495F6F6B227D7D2C226D73675F6964223A337D'O ("{\"msg\":{\"result\":{\"result\":\"TRI_ok\"}},\"msg_id\":3}")
2016/Feb/16 11:09:07.357590 DEBUG - TRI_decode(): Decoded @TRI_interface_Types.TRI_mapper_PDU: { msg_id := 3, msg := { result := { result := TRI_ok (0), result_string := omit } } }
2016/Feb/16 11:09:07.357669 PORTEVENT - Message with id 1 was extracted from the queue of geoNetworkingPort.
2016/Feb/16 11:09:07.357705 PORTEVENT - Port geoNetworkingPort was stopped.
2016/Feb/16 11:09:07.357726 PARALLEL - Component type LibItsGeoNetworking_TestSystem.ItsGeoNetworking was shut down inside testcase TC_GEONW_PON_FPB_BV_11_05.
2016/Feb/16 11:09:07.357766 VERDICTOP - Final verdict of PTC: error
2016/Feb/16 11:09:07.358913 EXECUTOR - Disconnected from MC.
2016/Feb/16 11:09:07.358942 EXECUTOR - TTCN-3 Parallel Test Component finished.
