2016/Feb/16 11:08:49.611555 EXECUTOR - TTCN-3 Parallel Test Component started on aitorkun-HP-EliteBook-2530p. Component reference: NodeC(18), component type: LibItsGeoNetworking_TestSystem.ItsGeoNetworking, component name: NodeC. Version: CRL 113 200/5 R4A.
2016/Feb/16 11:08:49.611636 EXECUTOR - TTCN Logger v2.2 options: TimeStampFormat:=DateTime; LogEntityName:=No; LogEventTypes:=Yes; SourceInfoFormat:=Single; *.FileMask:=LOG_ALL | MATCHING | DEBUG; *.ConsoleMask:=ERROR | TESTCASE | STATISTICS | USER | VERDICTOP | WARNING | DEBUG; LogFileSize:=0; LogFileNumber:=1; DiskFullAction:=Error
2016/Feb/16 11:08:49.612077 EXECUTOR - Connected to MC.
2016/Feb/16 11:08:49.612136 PARALLEL - Initializing variables, timers and ports of component type LibItsGeoNetworking_TestSystem.ItsGeoNetworking inside testcase TC_GEONW_PON_FPB_BV_04.
2016/Feb/16 11:08:49.613160 WARNING - Warning: Test port parameter TRI_mapper_address is not supported on port syncPort.
2016/Feb/16 11:08:49.613879 WARNING - Warning: Test port parameter TRI_mapper_address is not supported on port syncSendPort.
2016/Feb/16 11:08:49.614059 WARNING - Warning: Test port parameter TRI_mapper_port is not supported on port syncPort.
2016/Feb/16 11:08:49.614221 WARNING - Warning: Test port parameter TRI_mapper_port is not supported on port syncSendPort.
2016/Feb/16 11:08:49.614929 PORTEVENT - Port syncPort was started.
2016/Feb/16 11:08:49.614965 PORTEVENT - Port syncSendPort was started.
2016/Feb/16 11:08:49.615104 DEBUG - TRI_encode(): Encoding @TRI_interface_Types.TRI_mapper_PDU: { msg_id := 0, msg := { reg := { portid := { portName := "utPort", portTypeName := "GeoNetworkingPort", component_ := { componentId := '00000012'O, componentName := "NodeC", componentTypeName := "N/A" }, portindex := omit }, type_list := omit } } }
2016/Feb/16 11:08:49.615486 DEBUG - TRI_encode(): Stream after encoding: '7B226D73675F6964223A302C226D7367223A7B22726567223A7B22706F72746964223A7B22706F72744E616D65223A227574506F7274222C22706F7274547970654E616D65223A2247656F4E6574776F726B696E67506F7274222C22636F6D706F6E656E745F223A7B22636F6D706F6E656E744964223A223030303030303132222C22636F6D706F6E656E744E616D65223A224E6F646543222C22636F6D706F6E656E74547970654E616D65223A224E2F41227D7D7D7D7D'O ("{\"msg_id\":0,\"msg\":{\"reg\":{\"portid\":{\"portName\":\"utPort\",\"portTypeName\":\"GeoNetworkingPort\",\"component_\":{\"componentId\":\"00000012\",\"componentName\":\"NodeC\",\"componentTypeName\":\"N/A\"}}}}}")
2016/Feb/16 11:08:49.616020 DEBUG - TRI_decode(): Stream before decoding: '7B226D7367223A7B22726573756C74223A7B22726573756C74223A225452495F6F6B227D7D2C226D73675F6964223A307D'O ("{\"msg\":{\"result\":{\"result\":\"TRI_ok\"}},\"msg_id\":0}")
2016/Feb/16 11:08:49.616104 DEBUG - TRI_decode(): Decoded @TRI_interface_Types.TRI_mapper_PDU: { msg_id := 0, msg := { result := { result := TRI_ok (0), result_string := omit } } }
2016/Feb/16 11:08:49.616162 PORTEVENT - Port utPort was started.
2016/Feb/16 11:08:49.616256 DEBUG - TRI_encode(): Encoding @TRI_interface_Types.TRI_mapper_PDU: { msg_id := 0, msg := { reg := { portid := { portName := "acPort", portTypeName := "<port type name>", component_ := { componentId := '00000012'O, componentName := "NodeC", componentTypeName := "N/A" }, portindex := omit }, type_list := omit } } }
2016/Feb/16 11:08:49.616324 DEBUG - TRI_encode(): Stream after encoding: '7B226D73675F6964223A302C226D7367223A7B22726567223A7B22706F72746964223A7B22706F72744E616D65223A226163506F7274222C22706F7274547970654E616D65223A223C706F72742074797065206E616D653E222C22636F6D706F6E656E745F223A7B22636F6D706F6E656E744964223A223030303030303132222C22636F6D706F6E656E744E616D65223A224E6F646543222C22636F6D706F6E656E74547970654E616D65223A224E2F41227D7D7D7D7D'O ("{\"msg_id\":0,\"msg\":{\"reg\":{\"portid\":{\"portName\":\"acPort\",\"portTypeName\":\"<port type name>\",\"component_\":{\"componentId\":\"00000012\",\"componentName\":\"NodeC\",\"componentTypeName\":\"N/A\"}}}}}")
2016/Feb/16 11:08:49.617199 DEBUG - TRI_decode(): Stream before decoding: '7B226D7367223A7B22726573756C74223A7B22726573756C74223A225452495F6F6B227D7D2C226D73675F6964223A307D'O ("{\"msg\":{\"result\":{\"result\":\"TRI_ok\"}},\"msg_id\":0}")
2016/Feb/16 11:08:49.617275 DEBUG - TRI_decode(): Decoded @TRI_interface_Types.TRI_mapper_PDU: { msg_id := 0, msg := { result := { result := TRI_ok (0), result_string := omit } } }
2016/Feb/16 11:08:49.617315 PORTEVENT - Port acPort was started.
2016/Feb/16 11:08:49.617410 DEBUG - TRI_encode(): Encoding @TRI_interface_Types.TRI_mapper_PDU: { msg_id := 0, msg := { reg := { portid := { portName := "geoNetworkingPort", portTypeName := "GeoNetworkingPort", component_ := { componentId := '00000012'O, componentName := "NodeC", componentTypeName := "N/A" }, portindex := omit }, type_list := omit } } }
2016/Feb/16 11:08:49.617480 DEBUG - TRI_encode(): Stream after encoding: '7B226D73675F6964223A302C226D7367223A7B22726567223A7B22706F72746964223A7B22706F72744E616D65223A2267656F4E6574776F726B696E67506F7274222C22706F7274547970654E616D65223A2247656F4E6574776F726B696E67506F7274222C22636F6D706F6E656E745F223A7B22636F6D706F6E656E744964223A223030303030303132222C22636F6D706F6E656E744E616D65223A224E6F646543222C22636F6D706F6E656E74547970654E616D65223A224E2F41227D7D7D7D7D'O ("{\"msg_id\":0,\"msg\":{\"reg\":{\"portid\":{\"portName\":\"geoNetworkingPort\",\"portTypeName\":\"GeoNetworkingPort\",\"component_\":{\"componentId\":\"00000012\",\"componentName\":\"NodeC\",\"componentTypeName\":\"N/A\"}}}}}")
2016/Feb/16 11:08:49.618303 DEBUG - TRI_decode(): Stream before decoding: '7B226D7367223A7B22726573756C74223A7B22726573756C74223A225452495F6F6B227D7D2C226D73675F6964223A307D'O ("{\"msg\":{\"result\":{\"result\":\"TRI_ok\"}},\"msg_id\":0}")
2016/Feb/16 11:08:49.618369 DEBUG - TRI_decode(): Decoded @TRI_interface_Types.TRI_mapper_PDU: { msg_id := 0, msg := { result := { result := TRI_ok (0), result_string := omit } } }
2016/Feb/16 11:08:49.618410 PORTEVENT - Port geoNetworkingPort was started.
2016/Feb/16 11:08:49.618428 PARALLEL - Component type LibItsGeoNetworking_TestSystem.ItsGeoNetworking was initialized.
2016/Feb/16 11:08:49.848754 DEBUG - TRI_encode(): Encoding @TRI_interface_Types.TRI_mapper_PDU: { msg_id := 1, msg := { mapped := { portid := { portName := "acPort", portTypeName := "<port type name>", component_ := { componentId := '00000001'O, componentName := "System", componentTypeName := "N/A" }, portindex := omit } } } }
2016/Feb/16 11:08:49.848933 DEBUG - TRI_encode(): Stream after encoding: '7B226D73675F6964223A312C226D7367223A7B226D6170706564223A7B22706F72746964223A7B22706F72744E616D65223A226163506F7274222C22706F7274547970654E616D65223A223C706F72742074797065206E616D653E222C22636F6D706F6E656E745F223A7B22636F6D706F6E656E744964223A223030303030303031222C22636F6D706F6E656E744E616D65223A2253797374656D222C22636F6D706F6E656E74547970654E616D65223A224E2F41227D7D7D7D7D'O ("{\"msg_id\":1,\"msg\":{\"mapped\":{\"portid\":{\"portName\":\"acPort\",\"portTypeName\":\"<port type name>\",\"component_\":{\"componentId\":\"00000001\",\"componentName\":\"System\",\"componentTypeName\":\"N/A\"}}}}}")
2016/Feb/16 11:08:49.890099 DEBUG - TRI_decode(): Stream before decoding: '7B226D7367223A7B22726573756C74223A7B22726573756C74223A225452495F6F6B227D7D2C226D73675F6964223A317D'O ("{\"msg\":{\"result\":{\"result\":\"TRI_ok\"}},\"msg_id\":1}")
2016/Feb/16 11:08:49.890345 DEBUG - TRI_decode(): Decoded @TRI_interface_Types.TRI_mapper_PDU: { msg_id := 1, msg := { result := { result := TRI_ok (0), result_string := omit } } }
2016/Feb/16 11:08:49.890467 PORTEVENT - Port acPort was mapped to system:acPort.
2016/Feb/16 11:08:49.891123 DEBUG - TRI_encode(): Encoding @TRI_interface_Types.TRI_mapper_PDU: { msg_id := 1, msg := { mapped := { portid := { portName := "utPort", portTypeName := "GeoNetworkingPort", component_ := { componentId := '00000001'O, componentName := "System", componentTypeName := "N/A" }, portindex := omit } } } }
2016/Feb/16 11:08:49.891279 DEBUG - TRI_encode(): Stream after encoding: '7B226D73675F6964223A312C226D7367223A7B226D6170706564223A7B22706F72746964223A7B22706F72744E616D65223A227574506F7274222C22706F7274547970654E616D65223A2247656F4E6574776F726B696E67506F7274222C22636F6D706F6E656E745F223A7B22636F6D706F6E656E744964223A223030303030303031222C22636F6D706F6E656E744E616D65223A2253797374656D222C22636F6D706F6E656E74547970654E616D65223A224E2F41227D7D7D7D7D'O ("{\"msg_id\":1,\"msg\":{\"mapped\":{\"portid\":{\"portName\":\"utPort\",\"portTypeName\":\"GeoNetworkingPort\",\"component_\":{\"componentId\":\"00000001\",\"componentName\":\"System\",\"componentTypeName\":\"N/A\"}}}}}")
2016/Feb/16 11:08:49.931392 DEBUG - TRI_decode(): Stream before decoding: '7B226D7367223A7B22726573756C74223A7B22726573756C74223A225452495F6F6B227D7D2C226D73675F6964223A317D'O ("{\"msg\":{\"result\":{\"result\":\"TRI_ok\"}},\"msg_id\":1}")
2016/Feb/16 11:08:49.931609 DEBUG - TRI_decode(): Decoded @TRI_interface_Types.TRI_mapper_PDU: { msg_id := 1, msg := { result := { result := TRI_ok (0), result_string := omit } } }
2016/Feb/16 11:08:49.931720 PORTEVENT - Port utPort was mapped to system:utPort.
2016/Feb/16 11:08:49.932287 DEBUG - TRI_encode(): Encoding @TRI_interface_Types.TRI_mapper_PDU: { msg_id := 1, msg := { mapped := { portid := { portName := "geoNetworkingPort", portTypeName := "GeoNetworkingPort", component_ := { componentId := '00000001'O, componentName := "System", componentTypeName := "N/A" }, portindex := omit } } } }
2016/Feb/16 11:08:49.932449 DEBUG - TRI_encode(): Stream after encoding: '7B226D73675F6964223A312C226D7367223A7B226D6170706564223A7B22706F72746964223A7B22706F72744E616D65223A2267656F4E6574776F726B696E67506F7274222C22706F7274547970654E616D65223A2247656F4E6574776F726B696E67506F7274222C22636F6D706F6E656E745F223A7B22636F6D706F6E656E744964223A223030303030303031222C22636F6D706F6E656E744E616D65223A2253797374656D222C22636F6D706F6E656E74547970654E616D65223A224E2F41227D7D7D7D7D'O ("{\"msg_id\":1,\"msg\":{\"mapped\":{\"portid\":{\"portName\":\"geoNetworkingPort\",\"portTypeName\":\"GeoNetworkingPort\",\"component_\":{\"componentId\":\"00000001\",\"componentName\":\"System\",\"componentTypeName\":\"N/A\"}}}}}")
2016/Feb/16 11:08:49.970907 DEBUG - TRI_decode(): Stream before decoding: '7B226D7367223A7B22726573756C74223A7B22726573756C74223A225452495F6F6B227D7D2C226D73675F6964223A317D'O ("{\"msg\":{\"result\":{\"result\":\"TRI_ok\"}},\"msg_id\":1}")
2016/Feb/16 11:08:49.971123 DEBUG - TRI_decode(): Decoded @TRI_interface_Types.TRI_mapper_PDU: { msg_id := 1, msg := { result := { result := TRI_ok (0), result_string := omit } } }
2016/Feb/16 11:08:49.971227 PORTEVENT - Port geoNetworkingPort was mapped to system:geoNetworkingPort.
2016/Feb/16 11:08:49.972052 PORTEVENT - Port syncPort has established the connection with mtc:syncPort using transport type UNIX.
2016/Feb/16 11:08:50.057642 PARALLEL - Starting function f_initialiseComponent({ { key := "IUT", position := { gnAddr := { typeOfAddress := e_manual (1), stationType := e_passengerCar (5), stationCountryCode := 0, mid := '000000000000'O }, timestamp := 0, latitude := 0, longitude := 0, pai := '0'B, speed := 0, heading := 0 } }, { key := "NodeA", position := { gnAddr := { typeOfAddress := e_manual (1), stationType := e_passengerCar (5), stationCountryCode := 0, mid := '00000000000A'O }, timestamp := 3918383008, latitude := 100000, longitude := 0, pai := '1'B, speed := 0, heading := 0 } }, { key := "NodeB", position := { gnAddr := { typeOfAddress := e_manual (1), stationType := e_passengerCar (5), stationCountryCode := 0, mid := '00000000000B'O }, timestamp := 3918383008, latitude := 20000, longitude := 0, pai := '1'B, speed := 0, heading := 0 } }, { key := "NodeC", position := { gnAddr := { typeOfAddress := e_manual (1), stationType := e_passengerCar (5), stationCountryCode := 0, mid := '00000000000C'O }, timestamp := 3918383008, latitude := -60000, longitude := 0, pai := '1'B, speed := 0, heading := 0 } }, { key := "NodeD", position := { gnAddr := { typeOfAddress := e_manual (1), stationType := e_passengerCar (5), stationCountryCode := 0, mid := '00000000000D'O }, timestamp := 3918383008, latitude := 10000, longitude := 0, pai := '1'B, speed := 0, heading := 0 } }, { key := "NodeE", position := { gnAddr := { typeOfAddress := e_manual (1), stationType := e_passengerCar (5), stationCountryCode := 0, mid := '00000000000E'O }, timestamp := 3918383008, latitude := -10000, longitude := 0, pai := '1'B, speed := 0, heading := 0 } }, { key := "NodeF", position := { gnAddr := { typeOfAddress := e_manual (1), stationType := e_passengerCar (5), stationCountryCode := 0, mid := '00000000000F'O }, timestamp := 3918383008, latitude := 20000, longitude := -30000, pai := '1'B, speed := 0, heading := 0 } } }, { { key := "AREA1", geoArea := { shape := e_geoCircle (0), area := { geoAreaPosLatitude := 10000, geoAreaPosLongitude := 0, distanceA := 555, distanceB := 0, angle := 0 } } }, { key := "AREA2", geoArea := { shape := e_geoCircle (0), area := { geoAreaPosLatitude := 20000, geoAreaPosLongitude := 0, distanceA := 166, distanceB := 0, angle := 0 } } } }, "NodeC").
2016/Feb/16 11:08:50.057835 PARALLEL - Function f_initialiseComponent finished. PTC remains alive and is waiting for next start.
2016/Feb/16 11:08:50.058974 PARALLEL - Starting function f_GEONW_PON_FPB_BV_04_nodeC(10).
2016/Feb/16 11:08:50.059025 DEFAULTOP LibItsGeoNetworking_Functions.ttcn:1581 Altstep a_default was activated as default, id 1
2016/Feb/16 11:08:50.059048 DEFAULTOP LibItsGeoNetworking_Functions.ttcn:1582 Altstep a_utDefault was activated as default, id 2
2016/Feb/16 11:08:50.059105 DEFAULTOP LibItsGeoNetworking_Functions.ttcn:761 Altstep a_neighbourDefault was activated as default, id 3
2016/Feb/16 11:08:50.059296 PORTEVENT LibItsGeoNetworking_Functions.ttcn:1722 Sent on acPort to system @LibItsGeoNetworking_TypesAndValues.AcGnPrimitive : { startBeaconing := { beaconPacket := { basicHeader := { version := 0, nextHeader := e_commonHeader (1), reserved := 0, lifeTime := { multiplier := 10, ltBase := e_100s (3) }, routerHopLimit := 1 }, gnPacket := { packet := { commonHeader := { nextHeader := e_any (0), reserved := 0, headerTST := { beaconHdr := { headerType := e_beacon (1), headerSubType := 0 } }, trafficClass := { scf := e_scfEnable (1), channelOffload := e_choffDisabled (0), tcId := 0 }, flags := '00000000'B, plLength := 0, maxHopLimit := 1, reserved2 := 0 }, extendedHeader := { beaconHeader := { srcPosVector := { gnAddr := { typeOfAddress := e_manual (1), stationType := e_passengerCar (5), stationCountryCode := 0, mid := '00000000000C'O }, timestamp := 3918383008, latitude := -60000, longitude := 0, pai := '1'B, speed := 0, heading := 0 } } }, payload := omit }, securedMsg := omit } } } }
2016/Feb/16 11:08:50.059338 DEBUG LibItsGeoNetworking_Functions.ttcn:1722 { basicHeader := { version := 0, nextHeader := e_commonHeader (1), reserved := 0, lifeTime := { multiplier := 10, ltBase := e_100s (3) }, routerHopLimit := 1 }, gnPacket := { packet := { commonHeader := { nextHeader := e_any (0), reserved := 0, headerTST := { beaconHdr := { headerType := e_beacon (1), headerSubType := 0 } }, trafficClass := { scf := e_scfEnable (1), channelOffload := e_choffDisabled (0), tcId := 0 }, flags := '00000000'B, plLength := 0, maxHopLimit := 1, reserved2 := 0 }, extendedHeader := { beaconHeader := { srcPosVector := { gnAddr := { typeOfAddress := e_manual (1), stationType := e_passengerCar (5), stationCountryCode := 0, mid := '00000000000C'O }, timestamp := 3918383008, latitude := -60000, longitude := 0, pai := '1'B, speed := 0, heading := 0 } } }, payload := omit }, securedMsg := omit } }
2016/Feb/16 11:08:50.059417 DEBUG LibItsGeoNetworking_Functions.ttcn:1722 f_enc_GeoNetworkingPdu(): Encoding @LibItsGeoNetworking_TypesAndValues.GeoNetworkingPdu: { basicHeader := { version := 0, nextHeader := e_commonHeader (1), reserved := 0, lifeTime := { multiplier := 10, ltBase := e_100s (3) }, routerHopLimit := 1 }, gnPacket := { packet := { commonHeader := { nextHeader := e_any (0), reserved := 0, headerTST := { beaconHdr := { headerType := e_beacon (1), headerSubType := 0 } }, trafficClass := { scf := e_scfEnable (1), channelOffload := e_choffDisabled (0), tcId := 0 }, flags := '00000000'B, plLength := 0, maxHopLimit := 1, reserved2 := 0 }, extendedHeader := { beaconHeader := { srcPosVector := { gnAddr := { typeOfAddress := e_manual (1), stationType := e_passengerCar (5), stationCountryCode := 0, mid := '00000000000C'O }, timestamp := 3918383008, latitude := -60000, longitude := 0, pai := '1'B, speed := 0, heading := 0 } } }, payload := omit }, securedMsg := omit } }
2016/Feb/16 11:08:50.059568 DEBUG LibItsGeoNetworking_Functions.ttcn:1722 f_enc_GeoNetworkingPdu(): Stream after encoding: '0100CA0100100100000001000B0000000000000CE98DC7A08000EA600000000001000000'O
2016/Feb/16 11:08:50.059624 DEBUG LibItsGeoNetworking_Functions.ttcn:1722 TRI_encode(): Encoding @TRI_interface_Types.TRI_mapper_PDU: { msg_id := 2, msg := { sendmsg := { addr := omit, data := { encoded_data := '00000100CA0100100100000001000B0000000000000CE98DC7A08000EA600000000001000000'O } } } }
2016/Feb/16 11:08:50.059693 DEBUG LibItsGeoNetworking_Functions.ttcn:1722 TRI_encode(): Stream after encoding: '7B226D73675F6964223A322C226D7367223A7B2273656E646D7367223A7B2264617461223A7B22656E636F6465645F64617461223A2230303030303130304341303130303130303130303030303030313030304230303030303030303030303030434539384443374130383030304541363030303030303030303031303030303030227D7D7D7D'O ("{\"msg_id\":2,\"msg\":{\"sendmsg\":{\"data\":{\"encoded_data\":\"00000100CA0100100100000001000B0000000000000CE98DC7A08000EA600000000001000000\"}}}}")
2016/Feb/16 11:08:50.059825 TIMEROP LibCommon_Time.ttcn:78 Start timer t: 1 s
2016/Feb/16 11:08:50.059867 WARNING LibCommon_Time.ttcn:80 Warning: An [else] branch of an alt construct has been reached. Re-configuring the snapshot manager to call the event handlers even when taking the first snapshot.
2016/Feb/16 11:08:50.097467 DEBUG LibCommon_Time.ttcn:81 TRI_decode(): Stream before decoding: '7B226D7367223A7B22726573756C74223A7B22726573756C74223A225452495F6F6B227D7D2C226D73675F6964223A327D'O ("{\"msg\":{\"result\":{\"result\":\"TRI_ok\"}},\"msg_id\":2}")
2016/Feb/16 11:08:50.097585 DEBUG LibCommon_Time.ttcn:81 TRI_decode(): Decoded @TRI_interface_Types.TRI_mapper_PDU: { msg_id := 2, msg := { result := { result := TRI_ok (0), result_string := omit } } }
2016/Feb/16 11:08:51.059868 TIMEROP LibCommon_Time.ttcn:80 Timeout t: 1 s
2016/Feb/16 11:08:51.059961 TIMEROP LibCommon_Time.ttcn:64 Start timer t: 0.5 s
2016/Feb/16 11:08:51.060147 MATCHING LibItsGeoNetworking_Functions.ttcn:1185 Timeout operation on timer tc_wait failed: The timer is not started.
2016/Feb/16 11:08:51.060192 MATCHING LibItsGeoNetworking_Functions.ttcn:1189 Timeout operation on timer tc_ac failed: The timer is not started.
2016/Feb/16 11:08:51.060245 MATCHING LibItsGeoNetworking_Functions.ttcn:1185 Timeout operation on timer tc_wait failed: The timer is not started.
2016/Feb/16 11:08:51.060263 MATCHING LibItsGeoNetworking_Functions.ttcn:1189 Timeout operation on timer tc_ac failed: The timer is not started.
2016/Feb/16 11:08:51.559990 TIMEROP LibCommon_Time.ttcn:65 Timeout t: 0.5 s
2016/Feb/16 11:08:51.560271 PORTEVENT LibItsGeoNetworking_Functions.ttcn:1896 Sent on geoNetworkingPort to system @LibItsGeoNetworking_TestSystem.GeoNetworkingReq : { msgOut := { basicHeader := { version := 0, nextHeader := e_commonHeader (1), reserved := 0, lifeTime := { multiplier := 10, ltBase := e_1s (1) }, routerHopLimit := 10 }, gnPacket := { packet := { commonHeader := { nextHeader := e_btpA (1), reserved := 0, headerTST := { geoUnicastHdr := { headerType := e_geoUnicast (2), headerSubType := 0 } }, trafficClass := { scf := e_scfEnable (1), channelOffload := e_choffDisabled (0), tcId := 0 }, flags := '00000000'B, plLength := 0, maxHopLimit := 10, reserved2 := 0 }, extendedHeader := { geoUnicastHeader := { seqNumber := 51818, reserved := 0, srcPosVector := { gnAddr := { typeOfAddress := e_manual (1), stationType := e_passengerCar (5), stationCountryCode := 0, mid := '00000000000C'O }, timestamp := 3918383008, latitude := -60000, longitude := 0, pai := '1'B, speed := 0, heading := 0 }, dstPosVector := { gnAddr := { typeOfAddress := e_manual (1), stationType := e_passengerCar (5), stationCountryCode := 0, mid := '00000000000A'O }, timestamp := 3918383008, latitude := 100000, longitude := 0 } } }, payload := { decodedPayload := { btpPacket := { header := { btpAHeader := { destinationPort := 4000, sourcePort := 5000 } }, payload := { decodedPayload := omit, rawPayload := '44454641554C545F5041594C4F4144'O ("DEFAULT_PAYLOAD") } } }, rawPayload := ''O } }, securedMsg := omit } }, macDestinationAddress := 'FFFFFFFFFFFF'O }
2016/Feb/16 11:08:51.560325 DEBUG LibItsGeoNetworking_Functions.ttcn:1896 f_enc_GeoNetworkingReq(): Encoding @LibItsGeoNetworking_TestSystem.GeoNetworkingReq: { msgOut := { basicHeader := { version := 0, nextHeader := e_commonHeader (1), reserved := 0, lifeTime := { multiplier := 10, ltBase := e_1s (1) }, routerHopLimit := 10 }, gnPacket := { packet := { commonHeader := { nextHeader := e_btpA (1), reserved := 0, headerTST := { geoUnicastHdr := { headerType := e_geoUnicast (2), headerSubType := 0 } }, trafficClass := { scf := e_scfEnable (1), channelOffload := e_choffDisabled (0), tcId := 0 }, flags := '00000000'B, plLength := 0, maxHopLimit := 10, reserved2 := 0 }, extendedHeader := { geoUnicastHeader := { seqNumber := 51818, reserved := 0, srcPosVector := { gnAddr := { typeOfAddress := e_manual (1), stationType := e_passengerCar (5), stationCountryCode := 0, mid := '00000000000C'O }, timestamp := 3918383008, latitude := -60000, longitude := 0, pai := '1'B, speed := 0, heading := 0 }, dstPosVector := { gnAddr := { typeOfAddress := e_manual (1), stationType := e_passengerCar (5), stationCountryCode := 0, mid := '00000000000A'O }, timestamp := 3918383008, latitude := 100000, longitude := 0 } } }, payload := { decodedPayload := { btpPacket := { header := { btpAHeader := { destinationPort := 4000, sourcePort := 5000 } }, payload := { decodedPayload := omit, rawPayload := '44454641554C545F5041594C4F4144'O ("DEFAULT_PAYLOAD") } } }, rawPayload := ''O } }, securedMsg := omit } }, macDestinationAddress := 'FFFFFFFFFFFF'O }
2016/Feb/16 11:08:51.560511 DEBUG LibItsGeoNetworking_Functions.ttcn:1896 f_enc_GeoNetworkingReq(): Stream after encoding: '01004A0A1020010000000A00CA6A00000B0000000000000CE98DC7A08000EA6000000000010000000B0000000000000AE98DC7A0000186A0000000000FA0138844454641554C545F5041594C4F4144FFFFFFFFFFFF'O
2016/Feb/16 11:08:51.560572 DEBUG LibItsGeoNetworking_Functions.ttcn:1896 TRI_encode(): Encoding @TRI_interface_Types.TRI_mapper_PDU: { msg_id := 2, msg := { sendmsg := { addr := omit, data := { encoded_data := '01004A0A1020010000000A00CA6A00000B0000000000000CE98DC7A08000EA6000000000010000000B0000000000000AE98DC7A0000186A0000000000FA0138844454641554C545F5041594C4F4144FFFFFFFFFFFF'O } } } }
2016/Feb/16 11:08:51.560646 DEBUG LibItsGeoNetworking_Functions.ttcn:1896 TRI_encode(): Stream after encoding: '7B226D73675F6964223A322C226D7367223A7B2273656E646D7367223A7B2264617461223A7B22656E636F6465645F64617461223A223031303034413041313032303031303030303030304130304341364130303030304230303030303030303030303030434539384443374130383030304541363030303030303030303031303030303030304230303030303030303030303030414539384443374130303030313836413030303030303030303046413031333838343434353436343135353443353435463530343135393443344634313434464646464646464646464646227D7D7D7D'O ("{\"msg_id\":2,\"msg\":{\"sendmsg\":{\"data\":{\"encoded_data\":\"01004A0A1020010000000A00CA6A00000B0000000000000CE98DC7A08000EA6000000000010000000B0000000000000AE98DC7A0000186A0000000000FA0138844454641554C545F5041594C4F4144FFFFFFFFFFFF\"}}}}")
2016/Feb/16 11:08:51.560799 USER LibCommon_VerdictControl.ttcn:65 f_setVerdictPreamble: This function is deprecated. Use f_setVerdictPreOrPostamble instead. 
2016/Feb/16 11:08:51.560855 PORTEVENT LibCommon_Sync.ttcn:984 Sent on syncPort to mtc @LibCommon_Sync.SyncCmd : { clientReady := { syncPointId := "preambleDone" } }
2016/Feb/16 11:08:51.560891 TIMEROP LibCommon_Sync.ttcn:985 Start timer tc_sync: 10 s
2016/Feb/16 11:08:51.561036 MATCHING LibItsGeoNetworking_Functions.ttcn:1185 Timeout operation on timer tc_wait failed: The timer is not started.
2016/Feb/16 11:08:51.561063 MATCHING LibItsGeoNetworking_Functions.ttcn:1189 Timeout operation on timer tc_ac failed: The timer is not started.
2016/Feb/16 11:08:51.561117 MATCHING LibItsGeoNetworking_Functions.ttcn:1185 Timeout operation on timer tc_wait failed: The timer is not started.
2016/Feb/16 11:08:51.561145 MATCHING LibItsGeoNetworking_Functions.ttcn:1189 Timeout operation on timer tc_ac failed: The timer is not started.
2016/Feb/16 11:08:51.561453 PORTEVENT LibCommon_Sync.ttcn:986 Message enqueued on syncPort from mtc @LibCommon_Sync.SyncCmd : { serverReady := { syncPointId := "preambleDone" } } id 1
2016/Feb/16 11:08:51.561487 MATCHING LibCommon_Sync.ttcn:987 Matching on port syncPort succeeded:  matched
2016/Feb/16 11:08:51.561511 PORTEVENT LibCommon_Sync.ttcn:987 Receive operation on port syncPort succeeded, message from mtc: @LibCommon_Sync.SyncCmd : { serverReady := { syncPointId := "preambleDone" } } id 1
2016/Feb/16 11:08:51.561531 PORTEVENT LibCommon_Sync.ttcn:987 Message with id 1 was extracted from the queue of syncPort.
2016/Feb/16 11:08:51.561550 TIMEROP LibCommon_Sync.ttcn:988 Stop timer tc_sync: 10 s
2016/Feb/16 11:08:51.561571 USER LibCommon_Sync.ttcn:999 **** f_clientSync: Sync client successfully passed PREAMBLE synchronization point. ****
2016/Feb/16 11:08:51.561608 VERDICTOP LibCommon_VerdictControl.ttcn:47 setverdict(pass): none -> pass
2016/Feb/16 11:08:51.561653 PORTEVENT LibCommon_Sync.ttcn:984 Sent on syncPort to mtc @LibCommon_Sync.SyncCmd : { clientReady := { syncPointId := "testBodyDone" } }
2016/Feb/16 11:08:51.561682 TIMEROP LibCommon_Sync.ttcn:985 Start timer tc_sync: 10 s
2016/Feb/16 11:08:51.561779 MATCHING LibItsGeoNetworking_Functions.ttcn:1185 Timeout operation on timer tc_wait failed: The timer is not started.
2016/Feb/16 11:08:51.561803 MATCHING LibItsGeoNetworking_Functions.ttcn:1189 Timeout operation on timer tc_ac failed: The timer is not started.
2016/Feb/16 11:08:51.561855 MATCHING LibItsGeoNetworking_Functions.ttcn:1185 Timeout operation on timer tc_wait failed: The timer is not started.
2016/Feb/16 11:08:51.561876 MATCHING LibItsGeoNetworking_Functions.ttcn:1189 Timeout operation on timer tc_ac failed: The timer is not started.
2016/Feb/16 11:08:51.598483 DEBUG LibCommon_Sync.ttcn:986 TRI_decode(): Stream before decoding: '7B226D7367223A7B22726573756C74223A7B22726573756C74223A225452495F6F6B227D7D2C226D73675F6964223A327D'O ("{\"msg\":{\"result\":{\"result\":\"TRI_ok\"}},\"msg_id\":2}")
2016/Feb/16 11:08:51.598715 DEBUG LibCommon_Sync.ttcn:986 TRI_decode(): Decoded @TRI_interface_Types.TRI_mapper_PDU: { msg_id := 2, msg := { result := { result := TRI_ok (0), result_string := omit } } }
2016/Feb/16 11:08:51.599071 MATCHING LibItsGeoNetworking_Functions.ttcn:1185 Timeout operation on timer tc_wait failed: The timer is not started.
2016/Feb/16 11:08:51.599132 MATCHING LibItsGeoNetworking_Functions.ttcn:1189 Timeout operation on timer tc_ac failed: The timer is not started.
2016/Feb/16 11:08:51.599257 MATCHING LibItsGeoNetworking_Functions.ttcn:1185 Timeout operation on timer tc_wait failed: The timer is not started.
2016/Feb/16 11:08:51.599306 MATCHING LibItsGeoNetworking_Functions.ttcn:1189 Timeout operation on timer tc_ac failed: The timer is not started.
2016/Feb/16 11:09:01.568468 PORTEVENT LibCommon_Sync.ttcn:986 Message enqueued on syncPort from mtc @LibCommon_Sync.SyncCmd : { serverStop := { } } id 2
2016/Feb/16 11:09:01.568623 MATCHING LibCommon_Sync.ttcn:987 Matching on port syncPort { serverStop := { } } with { serverReady := { syncPointId := "testBodyDone" } } unmatched: First message in the queue does not match the template: 
2016/Feb/16 11:09:01.568706 TIMEROP LibCommon_Sync.ttcn:989 Timeout tc_sync: 10 s
2016/Feb/16 11:09:01.568781 USER LibCommon_Sync.ttcn:990 **** f_clientSync: Sync client did not receive message from sync server within the specified time limit - sync client will ask sync server to stop test case! ****
2016/Feb/16 11:09:01.568949 USER LibCommon_Sync.ttcn:1031 **** f_clientSendStop: Sync client requesting from server to stop test case (including itself). ****
2016/Feb/16 11:09:01.569161 PORTEVENT LibCommon_Sync.ttcn:1032 Sent on syncPort to mtc @LibCommon_Sync.SyncCmd : { clientStop := { } }
2016/Feb/16 11:09:01.570720 TIMEROP LibCommon_Sync.ttcn:1033 Start timer tc_sync: 10 s
2016/Feb/16 11:09:01.571069 MATCHING LibItsGeoNetworking_Functions.ttcn:1185 Timeout operation on timer tc_wait failed: The timer is not started.
2016/Feb/16 11:09:01.571132 MATCHING LibItsGeoNetworking_Functions.ttcn:1189 Timeout operation on timer tc_ac failed: The timer is not started.
2016/Feb/16 11:09:01.571183 MATCHING LibCommon_Sync.ttcn:623 Matching on port syncPort succeeded:  matched
2016/Feb/16 11:09:01.571233 PORTEVENT LibCommon_Sync.ttcn:623 Receive operation on port syncPort succeeded, message from mtc: @LibCommon_Sync.SyncCmd : { serverStop := { } } id 2
2016/Feb/16 11:09:01.571285 PORTEVENT LibCommon_Sync.ttcn:623 Message with id 2 was extracted from the queue of syncPort.
2016/Feb/16 11:09:01.571329 TIMEROP LibCommon_Sync.ttcn:624 Stop timer tc_sync: 10 s
2016/Feb/16 11:09:01.571380 USER LibCommon_Sync.ttcn:625 **** a_shutdown: Test component received STOP signal from MTC **** 
2016/Feb/16 11:09:01.571482 USER LibItsGeoNetworking_Functions.ttcn:1194 *** a_default: INFO: TEST COMPONENT NOW STOPPING ITSELF! ***
2016/Feb/16 11:09:01.571571 PARALLEL LibItsGeoNetworking_Functions.ttcn:1195 Stopping test component execution.
2016/Feb/16 11:09:01.572214 PARALLEL - Function f_GEONW_PON_FPB_BV_04_nodeC was stopped. PTC remains alive and is waiting for next start.
2016/Feb/16 11:09:01.694153 DEBUG - TRI_encode(): Encoding @TRI_interface_Types.TRI_mapper_PDU: { msg_id := 2, msg := { unmapped := { } } }
2016/Feb/16 11:09:01.694307 DEBUG - TRI_encode(): Stream after encoding: '7B226D73675F6964223A322C226D7367223A7B22756E6D6170706564223A7B7D7D7D'O ("{\"msg_id\":2,\"msg\":{\"unmapped\":{}}}")
2016/Feb/16 11:09:01.735318 DEBUG - TRI_decode(): Stream before decoding: '7B226D7367223A7B22726573756C74223A7B22726573756C74223A225452495F6F6B227D7D2C226D73675F6964223A327D'O ("{\"msg\":{\"result\":{\"result\":\"TRI_ok\"}},\"msg_id\":2}")
2016/Feb/16 11:09:01.735518 DEBUG - TRI_decode(): Decoded @TRI_interface_Types.TRI_mapper_PDU: { msg_id := 2, msg := { result := { result := TRI_ok (0), result_string := omit } } }
2016/Feb/16 11:09:01.735632 PORTEVENT - Port utPort was unmapped from system:utPort.
2016/Feb/16 11:09:01.736353 DEBUG - TRI_encode(): Encoding @TRI_interface_Types.TRI_mapper_PDU: { msg_id := 3, msg := { unmapped := { } } }
2016/Feb/16 11:09:01.736459 DEBUG - TRI_encode(): Stream after encoding: '7B226D73675F6964223A332C226D7367223A7B22756E6D6170706564223A7B7D7D7D'O ("{\"msg_id\":3,\"msg\":{\"unmapped\":{}}}")
2016/Feb/16 11:09:01.774257 DEBUG - TRI_decode(): Stream before decoding: '7B226D7367223A7B22726573756C74223A7B22726573756C74223A225452495F6F6B227D7D2C226D73675F6964223A337D'O ("{\"msg\":{\"result\":{\"result\":\"TRI_ok\"}},\"msg_id\":3}")
2016/Feb/16 11:09:01.774476 DEBUG - TRI_decode(): Decoded @TRI_interface_Types.TRI_mapper_PDU: { msg_id := 3, msg := { result := { result := TRI_ok (0), result_string := omit } } }
2016/Feb/16 11:09:01.774584 PORTEVENT - Port acPort was unmapped from system:acPort.
2016/Feb/16 11:09:01.775416 DEBUG - TRI_encode(): Encoding @TRI_interface_Types.TRI_mapper_PDU: { msg_id := 3, msg := { unmapped := { } } }
2016/Feb/16 11:09:01.775523 DEBUG - TRI_encode(): Stream after encoding: '7B226D73675F6964223A332C226D7367223A7B22756E6D6170706564223A7B7D7D7D'O ("{\"msg_id\":3,\"msg\":{\"unmapped\":{}}}")
2016/Feb/16 11:09:02.125962 DEBUG - TRI_decode(): Stream before decoding: '7B226D7367223A7B22726573756C74223A7B22726573756C74223A225452495F6F6B227D7D2C226D73675F6964223A337D'O ("{\"msg\":{\"result\":{\"result\":\"TRI_ok\"}},\"msg_id\":3}")
2016/Feb/16 11:09:02.126187 DEBUG - TRI_decode(): Decoded @TRI_interface_Types.TRI_mapper_PDU: { msg_id := 3, msg := { result := { result := TRI_ok (0), result_string := omit } } }
2016/Feb/16 11:09:02.126289 PORTEVENT - Port geoNetworkingPort was unmapped from system:geoNetworkingPort.
2016/Feb/16 11:09:02.126773 PORTEVENT - Terminating the connection of port syncPort to mtc:syncPort. No more messages can be sent through this connection.
2016/Feb/16 11:09:02.126963 PORTEVENT - Port syncPort was disconnected from mtc:syncPort.
2016/Feb/16 11:09:02.287101 PARALLEL - Kill was requested from MC. Terminating idle PTC.
2016/Feb/16 11:09:02.287166 PARALLEL - Terminating component type LibItsGeoNetworking_TestSystem.ItsGeoNetworking.
2016/Feb/16 11:09:02.287207 DEFAULTOP - Default with id 1 (altstep a_default) was deactivated.
2016/Feb/16 11:09:02.287274 DEFAULTOP - Default with id 2 (altstep a_utDefault) was deactivated.
2016/Feb/16 11:09:02.287308 DEFAULTOP - Default with id 3 (altstep a_neighbourDefault) was deactivated.
2016/Feb/16 11:09:02.287344 PORTEVENT - Port syncPort was stopped.
2016/Feb/16 11:09:02.287381 PORTEVENT - Port syncSendPort was stopped.
2016/Feb/16 11:09:02.287420 DEBUG - TRI_encode(): Encoding @TRI_interface_Types.TRI_mapper_PDU: { msg_id := 3, msg := { unregister := { } } }
2016/Feb/16 11:09:02.287522 DEBUG - TRI_encode(): Stream after encoding: '7B226D73675F6964223A332C226D7367223A7B22756E7265676973746572223A7B7D7D7D'O ("{\"msg_id\":3,\"msg\":{\"unregister\":{}}}")
2016/Feb/16 11:09:02.325737 DEBUG - TRI_decode(): Stream before decoding: '7B226D7367223A7B22726573756C74223A7B22726573756C74223A225452495F6F6B227D7D2C226D73675F6964223A337D'O ("{\"msg\":{\"result\":{\"result\":\"TRI_ok\"}},\"msg_id\":3}")
2016/Feb/16 11:09:02.325874 DEBUG - TRI_decode(): Decoded @TRI_interface_Types.TRI_mapper_PDU: { msg_id := 3, msg := { result := { result := TRI_ok (0), result_string := omit } } }
2016/Feb/16 11:09:02.325949 PORTEVENT - Port utPort was stopped.
2016/Feb/16 11:09:02.325980 DEBUG - TRI_encode(): Encoding @TRI_interface_Types.TRI_mapper_PDU: { msg_id := 4, msg := { unregister := { } } }
2016/Feb/16 11:09:02.326037 DEBUG - TRI_encode(): Stream after encoding: '7B226D73675F6964223A342C226D7367223A7B22756E7265676973746572223A7B7D7D7D'O ("{\"msg_id\":4,\"msg\":{\"unregister\":{}}}")
2016/Feb/16 11:09:02.366566 DEBUG - TRI_decode(): Stream before decoding: '7B226D7367223A7B22726573756C74223A7B22726573756C74223A225452495F6F6B227D7D2C226D73675F6964223A347D'O ("{\"msg\":{\"result\":{\"result\":\"TRI_ok\"}},\"msg_id\":4}")
2016/Feb/16 11:09:02.366704 DEBUG - TRI_decode(): Decoded @TRI_interface_Types.TRI_mapper_PDU: { msg_id := 4, msg := { result := { result := TRI_ok (0), result_string := omit } } }
2016/Feb/16 11:09:02.366825 PORTEVENT - Port acPort was stopped.
2016/Feb/16 11:09:02.366871 DEBUG - TRI_encode(): Encoding @TRI_interface_Types.TRI_mapper_PDU: { msg_id := 4, msg := { unregister := { } } }
2016/Feb/16 11:09:02.366956 DEBUG - TRI_encode(): Stream after encoding: '7B226D73675F6964223A342C226D7367223A7B22756E7265676973746572223A7B7D7D7D'O ("{\"msg_id\":4,\"msg\":{\"unregister\":{}}}")
2016/Feb/16 11:09:02.369001 DEBUG - TRI_decode(): Stream before decoding: '7B226D7367223A7B22726573756C74223A7B22726573756C74223A225452495F6F6B227D7D2C226D73675F6964223A347D'O ("{\"msg\":{\"result\":{\"result\":\"TRI_ok\"}},\"msg_id\":4}")
2016/Feb/16 11:09:02.369147 DEBUG - TRI_decode(): Decoded @TRI_interface_Types.TRI_mapper_PDU: { msg_id := 4, msg := { result := { result := TRI_ok (0), result_string := omit } } }
2016/Feb/16 11:09:02.369405 PORTEVENT - Port geoNetworkingPort was stopped.
2016/Feb/16 11:09:02.369426 PARALLEL - Component type LibItsGeoNetworking_TestSystem.ItsGeoNetworking was shut down inside testcase TC_GEONW_PON_FPB_BV_04.
2016/Feb/16 11:09:02.369461 VERDICTOP - Final verdict of PTC: pass
2016/Feb/16 11:09:02.369711 EXECUTOR - Disconnected from MC.
2016/Feb/16 11:09:02.369732 EXECUTOR - TTCN-3 Parallel Test Component finished.
