2016/Feb/16 11:16:05.489619 EXECUTOR - TTCN-3 Parallel Test Component started on aitorkun-HP-EliteBook-2530p. Component reference: NodeB(96), component type: LibItsGeoNetworking_TestSystem.ItsGeoNetworking, component name: NodeB. Version: CRL 113 200/5 R4A.
2016/Feb/16 11:16:05.489689 EXECUTOR - TTCN Logger v2.2 options: TimeStampFormat:=DateTime; LogEntityName:=No; LogEventTypes:=Yes; SourceInfoFormat:=Single; *.FileMask:=LOG_ALL | MATCHING | DEBUG; *.ConsoleMask:=ERROR | TESTCASE | STATISTICS | USER | VERDICTOP | WARNING | DEBUG; LogFileSize:=0; LogFileNumber:=1; DiskFullAction:=Error
2016/Feb/16 11:16:05.489781 EXECUTOR - Connected to MC.
2016/Feb/16 11:16:05.489836 PARALLEL - Initializing variables, timers and ports of component type LibItsGeoNetworking_TestSystem.ItsGeoNetworking inside testcase TC_GEONW_PON_GAC_BV_04.
2016/Feb/16 11:16:05.490040 WARNING - Warning: Test port parameter TRI_mapper_address is not supported on port syncPort.
2016/Feb/16 11:16:05.490227 WARNING - Warning: Test port parameter TRI_mapper_address is not supported on port syncSendPort.
2016/Feb/16 11:16:05.490426 WARNING - Warning: Test port parameter TRI_mapper_port is not supported on port syncPort.
2016/Feb/16 11:16:05.490609 WARNING - Warning: Test port parameter TRI_mapper_port is not supported on port syncSendPort.
2016/Feb/16 11:16:05.491759 PORTEVENT - Port syncPort was started.
2016/Feb/16 11:16:05.491793 PORTEVENT - Port syncSendPort was started.
2016/Feb/16 11:16:05.491973 DEBUG - TRI_encode(): Encoding @TRI_interface_Types.TRI_mapper_PDU: { msg_id := 0, msg := { reg := { portid := { portName := "utPort", portTypeName := "GeoNetworkingPort", component_ := { componentId := '00000060'O, componentName := "NodeB", componentTypeName := "N/A" }, portindex := omit }, type_list := omit } } }
2016/Feb/16 11:16:05.492201 DEBUG - TRI_encode(): Stream after encoding: '7B226D73675F6964223A302C226D7367223A7B22726567223A7B22706F72746964223A7B22706F72744E616D65223A227574506F7274222C22706F7274547970654E616D65223A2247656F4E6574776F726B696E67506F7274222C22636F6D706F6E656E745F223A7B22636F6D706F6E656E744964223A223030303030303630222C22636F6D706F6E656E744E616D65223A224E6F646542222C22636F6D706F6E656E74547970654E616D65223A224E2F41227D7D7D7D7D'O ("{\"msg_id\":0,\"msg\":{\"reg\":{\"portid\":{\"portName\":\"utPort\",\"portTypeName\":\"GeoNetworkingPort\",\"component_\":{\"componentId\":\"00000060\",\"componentName\":\"NodeB\",\"componentTypeName\":\"N/A\"}}}}}")
2016/Feb/16 11:16:05.494824 DEBUG - TRI_decode(): Stream before decoding: '7B226D7367223A7B22726573756C74223A7B22726573756C74223A225452495F6F6B227D7D2C226D73675F6964223A307D'O ("{\"msg\":{\"result\":{\"result\":\"TRI_ok\"}},\"msg_id\":0}")
2016/Feb/16 11:16:05.495062 DEBUG - TRI_decode(): Decoded @TRI_interface_Types.TRI_mapper_PDU: { msg_id := 0, msg := { result := { result := TRI_ok (0), result_string := omit } } }
2016/Feb/16 11:16:05.495252 PORTEVENT - Port utPort was started.
2016/Feb/16 11:16:05.495352 DEBUG - TRI_encode(): Encoding @TRI_interface_Types.TRI_mapper_PDU: { msg_id := 0, msg := { reg := { portid := { portName := "acPort", portTypeName := "<port type name>", component_ := { componentId := '00000060'O, componentName := "NodeB", componentTypeName := "N/A" }, portindex := omit }, type_list := omit } } }
2016/Feb/16 11:16:05.495587 DEBUG - TRI_encode(): Stream after encoding: '7B226D73675F6964223A302C226D7367223A7B22726567223A7B22706F72746964223A7B22706F72744E616D65223A226163506F7274222C22706F7274547970654E616D65223A223C706F72742074797065206E616D653E222C22636F6D706F6E656E745F223A7B22636F6D706F6E656E744964223A223030303030303630222C22636F6D706F6E656E744E616D65223A224E6F646542222C22636F6D706F6E656E74547970654E616D65223A224E2F41227D7D7D7D7D'O ("{\"msg_id\":0,\"msg\":{\"reg\":{\"portid\":{\"portName\":\"acPort\",\"portTypeName\":\"<port type name>\",\"component_\":{\"componentId\":\"00000060\",\"componentName\":\"NodeB\",\"componentTypeName\":\"N/A\"}}}}}")
2016/Feb/16 11:16:05.500509 ERROR - Dynamic test case error: TRI_Mapper connection lost 104 Connection reset by peer (Connection reset by peer)
2016/Feb/16 11:16:05.501172 VERDICTOP - setverdict(error): none -> error
2016/Feb/16 11:16:05.502547 EXECUTOR - Performing error recovery.
2016/Feb/16 11:16:05.502748 EXECUTOR - Component type initialization failed. PTC terminates.
2016/Feb/16 11:16:05.502771 PARALLEL - Terminating component type LibItsGeoNetworking_TestSystem.ItsGeoNetworking.
2016/Feb/16 11:16:05.502790 PORTEVENT - Port syncPort was stopped.
2016/Feb/16 11:16:05.502807 PORTEVENT - Port syncSendPort was stopped.
2016/Feb/16 11:16:05.502823 DEBUG - TRI_encode(): Encoding @TRI_interface_Types.TRI_mapper_PDU: { msg_id := 1, msg := { unregister := { } } }
2016/Feb/16 11:16:05.502874 DEBUG - TRI_encode(): Stream after encoding: '7B226D73675F6964223A312C226D7367223A7B22756E7265676973746572223A7B7D7D7D'O ("{\"msg_id\":1,\"msg\":{\"unregister\":{}}}")
2016/Feb/16 11:16:05.541439 DEBUG - TRI_decode(): Stream before decoding: '7B226D7367223A7B22726573756C74223A7B22726573756C74223A225452495F6F6B227D7D2C226D73675F6964223A317D'O ("{\"msg\":{\"result\":{\"result\":\"TRI_ok\"}},\"msg_id\":1}")
2016/Feb/16 11:16:05.541552 DEBUG - TRI_decode(): Decoded @TRI_interface_Types.TRI_mapper_PDU: { msg_id := 1, msg := { result := { result := TRI_ok (0), result_string := omit } } }
2016/Feb/16 11:16:05.541632 PORTEVENT - Port utPort was stopped.
2016/Feb/16 11:16:05.541661 PARALLEL - Component type LibItsGeoNetworking_TestSystem.ItsGeoNetworking was shut down inside testcase TC_GEONW_PON_GAC_BV_04.
2016/Feb/16 11:16:05.541701 VERDICTOP - Final verdict of PTC: error
2016/Feb/16 11:16:05.541891 EXECUTOR - Disconnected from MC.
2016/Feb/16 11:16:05.541912 EXECUTOR - TTCN-3 Parallel Test Component finished.
