2016/Feb/16 11:16:07.985610 EXECUTOR - TTCN-3 Parallel Test Component started on aitorkun-HP-EliteBook-2530p. Component reference: NodeC(107), component type: LibItsGeoNetworking_TestSystem.ItsGeoNetworking, component name: NodeC. Version: CRL 113 200/5 R4A.
2016/Feb/16 11:16:07.986659 EXECUTOR - TTCN Logger v2.2 options: TimeStampFormat:=DateTime; LogEntityName:=No; LogEventTypes:=Yes; SourceInfoFormat:=Single; *.FileMask:=LOG_ALL | MATCHING | DEBUG; *.ConsoleMask:=ERROR | TESTCASE | STATISTICS | USER | VERDICTOP | WARNING | DEBUG; LogFileSize:=0; LogFileNumber:=1; DiskFullAction:=Error
2016/Feb/16 11:16:07.986816 EXECUTOR - Connected to MC.
2016/Feb/16 11:16:07.986895 PARALLEL - Initializing variables, timers and ports of component type LibItsGeoNetworking_TestSystem.ItsGeoNetworking inside testcase TC_GEONW_PON_GAC_BO_11.
2016/Feb/16 11:16:07.989719 WARNING - Warning: Test port parameter TRI_mapper_address is not supported on port syncPort.
2016/Feb/16 11:16:07.989907 WARNING - Warning: Test port parameter TRI_mapper_address is not supported on port syncSendPort.
2016/Feb/16 11:16:07.990094 WARNING - Warning: Test port parameter TRI_mapper_port is not supported on port syncPort.
2016/Feb/16 11:16:07.990260 WARNING - Warning: Test port parameter TRI_mapper_port is not supported on port syncSendPort.
2016/Feb/16 11:16:07.990432 PORTEVENT - Port syncPort was started.
2016/Feb/16 11:16:07.990470 PORTEVENT - Port syncSendPort was started.
2016/Feb/16 11:16:07.990629 DEBUG - TRI_encode(): Encoding @TRI_interface_Types.TRI_mapper_PDU: { msg_id := 0, msg := { reg := { portid := { portName := "utPort", portTypeName := "GeoNetworkingPort", component_ := { componentId := '0000006B'O, componentName := "NodeC", componentTypeName := "N/A" }, portindex := omit }, type_list := omit } } }
2016/Feb/16 11:16:07.990860 DEBUG - TRI_encode(): Stream after encoding: '7B226D73675F6964223A302C226D7367223A7B22726567223A7B22706F72746964223A7B22706F72744E616D65223A227574506F7274222C22706F7274547970654E616D65223A2247656F4E6574776F726B696E67506F7274222C22636F6D706F6E656E745F223A7B22636F6D706F6E656E744964223A223030303030303642222C22636F6D706F6E656E744E616D65223A224E6F646543222C22636F6D706F6E656E74547970654E616D65223A224E2F41227D7D7D7D7D'O ("{\"msg_id\":0,\"msg\":{\"reg\":{\"portid\":{\"portName\":\"utPort\",\"portTypeName\":\"GeoNetworkingPort\",\"component_\":{\"componentId\":\"0000006B\",\"componentName\":\"NodeC\",\"componentTypeName\":\"N/A\"}}}}}")
2016/Feb/16 11:16:07.991296 ERROR - Dynamic test case error: TRI_send: can not send 104 Connection reset by peer (Connection reset by peer)
2016/Feb/16 11:16:07.991495 VERDICTOP - setverdict(error): none -> error
2016/Feb/16 11:16:07.991668 EXECUTOR - Performing error recovery.
2016/Feb/16 11:16:07.991868 EXECUTOR - Component type initialization failed. PTC terminates.
2016/Feb/16 11:16:07.991890 PARALLEL - Terminating component type LibItsGeoNetworking_TestSystem.ItsGeoNetworking.
2016/Feb/16 11:16:07.994125 PORTEVENT - Port syncPort was stopped.
2016/Feb/16 11:16:07.994150 PORTEVENT - Port syncSendPort was stopped.
2016/Feb/16 11:16:07.994177 PARALLEL - Component type LibItsGeoNetworking_TestSystem.ItsGeoNetworking was shut down inside testcase TC_GEONW_PON_GAC_BO_11.
2016/Feb/16 11:16:07.994242 VERDICTOP - Final verdict of PTC: error
2016/Feb/16 11:16:07.994486 EXECUTOR - Disconnected from MC.
2016/Feb/16 11:16:07.994506 EXECUTOR - TTCN-3 Parallel Test Component finished.
