2016/Feb/16 11:08:22.506177 EXECUTOR - TTCN-3 Parallel Test Component started on aitorkun-HP-EliteBook-2530p. Component reference: NodeC(8), component type: LibItsGeoNetworking_TestSystem.ItsGeoNetworking, component name: NodeC. Version: CRL 113 200/5 R4A.
2016/Feb/16 11:08:22.506248 EXECUTOR - TTCN Logger v2.2 options: TimeStampFormat:=DateTime; LogEntityName:=No; LogEventTypes:=Yes; SourceInfoFormat:=Single; *.FileMask:=LOG_ALL | MATCHING | DEBUG; *.ConsoleMask:=ERROR | TESTCASE | STATISTICS | USER | VERDICTOP | WARNING | DEBUG; LogFileSize:=0; LogFileNumber:=1; DiskFullAction:=Error
2016/Feb/16 11:08:22.506894 EXECUTOR - Connected to MC.
2016/Feb/16 11:08:22.506946 PARALLEL - Initializing variables, timers and ports of component type LibItsGeoNetworking_TestSystem.ItsGeoNetworking inside testcase TC_GEONW_PON_LOS_BV_10.
2016/Feb/16 11:08:22.507131 WARNING - Warning: Test port parameter TRI_mapper_address is not supported on port syncPort.
2016/Feb/16 11:08:22.507168 WARNING - Warning: Test port parameter TRI_mapper_address is not supported on port syncSendPort.
2016/Feb/16 11:08:22.507220 WARNING - Warning: Test port parameter TRI_mapper_port is not supported on port syncPort.
2016/Feb/16 11:08:22.507253 WARNING - Warning: Test port parameter TRI_mapper_port is not supported on port syncSendPort.
2016/Feb/16 11:08:22.507285 PORTEVENT - Port syncPort was started.
2016/Feb/16 11:08:22.507316 PORTEVENT - Port syncSendPort was started.
2016/Feb/16 11:08:22.508156 DEBUG - TRI_encode(): Encoding @TRI_interface_Types.TRI_mapper_PDU: { msg_id := 0, msg := { reg := { portid := { portName := "utPort", portTypeName := "GeoNetworkingPort", component_ := { componentId := '00000008'O, componentName := "NodeC", componentTypeName := "N/A" }, portindex := omit }, type_list := omit } } }
2016/Feb/16 11:08:22.509055 DEBUG - TRI_encode(): Stream after encoding: '7B226D73675F6964223A302C226D7367223A7B22726567223A7B22706F72746964223A7B22706F72744E616D65223A227574506F7274222C22706F7274547970654E616D65223A2247656F4E6574776F726B696E67506F7274222C22636F6D706F6E656E745F223A7B22636F6D706F6E656E744964223A223030303030303038222C22636F6D706F6E656E744E616D65223A224E6F646543222C22636F6D706F6E656E74547970654E616D65223A224E2F41227D7D7D7D7D'O ("{\"msg_id\":0,\"msg\":{\"reg\":{\"portid\":{\"portName\":\"utPort\",\"portTypeName\":\"GeoNetworkingPort\",\"component_\":{\"componentId\":\"00000008\",\"componentName\":\"NodeC\",\"componentTypeName\":\"N/A\"}}}}}")
2016/Feb/16 11:08:22.510246 DEBUG - TRI_decode(): Stream before decoding: '7B226D7367223A7B22726573756C74223A7B22726573756C74223A225452495F6F6B227D7D2C226D73675F6964223A307D'O ("{\"msg\":{\"result\":{\"result\":\"TRI_ok\"}},\"msg_id\":0}")
2016/Feb/16 11:08:22.510337 DEBUG - TRI_decode(): Decoded @TRI_interface_Types.TRI_mapper_PDU: { msg_id := 0, msg := { result := { result := TRI_ok (0), result_string := omit } } }
2016/Feb/16 11:08:22.510381 PORTEVENT - Port utPort was started.
2016/Feb/16 11:08:22.510475 DEBUG - TRI_encode(): Encoding @TRI_interface_Types.TRI_mapper_PDU: { msg_id := 0, msg := { reg := { portid := { portName := "acPort", portTypeName := "<port type name>", component_ := { componentId := '00000008'O, componentName := "NodeC", componentTypeName := "N/A" }, portindex := omit }, type_list := omit } } }
2016/Feb/16 11:08:22.510543 DEBUG - TRI_encode(): Stream after encoding: '7B226D73675F6964223A302C226D7367223A7B22726567223A7B22706F72746964223A7B22706F72744E616D65223A226163506F7274222C22706F7274547970654E616D65223A223C706F72742074797065206E616D653E222C22636F6D706F6E656E745F223A7B22636F6D706F6E656E744964223A223030303030303038222C22636F6D706F6E656E744E616D65223A224E6F646543222C22636F6D706F6E656E74547970654E616D65223A224E2F41227D7D7D7D7D'O ("{\"msg_id\":0,\"msg\":{\"reg\":{\"portid\":{\"portName\":\"acPort\",\"portTypeName\":\"<port type name>\",\"component_\":{\"componentId\":\"00000008\",\"componentName\":\"NodeC\",\"componentTypeName\":\"N/A\"}}}}}")
2016/Feb/16 11:08:22.510746 ERROR - Dynamic test case error: TRI_Mapper connection lost 104 Connection reset by peer (Connection reset by peer)
2016/Feb/16 11:08:22.510800 VERDICTOP - setverdict(error): none -> error
2016/Feb/16 11:08:22.510845 EXECUTOR - Performing error recovery.
2016/Feb/16 11:08:22.511038 EXECUTOR - Component type initialization failed. PTC terminates.
2016/Feb/16 11:08:22.511060 PARALLEL - Terminating component type LibItsGeoNetworking_TestSystem.ItsGeoNetworking.
2016/Feb/16 11:08:22.511080 PORTEVENT - Port syncPort was stopped.
2016/Feb/16 11:08:22.511096 PORTEVENT - Port syncSendPort was stopped.
2016/Feb/16 11:08:22.511112 DEBUG - TRI_encode(): Encoding @TRI_interface_Types.TRI_mapper_PDU: { msg_id := 1, msg := { unregister := { } } }
2016/Feb/16 11:08:22.511160 DEBUG - TRI_encode(): Stream after encoding: '7B226D73675F6964223A312C226D7367223A7B22756E7265676973746572223A7B7D7D7D'O ("{\"msg_id\":1,\"msg\":{\"unregister\":{}}}")
2016/Feb/16 11:08:22.549329 DEBUG - TRI_decode(): Stream before decoding: '7B226D7367223A7B22726573756C74223A7B22726573756C74223A225452495F6F6B227D7D2C226D73675F6964223A317D'O ("{\"msg\":{\"result\":{\"result\":\"TRI_ok\"}},\"msg_id\":1}")
2016/Feb/16 11:08:22.549463 DEBUG - TRI_decode(): Decoded @TRI_interface_Types.TRI_mapper_PDU: { msg_id := 1, msg := { result := { result := TRI_ok (0), result_string := omit } } }
2016/Feb/16 11:08:22.549552 PORTEVENT - Port utPort was stopped.
2016/Feb/16 11:08:22.549585 PARALLEL - Component type LibItsGeoNetworking_TestSystem.ItsGeoNetworking was shut down inside testcase TC_GEONW_PON_LOS_BV_10.
2016/Feb/16 11:08:22.549630 VERDICTOP - Final verdict of PTC: error
2016/Feb/16 11:08:22.549820 EXECUTOR - Disconnected from MC.
2016/Feb/16 11:08:22.549844 EXECUTOR - TTCN-3 Parallel Test Component finished.
